[config] Loaded .env from: C:\Users\tmoscaliuc\Downloads\script\threat-investigator\threat-intel\backend\.env
[config] Settings loaded — VT key: SET
2026-02-28 17:40:04,457 INFO sqlalchemy.engine.Engine select pg_catalog.version()
2026-02-28 17:40:04,460 INFO sqlalchemy.engine.Engine [raw sql] ()
2026-02-28 17:40:04,466 INFO sqlalchemy.engine.Engine select current_schema()
2026-02-28 17:40:04,468 INFO sqlalchemy.engine.Engine [raw sql] ()
2026-02-28 17:40:04,472 INFO sqlalchemy.engine.Engine show standard_conforming_strings
2026-02-28 17:40:04,475 INFO sqlalchemy.engine.Engine [raw sql] ()
2026-02-28 17:40:04,478 INFO sqlalchemy.engine.Engine BEGIN (implicit)
2026-02-28 17:40:04,483 INFO sqlalchemy.engine.Engine SELECT pg_catalog.pg_class.relname 
FROM pg_catalog.pg_class JOIN pg_catalog.pg_namespace ON pg_catalog.pg_namespace.oid = pg_catalog.pg_class.relnamespace 
WHERE pg_catalog.pg_class.relname = $1::VARCHAR AND pg_catalog.pg_class.relkind = ANY (ARRAY[$2::VARCHAR, $3::VARCHAR, $4::VARCHAR, $5::VARCHAR, $6::VARCHAR]) AND pg_catalog.pg_table_is_visible(pg_catalog.pg_class.oid) AND pg_catalog.pg_namespace.nspname != $7::VARCHAR
2026-02-28 17:40:04,484 INFO sqlalchemy.engine.Engine [generated in 0.00103s] ('batches', 'r', 'p', 'f', 'v', 'm', 'pg_catalog')
2026-02-28 17:40:04,493 INFO sqlalchemy.engine.Engine SELECT pg_catalog.pg_class.relname 
FROM pg_catalog.pg_class JOIN pg_catalog.pg_namespace ON pg_catalog.pg_namespace.oid = pg_catalog.pg_class.relnamespace 
WHERE pg_catalog.pg_class.relname = $1::VARCHAR AND pg_catalog.pg_class.relkind = ANY (ARRAY[$2::VARCHAR, $3::VARCHAR, $4::VARCHAR, $5::VARCHAR, $6::VARCHAR]) AND pg_catalog.pg_table_is_visible(pg_catalog.pg_class.oid) AND pg_catalog.pg_namespace.nspname != $7::VARCHAR
2026-02-28 17:40:04,495 INFO sqlalchemy.engine.Engine [cached since 0.01148s ago] ('investigations', 'r', 'p', 'f', 'v', 'm', 'pg_catalog')
2026-02-28 17:40:04,496 INFO sqlalchemy.engine.Engine SELECT pg_catalog.pg_class.relname 
FROM pg_catalog.pg_class JOIN pg_catalog.pg_namespace ON pg_catalog.pg_namespace.oid = pg_catalog.pg_class.relnamespace 
WHERE pg_catalog.pg_class.relname = $1::VARCHAR AND pg_catalog.pg_class.relkind = ANY (ARRAY[$2::VARCHAR, $3::VARCHAR, $4::VARCHAR, $5::VARCHAR, $6::VARCHAR]) AND pg_catalog.pg_table_is_visible(pg_catalog.pg_class.oid) AND pg_catalog.pg_namespace.nspname != $7::VARCHAR
2026-02-28 17:40:04,497 INFO sqlalchemy.engine.Engine [cached since 0.01439s ago] ('collector_results', 'r', 'p', 'f', 'v', 'm', 'pg_catalog')
2026-02-28 17:40:04,500 INFO sqlalchemy.engine.Engine SELECT pg_catalog.pg_class.relname 
FROM pg_catalog.pg_class JOIN pg_catalog.pg_namespace ON pg_catalog.pg_namespace.oid = pg_catalog.pg_class.relnamespace 
WHERE pg_catalog.pg_class.relname = $1::VARCHAR AND pg_catalog.pg_class.relkind = ANY (ARRAY[$2::VARCHAR, $3::VARCHAR, $4::VARCHAR, $5::VARCHAR, $6::VARCHAR]) AND pg_catalog.pg_table_is_visible(pg_catalog.pg_class.oid) AND pg_catalog.pg_namespace.nspname != $7::VARCHAR
2026-02-28 17:40:04,500 INFO sqlalchemy.engine.Engine [cached since 0.0173s ago] ('evidence', 'r', 'p', 'f', 'v', 'm', 'pg_catalog')
2026-02-28 17:40:04,502 INFO sqlalchemy.engine.Engine SELECT pg_catalog.pg_class.relname 
FROM pg_catalog.pg_class JOIN pg_catalog.pg_namespace ON pg_catalog.pg_namespace.oid = pg_catalog.pg_class.relnamespace 
WHERE pg_catalog.pg_class.relname = $1::VARCHAR AND pg_catalog.pg_class.relkind = ANY (ARRAY[$2::VARCHAR, $3::VARCHAR, $4::VARCHAR, $5::VARCHAR, $6::VARCHAR]) AND pg_catalog.pg_table_is_visible(pg_catalog.pg_class.oid) AND pg_catalog.pg_namespace.nspname != $7::VARCHAR
2026-02-28 17:40:04,503 INFO sqlalchemy.engine.Engine [cached since 0.02024s ago] ('reports', 'r', 'p', 'f', 'v', 'm', 'pg_catalog')
2026-02-28 17:40:04,505 INFO sqlalchemy.engine.Engine SELECT pg_catalog.pg_class.relname 
FROM pg_catalog.pg_class JOIN pg_catalog.pg_namespace ON pg_catalog.pg_namespace.oid = pg_catalog.pg_class.relnamespace 
WHERE pg_catalog.pg_class.relname = $1::VARCHAR AND pg_catalog.pg_class.relkind = ANY (ARRAY[$2::VARCHAR, $3::VARCHAR, $4::VARCHAR, $5::VARCHAR, $6::VARCHAR]) AND pg_catalog.pg_table_is_visible(pg_catalog.pg_class.oid) AND pg_catalog.pg_namespace.nspname != $7::VARCHAR
2026-02-28 17:40:04,506 INFO sqlalchemy.engine.Engine [cached since 0.02322s ago] ('artifacts', 'r', 'p', 'f', 'v', 'm', 'pg_catalog')
2026-02-28 17:40:04,508 INFO sqlalchemy.engine.Engine SELECT pg_catalog.pg_class.relname 
FROM pg_catalog.pg_class JOIN pg_catalog.pg_namespace ON pg_catalog.pg_namespace.oid = pg_catalog.pg_class.relnamespace 
WHERE pg_catalog.pg_class.relname = $1::VARCHAR AND pg_catalog.pg_class.relkind = ANY (ARRAY[$2::VARCHAR, $3::VARCHAR, $4::VARCHAR, $5::VARCHAR, $6::VARCHAR]) AND pg_catalog.pg_table_is_visible(pg_catalog.pg_class.oid) AND pg_catalog.pg_namespace.nspname != $7::VARCHAR
2026-02-28 17:40:04,509 INFO sqlalchemy.engine.Engine [cached since 0.0255s ago] ('iocs', 'r', 'p', 'f', 'v', 'm', 'pg_catalog')
2026-02-28 17:40:04,510 INFO sqlalchemy.engine.Engine SELECT pg_catalog.pg_class.relname 
FROM pg_catalog.pg_class JOIN pg_catalog.pg_namespace ON pg_catalog.pg_namespace.oid = pg_catalog.pg_class.relnamespace 
WHERE pg_catalog.pg_class.relname = $1::VARCHAR AND pg_catalog.pg_class.relkind = ANY (ARRAY[$2::VARCHAR, $3::VARCHAR, $4::VARCHAR, $5::VARCHAR, $6::VARCHAR]) AND pg_catalog.pg_table_is_visible(pg_catalog.pg_class.oid) AND pg_catalog.pg_namespace.nspname != $7::VARCHAR
2026-02-28 17:40:04,511 INFO sqlalchemy.engine.Engine [cached since 0.02727s ago] ('watchlist', 'r', 'p', 'f', 'v', 'm', 'pg_catalog')
2026-02-28 17:40:04,512 INFO sqlalchemy.engine.Engine SELECT pg_catalog.pg_class.relname 
FROM pg_catalog.pg_class JOIN pg_catalog.pg_namespace ON pg_catalog.pg_namespace.oid = pg_catalog.pg_class.relnamespace 
WHERE pg_catalog.pg_class.relname = $1::VARCHAR AND pg_catalog.pg_class.relkind = ANY (ARRAY[$2::VARCHAR, $3::VARCHAR, $4::VARCHAR, $5::VARCHAR, $6::VARCHAR]) AND pg_catalog.pg_table_is_visible(pg_catalog.pg_class.oid) AND pg_catalog.pg_namespace.nspname != $7::VARCHAR
2026-02-28 17:40:04,512 INFO sqlalchemy.engine.Engine [cached since 0.02886s ago] ('watchlist_alerts', 'r', 'p', 'f', 'v', 'm', 'pg_catalog')
2026-02-28 17:40:04,513 INFO sqlalchemy.engine.Engine SELECT pg_catalog.pg_class.relname 
FROM pg_catalog.pg_class JOIN pg_catalog.pg_namespace ON pg_catalog.pg_namespace.oid = pg_catalog.pg_class.relnamespace 
WHERE pg_catalog.pg_class.relname = $1::VARCHAR AND pg_catalog.pg_class.relkind = ANY (ARRAY[$2::VARCHAR, $3::VARCHAR, $4::VARCHAR, $5::VARCHAR, $6::VARCHAR]) AND pg_catalog.pg_table_is_visible(pg_catalog.pg_class.oid) AND pg_catalog.pg_namespace.nspname != $7::VARCHAR
2026-02-28 17:40:04,514 INFO sqlalchemy.engine.Engine [cached since 0.03089s ago] ('clients', 'r', 'p', 'f', 'v', 'm', 'pg_catalog')
2026-02-28 17:40:04,515 INFO sqlalchemy.engine.Engine SELECT pg_catalog.pg_class.relname 
FROM pg_catalog.pg_class JOIN pg_catalog.pg_namespace ON pg_catalog.pg_namespace.oid = pg_catalog.pg_class.relnamespace 
WHERE pg_catalog.pg_class.relname = $1::VARCHAR AND pg_catalog.pg_class.relkind = ANY (ARRAY[$2::VARCHAR, $3::VARCHAR, $4::VARCHAR, $5::VARCHAR, $6::VARCHAR]) AND pg_catalog.pg_table_is_visible(pg_catalog.pg_class.oid) AND pg_catalog.pg_namespace.nspname != $7::VARCHAR
2026-02-28 17:40:04,516 INFO sqlalchemy.engine.Engine [cached since 0.03291s ago] ('client_alerts', 'r', 'p', 'f', 'v', 'm', 'pg_catalog')
2026-02-28 17:40:04,517 INFO sqlalchemy.engine.Engine SELECT pg_catalog.pg_class.relname 
FROM pg_catalog.pg_class JOIN pg_catalog.pg_namespace ON pg_catalog.pg_namespace.oid = pg_catalog.pg_class.relnamespace 
WHERE pg_catalog.pg_class.relname = $1::VARCHAR AND pg_catalog.pg_class.relkind = ANY (ARRAY[$2::VARCHAR, $3::VARCHAR, $4::VARCHAR, $5::VARCHAR, $6::VARCHAR]) AND pg_catalog.pg_table_is_visible(pg_catalog.pg_class.oid) AND pg_catalog.pg_namespace.nspname != $7::VARCHAR
2026-02-28 17:40:04,518 INFO sqlalchemy.engine.Engine [cached since 0.03481s ago] ('whois_history', 'r', 'p', 'f', 'v', 'm', 'pg_catalog')
2026-02-28 17:40:04,519 INFO sqlalchemy.engine.Engine SELECT pg_catalog.pg_class.relname 
FROM pg_catalog.pg_class JOIN pg_catalog.pg_namespace ON pg_catalog.pg_namespace.oid = pg_catalog.pg_class.relnamespace 
WHERE pg_catalog.pg_class.relname = $1::VARCHAR AND pg_catalog.pg_class.relkind = ANY (ARRAY[$2::VARCHAR, $3::VARCHAR, $4::VARCHAR, $5::VARCHAR, $6::VARCHAR]) AND pg_catalog.pg_table_is_visible(pg_catalog.pg_class.oid) AND pg_catalog.pg_namespace.nspname != $7::VARCHAR
2026-02-28 17:40:04,520 INFO sqlalchemy.engine.Engine [cached since 0.03703s ago] ('ip_lookups', 'r', 'p', 'f', 'v', 'm', 'pg_catalog')
2026-02-28 17:40:04,521 INFO sqlalchemy.engine.Engine SELECT pg_catalog.pg_class.relname 
FROM pg_catalog.pg_class JOIN pg_catalog.pg_namespace ON pg_catalog.pg_namespace.oid = pg_catalog.pg_class.relnamespace 
WHERE pg_catalog.pg_class.relname = $1::VARCHAR AND pg_catalog.pg_class.relkind = ANY (ARRAY[$2::VARCHAR, $3::VARCHAR, $4::VARCHAR, $5::VARCHAR, $6::VARCHAR]) AND pg_catalog.pg_table_is_visible(pg_catalog.pg_class.oid) AND pg_catalog.pg_namespace.nspname != $7::VARCHAR
2026-02-28 17:40:04,522 INFO sqlalchemy.engine.Engine [cached since 0.03908s ago] ('lookup_cache', 'r', 'p', 'f', 'v', 'm', 'pg_catalog')
2026-02-28 17:40:04,523 INFO sqlalchemy.engine.Engine ALTER TABLE clients ADD COLUMN IF NOT EXISTS default_collectors JSONB NOT NULL DEFAULT '[]'::jsonb
2026-02-28 17:40:04,524 INFO sqlalchemy.engine.Engine [generated in 0.00057s] ()
2026-02-28 17:40:04,526 INFO sqlalchemy.engine.Engine ALTER TABLE investigations ADD COLUMN IF NOT EXISTS observable_type VARCHAR(20) NOT NULL DEFAULT 'domain'
2026-02-28 17:40:04,526 INFO sqlalchemy.engine.Engine [generated in 0.00058s] ()
2026-02-28 17:40:04,528 INFO sqlalchemy.engine.Engine ALTER TABLE investigations ALTER COLUMN domain TYPE VARCHAR(512)
2026-02-28 17:40:04,528 INFO sqlalchemy.engine.Engine [generated in 0.00060s] ()
2026-02-28 17:40:04,533 INFO sqlalchemy.engine.Engine COMMIT
