[config] Loaded .env from: C:\Users\tmoscaliuc\Downloads\script\threat-investigator\threat-intel\backend\.env
[config] Settings loaded — VT key: SET
2026-02-27 23:36:35,401 INFO sqlalchemy.engine.Engine select pg_catalog.version()
2026-02-27 23:36:35,406 INFO sqlalchemy.engine.Engine [raw sql] ()
2026-02-27 23:36:35,409 INFO sqlalchemy.engine.Engine select current_schema()
2026-02-27 23:36:35,410 INFO sqlalchemy.engine.Engine [raw sql] ()
2026-02-27 23:36:35,413 INFO sqlalchemy.engine.Engine show standard_conforming_strings
2026-02-27 23:36:35,414 INFO sqlalchemy.engine.Engine [raw sql] ()
2026-02-27 23:36:35,417 INFO sqlalchemy.engine.Engine BEGIN (implicit)
2026-02-27 23:36:35,421 INFO sqlalchemy.engine.Engine SELECT pg_catalog.pg_class.relname 
FROM pg_catalog.pg_class JOIN pg_catalog.pg_namespace ON pg_catalog.pg_namespace.oid = pg_catalog.pg_class.relnamespace 
WHERE pg_catalog.pg_class.relname = $1::VARCHAR AND pg_catalog.pg_class.relkind = ANY (ARRAY[$2::VARCHAR, $3::VARCHAR, $4::VARCHAR, $5::VARCHAR, $6::VARCHAR]) AND pg_catalog.pg_table_is_visible(pg_catalog.pg_class.oid) AND pg_catalog.pg_namespace.nspname != $7::VARCHAR
2026-02-27 23:36:35,421 INFO sqlalchemy.engine.Engine [generated in 0.00055s] ('batches', 'r', 'p', 'f', 'v', 'm', 'pg_catalog')
2026-02-27 23:36:35,425 INFO sqlalchemy.engine.Engine SELECT pg_catalog.pg_class.relname 
FROM pg_catalog.pg_class JOIN pg_catalog.pg_namespace ON pg_catalog.pg_namespace.oid = pg_catalog.pg_class.relnamespace 
WHERE pg_catalog.pg_class.relname = $1::VARCHAR AND pg_catalog.pg_class.relkind = ANY (ARRAY[$2::VARCHAR, $3::VARCHAR, $4::VARCHAR, $5::VARCHAR, $6::VARCHAR]) AND pg_catalog.pg_table_is_visible(pg_catalog.pg_class.oid) AND pg_catalog.pg_namespace.nspname != $7::VARCHAR
2026-02-27 23:36:35,426 INFO sqlalchemy.engine.Engine [cached since 0.005266s ago] ('investigations', 'r', 'p', 'f', 'v', 'm', 'pg_catalog')
2026-02-27 23:36:35,426 INFO sqlalchemy.engine.Engine SELECT pg_catalog.pg_class.relname 
FROM pg_catalog.pg_class JOIN pg_catalog.pg_namespace ON pg_catalog.pg_namespace.oid = pg_catalog.pg_class.relnamespace 
WHERE pg_catalog.pg_class.relname = $1::VARCHAR AND pg_catalog.pg_class.relkind = ANY (ARRAY[$2::VARCHAR, $3::VARCHAR, $4::VARCHAR, $5::VARCHAR, $6::VARCHAR]) AND pg_catalog.pg_table_is_visible(pg_catalog.pg_class.oid) AND pg_catalog.pg_namespace.nspname != $7::VARCHAR
2026-02-27 23:36:35,427 INFO sqlalchemy.engine.Engine [cached since 0.006837s ago] ('collector_results', 'r', 'p', 'f', 'v', 'm', 'pg_catalog')
2026-02-27 23:36:35,428 INFO sqlalchemy.engine.Engine SELECT pg_catalog.pg_class.relname 
FROM pg_catalog.pg_class JOIN pg_catalog.pg_namespace ON pg_catalog.pg_namespace.oid = pg_catalog.pg_class.relnamespace 
WHERE pg_catalog.pg_class.relname = $1::VARCHAR AND pg_catalog.pg_class.relkind = ANY (ARRAY[$2::VARCHAR, $3::VARCHAR, $4::VARCHAR, $5::VARCHAR, $6::VARCHAR]) AND pg_catalog.pg_table_is_visible(pg_catalog.pg_class.oid) AND pg_catalog.pg_namespace.nspname != $7::VARCHAR
2026-02-27 23:36:35,429 INFO sqlalchemy.engine.Engine [cached since 0.008258s ago] ('evidence', 'r', 'p', 'f', 'v', 'm', 'pg_catalog')
2026-02-27 23:36:35,430 INFO sqlalchemy.engine.Engine SELECT pg_catalog.pg_class.relname 
FROM pg_catalog.pg_class JOIN pg_catalog.pg_namespace ON pg_catalog.pg_namespace.oid = pg_catalog.pg_class.relnamespace 
WHERE pg_catalog.pg_class.relname = $1::VARCHAR AND pg_catalog.pg_class.relkind = ANY (ARRAY[$2::VARCHAR, $3::VARCHAR, $4::VARCHAR, $5::VARCHAR, $6::VARCHAR]) AND pg_catalog.pg_table_is_visible(pg_catalog.pg_class.oid) AND pg_catalog.pg_namespace.nspname != $7::VARCHAR
2026-02-27 23:36:35,431 INFO sqlalchemy.engine.Engine [cached since 0.01052s ago] ('reports', 'r', 'p', 'f', 'v', 'm', 'pg_catalog')
2026-02-27 23:36:35,433 INFO sqlalchemy.engine.Engine SELECT pg_catalog.pg_class.relname 
FROM pg_catalog.pg_class JOIN pg_catalog.pg_namespace ON pg_catalog.pg_namespace.oid = pg_catalog.pg_class.relnamespace 
WHERE pg_catalog.pg_class.relname = $1::VARCHAR AND pg_catalog.pg_class.relkind = ANY (ARRAY[$2::VARCHAR, $3::VARCHAR, $4::VARCHAR, $5::VARCHAR, $6::VARCHAR]) AND pg_catalog.pg_table_is_visible(pg_catalog.pg_class.oid) AND pg_catalog.pg_namespace.nspname != $7::VARCHAR
2026-02-27 23:36:35,434 INFO sqlalchemy.engine.Engine [cached since 0.01283s ago] ('artifacts', 'r', 'p', 'f', 'v', 'm', 'pg_catalog')
2026-02-27 23:36:35,435 INFO sqlalchemy.engine.Engine SELECT pg_catalog.pg_class.relname 
FROM pg_catalog.pg_class JOIN pg_catalog.pg_namespace ON pg_catalog.pg_namespace.oid = pg_catalog.pg_class.relnamespace 
WHERE pg_catalog.pg_class.relname = $1::VARCHAR AND pg_catalog.pg_class.relkind = ANY (ARRAY[$2::VARCHAR, $3::VARCHAR, $4::VARCHAR, $5::VARCHAR, $6::VARCHAR]) AND pg_catalog.pg_table_is_visible(pg_catalog.pg_class.oid) AND pg_catalog.pg_namespace.nspname != $7::VARCHAR
2026-02-27 23:36:35,435 INFO sqlalchemy.engine.Engine [cached since 0.01418s ago] ('iocs', 'r', 'p', 'f', 'v', 'm', 'pg_catalog')
2026-02-27 23:36:35,436 INFO sqlalchemy.engine.Engine SELECT pg_catalog.pg_class.relname 
FROM pg_catalog.pg_class JOIN pg_catalog.pg_namespace ON pg_catalog.pg_namespace.oid = pg_catalog.pg_class.relnamespace 
WHERE pg_catalog.pg_class.relname = $1::VARCHAR AND pg_catalog.pg_class.relkind = ANY (ARRAY[$2::VARCHAR, $3::VARCHAR, $4::VARCHAR, $5::VARCHAR, $6::VARCHAR]) AND pg_catalog.pg_table_is_visible(pg_catalog.pg_class.oid) AND pg_catalog.pg_namespace.nspname != $7::VARCHAR
2026-02-27 23:36:35,436 INFO sqlalchemy.engine.Engine [cached since 0.01553s ago] ('watchlist', 'r', 'p', 'f', 'v', 'm', 'pg_catalog')
2026-02-27 23:36:35,437 INFO sqlalchemy.engine.Engine SELECT pg_catalog.pg_class.relname 
FROM pg_catalog.pg_class JOIN pg_catalog.pg_namespace ON pg_catalog.pg_namespace.oid = pg_catalog.pg_class.relnamespace 
WHERE pg_catalog.pg_class.relname = $1::VARCHAR AND pg_catalog.pg_class.relkind = ANY (ARRAY[$2::VARCHAR, $3::VARCHAR, $4::VARCHAR, $5::VARCHAR, $6::VARCHAR]) AND pg_catalog.pg_table_is_visible(pg_catalog.pg_class.oid) AND pg_catalog.pg_namespace.nspname != $7::VARCHAR
2026-02-27 23:36:35,438 INFO sqlalchemy.engine.Engine [cached since 0.01683s ago] ('watchlist_alerts', 'r', 'p', 'f', 'v', 'm', 'pg_catalog')
2026-02-27 23:36:35,439 INFO sqlalchemy.engine.Engine SELECT pg_catalog.pg_class.relname 
FROM pg_catalog.pg_class JOIN pg_catalog.pg_namespace ON pg_catalog.pg_namespace.oid = pg_catalog.pg_class.relnamespace 
WHERE pg_catalog.pg_class.relname = $1::VARCHAR AND pg_catalog.pg_class.relkind = ANY (ARRAY[$2::VARCHAR, $3::VARCHAR, $4::VARCHAR, $5::VARCHAR, $6::VARCHAR]) AND pg_catalog.pg_table_is_visible(pg_catalog.pg_class.oid) AND pg_catalog.pg_namespace.nspname != $7::VARCHAR
2026-02-27 23:36:35,439 INFO sqlalchemy.engine.Engine [cached since 0.01801s ago] ('clients', 'r', 'p', 'f', 'v', 'm', 'pg_catalog')
2026-02-27 23:36:35,439 INFO sqlalchemy.engine.Engine SELECT pg_catalog.pg_class.relname 
FROM pg_catalog.pg_class JOIN pg_catalog.pg_namespace ON pg_catalog.pg_namespace.oid = pg_catalog.pg_class.relnamespace 
WHERE pg_catalog.pg_class.relname = $1::VARCHAR AND pg_catalog.pg_class.relkind = ANY (ARRAY[$2::VARCHAR, $3::VARCHAR, $4::VARCHAR, $5::VARCHAR, $6::VARCHAR]) AND pg_catalog.pg_table_is_visible(pg_catalog.pg_class.oid) AND pg_catalog.pg_namespace.nspname != $7::VARCHAR
2026-02-27 23:36:35,441 INFO sqlalchemy.engine.Engine [cached since 0.01977s ago] ('client_alerts', 'r', 'p', 'f', 'v', 'm', 'pg_catalog')
2026-02-27 23:36:35,442 INFO sqlalchemy.engine.Engine SELECT pg_catalog.pg_class.relname 
FROM pg_catalog.pg_class JOIN pg_catalog.pg_namespace ON pg_catalog.pg_namespace.oid = pg_catalog.pg_class.relnamespace 
WHERE pg_catalog.pg_class.relname = $1::VARCHAR AND pg_catalog.pg_class.relkind = ANY (ARRAY[$2::VARCHAR, $3::VARCHAR, $4::VARCHAR, $5::VARCHAR, $6::VARCHAR]) AND pg_catalog.pg_table_is_visible(pg_catalog.pg_class.oid) AND pg_catalog.pg_namespace.nspname != $7::VARCHAR
2026-02-27 23:36:35,442 INFO sqlalchemy.engine.Engine [cached since 0.0212s ago] ('whois_history', 'r', 'p', 'f', 'v', 'm', 'pg_catalog')
2026-02-27 23:36:35,443 INFO sqlalchemy.engine.Engine SELECT pg_catalog.pg_class.relname 
FROM pg_catalog.pg_class JOIN pg_catalog.pg_namespace ON pg_catalog.pg_namespace.oid = pg_catalog.pg_class.relnamespace 
WHERE pg_catalog.pg_class.relname = $1::VARCHAR AND pg_catalog.pg_class.relkind = ANY (ARRAY[$2::VARCHAR, $3::VARCHAR, $4::VARCHAR, $5::VARCHAR, $6::VARCHAR]) AND pg_catalog.pg_table_is_visible(pg_catalog.pg_class.oid) AND pg_catalog.pg_namespace.nspname != $7::VARCHAR
2026-02-27 23:36:35,444 INFO sqlalchemy.engine.Engine [cached since 0.02281s ago] ('ip_lookups', 'r', 'p', 'f', 'v', 'm', 'pg_catalog')
2026-02-27 23:36:35,445 INFO sqlalchemy.engine.Engine SELECT pg_catalog.pg_class.relname 
FROM pg_catalog.pg_class JOIN pg_catalog.pg_namespace ON pg_catalog.pg_namespace.oid = pg_catalog.pg_class.relnamespace 
WHERE pg_catalog.pg_class.relname = $1::VARCHAR AND pg_catalog.pg_class.relkind = ANY (ARRAY[$2::VARCHAR, $3::VARCHAR, $4::VARCHAR, $5::VARCHAR, $6::VARCHAR]) AND pg_catalog.pg_table_is_visible(pg_catalog.pg_class.oid) AND pg_catalog.pg_namespace.nspname != $7::VARCHAR
2026-02-27 23:36:35,445 INFO sqlalchemy.engine.Engine [cached since 0.02407s ago] ('lookup_cache', 'r', 'p', 'f', 'v', 'm', 'pg_catalog')
2026-02-27 23:36:35,446 INFO sqlalchemy.engine.Engine ALTER TABLE clients ADD COLUMN IF NOT EXISTS default_collectors JSONB NOT NULL DEFAULT '[]'::jsonb
2026-02-27 23:36:35,447 INFO sqlalchemy.engine.Engine [generated in 0.00054s] ()
2026-02-27 23:36:35,448 INFO sqlalchemy.engine.Engine ALTER TABLE investigations ADD COLUMN IF NOT EXISTS observable_type VARCHAR(20) NOT NULL DEFAULT 'domain'
2026-02-27 23:36:35,449 INFO sqlalchemy.engine.Engine [generated in 0.00049s] ()
2026-02-27 23:36:35,450 INFO sqlalchemy.engine.Engine ALTER TABLE investigations ALTER COLUMN domain TYPE VARCHAR(512)
2026-02-27 23:36:35,450 INFO sqlalchemy.engine.Engine [generated in 0.00055s] ()
2026-02-27 23:36:35,455 INFO sqlalchemy.engine.Engine COMMIT
2026-02-27 23:36:35,517 INFO sqlalchemy.engine.Engine BEGIN (implicit)
2026-02-27 23:36:35,538 INFO sqlalchemy.engine.Engine SELECT investigations.id, investigations.domain, investigations.observable_type, investigations.state, investigations.context, investigations.client_domain, investigations.batch_id, investigations.created_at, investigations.updated_at, investigations.concluded_at, investigations.classification, investigations.confidence, investigations.risk_score, investigations.recommended_action, investigations.analyst_iterations, investigations.max_analyst_iterations 
FROM investigations ORDER BY investigations.created_at DESC 
 LIMIT $1::INTEGER OFFSET $2::INTEGER
2026-02-27 23:36:35,540 INFO sqlalchemy.engine.Engine [generated in 0.00212s] (1, 0)
2026-02-27 23:36:35,545 INFO sqlalchemy.engine.Engine SELECT count(investigations.id) AS count_1 
FROM investigations
2026-02-27 23:36:35,545 INFO sqlalchemy.engine.Engine [generated in 0.00078s] ()
INFO:     127.0.0.1:50259 - "GET /api/investigations?limit=1&offset=0 HTTP/1.1" 200 OK
2026-02-27 23:36:35,548 INFO sqlalchemy.engine.Engine COMMIT
