[config] Loaded .env from: C:\Users\tmoscaliuc\Downloads\script\threat-investigator\threat-intel\backend\.env
[config] Settings loaded — VT key: SET
2026-02-27 23:35:09,946 INFO sqlalchemy.engine.Engine select pg_catalog.version()
2026-02-27 23:35:09,950 INFO sqlalchemy.engine.Engine [raw sql] ()
2026-02-27 23:35:09,955 INFO sqlalchemy.engine.Engine select current_schema()
2026-02-27 23:35:09,957 INFO sqlalchemy.engine.Engine [raw sql] ()
2026-02-27 23:35:09,960 INFO sqlalchemy.engine.Engine show standard_conforming_strings
2026-02-27 23:35:09,962 INFO sqlalchemy.engine.Engine [raw sql] ()
2026-02-27 23:35:09,967 INFO sqlalchemy.engine.Engine BEGIN (implicit)
2026-02-27 23:35:09,972 INFO sqlalchemy.engine.Engine SELECT pg_catalog.pg_class.relname 
FROM pg_catalog.pg_class JOIN pg_catalog.pg_namespace ON pg_catalog.pg_namespace.oid = pg_catalog.pg_class.relnamespace 
WHERE pg_catalog.pg_class.relname = $1::VARCHAR AND pg_catalog.pg_class.relkind = ANY (ARRAY[$2::VARCHAR, $3::VARCHAR, $4::VARCHAR, $5::VARCHAR, $6::VARCHAR]) AND pg_catalog.pg_table_is_visible(pg_catalog.pg_class.oid) AND pg_catalog.pg_namespace.nspname != $7::VARCHAR
2026-02-27 23:35:09,973 INFO sqlalchemy.engine.Engine [generated in 0.00148s] ('batches', 'r', 'p', 'f', 'v', 'm', 'pg_catalog')
2026-02-27 23:35:09,979 INFO sqlalchemy.engine.Engine SELECT pg_catalog.pg_class.relname 
FROM pg_catalog.pg_class JOIN pg_catalog.pg_namespace ON pg_catalog.pg_namespace.oid = pg_catalog.pg_class.relnamespace 
WHERE pg_catalog.pg_class.relname = $1::VARCHAR AND pg_catalog.pg_class.relkind = ANY (ARRAY[$2::VARCHAR, $3::VARCHAR, $4::VARCHAR, $5::VARCHAR, $6::VARCHAR]) AND pg_catalog.pg_table_is_visible(pg_catalog.pg_class.oid) AND pg_catalog.pg_namespace.nspname != $7::VARCHAR
2026-02-27 23:35:09,980 INFO sqlalchemy.engine.Engine [cached since 0.00847s ago] ('investigations', 'r', 'p', 'f', 'v', 'm', 'pg_catalog')
2026-02-27 23:35:09,982 INFO sqlalchemy.engine.Engine SELECT pg_catalog.pg_class.relname 
FROM pg_catalog.pg_class JOIN pg_catalog.pg_namespace ON pg_catalog.pg_namespace.oid = pg_catalog.pg_class.relnamespace 
WHERE pg_catalog.pg_class.relname = $1::VARCHAR AND pg_catalog.pg_class.relkind = ANY (ARRAY[$2::VARCHAR, $3::VARCHAR, $4::VARCHAR, $5::VARCHAR, $6::VARCHAR]) AND pg_catalog.pg_table_is_visible(pg_catalog.pg_class.oid) AND pg_catalog.pg_namespace.nspname != $7::VARCHAR
2026-02-27 23:35:09,983 INFO sqlalchemy.engine.Engine [cached since 0.01085s ago] ('collector_results', 'r', 'p', 'f', 'v', 'm', 'pg_catalog')
2026-02-27 23:35:09,984 INFO sqlalchemy.engine.Engine SELECT pg_catalog.pg_class.relname 
FROM pg_catalog.pg_class JOIN pg_catalog.pg_namespace ON pg_catalog.pg_namespace.oid = pg_catalog.pg_class.relnamespace 
WHERE pg_catalog.pg_class.relname = $1::VARCHAR AND pg_catalog.pg_class.relkind = ANY (ARRAY[$2::VARCHAR, $3::VARCHAR, $4::VARCHAR, $5::VARCHAR, $6::VARCHAR]) AND pg_catalog.pg_table_is_visible(pg_catalog.pg_class.oid) AND pg_catalog.pg_namespace.nspname != $7::VARCHAR
2026-02-27 23:35:09,984 INFO sqlalchemy.engine.Engine [cached since 0.01291s ago] ('evidence', 'r', 'p', 'f', 'v', 'm', 'pg_catalog')
2026-02-27 23:35:09,987 INFO sqlalchemy.engine.Engine SELECT pg_catalog.pg_class.relname 
FROM pg_catalog.pg_class JOIN pg_catalog.pg_namespace ON pg_catalog.pg_namespace.oid = pg_catalog.pg_class.relnamespace 
WHERE pg_catalog.pg_class.relname = $1::VARCHAR AND pg_catalog.pg_class.relkind = ANY (ARRAY[$2::VARCHAR, $3::VARCHAR, $4::VARCHAR, $5::VARCHAR, $6::VARCHAR]) AND pg_catalog.pg_table_is_visible(pg_catalog.pg_class.oid) AND pg_catalog.pg_namespace.nspname != $7::VARCHAR
2026-02-27 23:35:09,987 INFO sqlalchemy.engine.Engine [cached since 0.01557s ago] ('reports', 'r', 'p', 'f', 'v', 'm', 'pg_catalog')
2026-02-27 23:35:09,989 INFO sqlalchemy.engine.Engine SELECT pg_catalog.pg_class.relname 
FROM pg_catalog.pg_class JOIN pg_catalog.pg_namespace ON pg_catalog.pg_namespace.oid = pg_catalog.pg_class.relnamespace 
WHERE pg_catalog.pg_class.relname = $1::VARCHAR AND pg_catalog.pg_class.relkind = ANY (ARRAY[$2::VARCHAR, $3::VARCHAR, $4::VARCHAR, $5::VARCHAR, $6::VARCHAR]) AND pg_catalog.pg_table_is_visible(pg_catalog.pg_class.oid) AND pg_catalog.pg_namespace.nspname != $7::VARCHAR
2026-02-27 23:35:09,990 INFO sqlalchemy.engine.Engine [cached since 0.01883s ago] ('artifacts', 'r', 'p', 'f', 'v', 'm', 'pg_catalog')
2026-02-27 23:35:09,992 INFO sqlalchemy.engine.Engine SELECT pg_catalog.pg_class.relname 
FROM pg_catalog.pg_class JOIN pg_catalog.pg_namespace ON pg_catalog.pg_namespace.oid = pg_catalog.pg_class.relnamespace 
WHERE pg_catalog.pg_class.relname = $1::VARCHAR AND pg_catalog.pg_class.relkind = ANY (ARRAY[$2::VARCHAR, $3::VARCHAR, $4::VARCHAR, $5::VARCHAR, $6::VARCHAR]) AND pg_catalog.pg_table_is_visible(pg_catalog.pg_class.oid) AND pg_catalog.pg_namespace.nspname != $7::VARCHAR
2026-02-27 23:35:09,993 INFO sqlalchemy.engine.Engine [cached since 0.02106s ago] ('iocs', 'r', 'p', 'f', 'v', 'm', 'pg_catalog')
2026-02-27 23:35:09,994 INFO sqlalchemy.engine.Engine SELECT pg_catalog.pg_class.relname 
FROM pg_catalog.pg_class JOIN pg_catalog.pg_namespace ON pg_catalog.pg_namespace.oid = pg_catalog.pg_class.relnamespace 
WHERE pg_catalog.pg_class.relname = $1::VARCHAR AND pg_catalog.pg_class.relkind = ANY (ARRAY[$2::VARCHAR, $3::VARCHAR, $4::VARCHAR, $5::VARCHAR, $6::VARCHAR]) AND pg_catalog.pg_table_is_visible(pg_catalog.pg_class.oid) AND pg_catalog.pg_namespace.nspname != $7::VARCHAR
2026-02-27 23:35:09,995 INFO sqlalchemy.engine.Engine [cached since 0.02323s ago] ('watchlist', 'r', 'p', 'f', 'v', 'm', 'pg_catalog')
2026-02-27 23:35:09,996 INFO sqlalchemy.engine.Engine SELECT pg_catalog.pg_class.relname 
FROM pg_catalog.pg_class JOIN pg_catalog.pg_namespace ON pg_catalog.pg_namespace.oid = pg_catalog.pg_class.relnamespace 
WHERE pg_catalog.pg_class.relname = $1::VARCHAR AND pg_catalog.pg_class.relkind = ANY (ARRAY[$2::VARCHAR, $3::VARCHAR, $4::VARCHAR, $5::VARCHAR, $6::VARCHAR]) AND pg_catalog.pg_table_is_visible(pg_catalog.pg_class.oid) AND pg_catalog.pg_namespace.nspname != $7::VARCHAR
2026-02-27 23:35:09,997 INFO sqlalchemy.engine.Engine [cached since 0.0249s ago] ('watchlist_alerts', 'r', 'p', 'f', 'v', 'm', 'pg_catalog')
2026-02-27 23:35:09,998 INFO sqlalchemy.engine.Engine SELECT pg_catalog.pg_class.relname 
FROM pg_catalog.pg_class JOIN pg_catalog.pg_namespace ON pg_catalog.pg_namespace.oid = pg_catalog.pg_class.relnamespace 
WHERE pg_catalog.pg_class.relname = $1::VARCHAR AND pg_catalog.pg_class.relkind = ANY (ARRAY[$2::VARCHAR, $3::VARCHAR, $4::VARCHAR, $5::VARCHAR, $6::VARCHAR]) AND pg_catalog.pg_table_is_visible(pg_catalog.pg_class.oid) AND pg_catalog.pg_namespace.nspname != $7::VARCHAR
2026-02-27 23:35:09,998 INFO sqlalchemy.engine.Engine [cached since 0.02657s ago] ('clients', 'r', 'p', 'f', 'v', 'm', 'pg_catalog')
2026-02-27 23:35:09,999 INFO sqlalchemy.engine.Engine SELECT pg_catalog.pg_class.relname 
FROM pg_catalog.pg_class JOIN pg_catalog.pg_namespace ON pg_catalog.pg_namespace.oid = pg_catalog.pg_class.relnamespace 
WHERE pg_catalog.pg_class.relname = $1::VARCHAR AND pg_catalog.pg_class.relkind = ANY (ARRAY[$2::VARCHAR, $3::VARCHAR, $4::VARCHAR, $5::VARCHAR, $6::VARCHAR]) AND pg_catalog.pg_table_is_visible(pg_catalog.pg_class.oid) AND pg_catalog.pg_namespace.nspname != $7::VARCHAR
2026-02-27 23:35:10,000 INFO sqlalchemy.engine.Engine [cached since 0.02838s ago] ('client_alerts', 'r', 'p', 'f', 'v', 'm', 'pg_catalog')
2026-02-27 23:35:10,001 INFO sqlalchemy.engine.Engine SELECT pg_catalog.pg_class.relname 
FROM pg_catalog.pg_class JOIN pg_catalog.pg_namespace ON pg_catalog.pg_namespace.oid = pg_catalog.pg_class.relnamespace 
WHERE pg_catalog.pg_class.relname = $1::VARCHAR AND pg_catalog.pg_class.relkind = ANY (ARRAY[$2::VARCHAR, $3::VARCHAR, $4::VARCHAR, $5::VARCHAR, $6::VARCHAR]) AND pg_catalog.pg_table_is_visible(pg_catalog.pg_class.oid) AND pg_catalog.pg_namespace.nspname != $7::VARCHAR
2026-02-27 23:35:10,002 INFO sqlalchemy.engine.Engine [cached since 0.02992s ago] ('whois_history', 'r', 'p', 'f', 'v', 'm', 'pg_catalog')
2026-02-27 23:35:10,002 INFO sqlalchemy.engine.Engine SELECT pg_catalog.pg_class.relname 
FROM pg_catalog.pg_class JOIN pg_catalog.pg_namespace ON pg_catalog.pg_namespace.oid = pg_catalog.pg_class.relnamespace 
WHERE pg_catalog.pg_class.relname = $1::VARCHAR AND pg_catalog.pg_class.relkind = ANY (ARRAY[$2::VARCHAR, $3::VARCHAR, $4::VARCHAR, $5::VARCHAR, $6::VARCHAR]) AND pg_catalog.pg_table_is_visible(pg_catalog.pg_class.oid) AND pg_catalog.pg_namespace.nspname != $7::VARCHAR
2026-02-27 23:35:10,003 INFO sqlalchemy.engine.Engine [cached since 0.03225s ago] ('ip_lookups', 'r', 'p', 'f', 'v', 'm', 'pg_catalog')
2026-02-27 23:35:10,005 INFO sqlalchemy.engine.Engine SELECT pg_catalog.pg_class.relname 
FROM pg_catalog.pg_class JOIN pg_catalog.pg_namespace ON pg_catalog.pg_namespace.oid = pg_catalog.pg_class.relnamespace 
WHERE pg_catalog.pg_class.relname = $1::VARCHAR AND pg_catalog.pg_class.relkind = ANY (ARRAY[$2::VARCHAR, $3::VARCHAR, $4::VARCHAR, $5::VARCHAR, $6::VARCHAR]) AND pg_catalog.pg_table_is_visible(pg_catalog.pg_class.oid) AND pg_catalog.pg_namespace.nspname != $7::VARCHAR
2026-02-27 23:35:10,005 INFO sqlalchemy.engine.Engine [cached since 0.03426s ago] ('lookup_cache', 'r', 'p', 'f', 'v', 'm', 'pg_catalog')
2026-02-27 23:35:10,007 INFO sqlalchemy.engine.Engine ALTER TABLE clients ADD COLUMN IF NOT EXISTS default_collectors JSONB NOT NULL DEFAULT '[]'::jsonb
2026-02-27 23:35:10,007 INFO sqlalchemy.engine.Engine [generated in 0.00050s] ()
2026-02-27 23:35:10,009 INFO sqlalchemy.engine.Engine ALTER TABLE investigations ADD COLUMN IF NOT EXISTS observable_type VARCHAR(20) NOT NULL DEFAULT 'domain'
2026-02-27 23:35:10,010 INFO sqlalchemy.engine.Engine [generated in 0.00070s] ()
2026-02-27 23:35:10,011 INFO sqlalchemy.engine.Engine ALTER TABLE investigations ALTER COLUMN domain TYPE VARCHAR(512)
2026-02-27 23:35:10,011 INFO sqlalchemy.engine.Engine [generated in 0.00045s] ()
2026-02-27 23:35:10,016 INFO sqlalchemy.engine.Engine COMMIT
2026-02-27 23:35:10,492 INFO sqlalchemy.engine.Engine BEGIN (implicit)
2026-02-27 23:35:10,510 INFO sqlalchemy.engine.Engine SELECT investigations.id, investigations.domain, investigations.observable_type, investigations.state, investigations.context, investigations.client_domain, investigations.batch_id, investigations.created_at, investigations.updated_at, investigations.concluded_at, investigations.classification, investigations.confidence, investigations.risk_score, investigations.recommended_action, investigations.analyst_iterations, investigations.max_analyst_iterations 
FROM investigations ORDER BY investigations.created_at DESC 
 LIMIT $1::INTEGER OFFSET $2::INTEGER
2026-02-27 23:35:10,512 INFO sqlalchemy.engine.Engine [generated in 0.00173s] (1, 0)
2026-02-27 23:35:10,516 INFO sqlalchemy.engine.Engine SELECT count(investigations.id) AS count_1 
FROM investigations
2026-02-27 23:35:10,517 INFO sqlalchemy.engine.Engine [generated in 0.00065s] ()
INFO:     127.0.0.1:55696 - "GET /api/investigations?limit=1&offset=0 HTTP/1.1" 200 OK
2026-02-27 23:35:10,519 INFO sqlalchemy.engine.Engine COMMIT
2026-02-27 23:35:30,499 INFO sqlalchemy.engine.Engine BEGIN (implicit)
2026-02-27 23:35:30,504 INFO sqlalchemy.engine.Engine SELECT investigations.id, investigations.domain, investigations.observable_type, investigations.state, investigations.context, investigations.client_domain, investigations.batch_id, investigations.created_at, investigations.updated_at, investigations.concluded_at, investigations.classification, investigations.confidence, investigations.risk_score, investigations.recommended_action, investigations.analyst_iterations, investigations.max_analyst_iterations 
FROM investigations ORDER BY investigations.created_at DESC 
 LIMIT $1::INTEGER OFFSET $2::INTEGER
2026-02-27 23:35:30,506 INFO sqlalchemy.engine.Engine [cached since 20s ago] (1, 0)
2026-02-27 23:35:30,509 INFO sqlalchemy.engine.Engine SELECT count(investigations.id) AS count_1 
FROM investigations
2026-02-27 23:35:30,510 INFO sqlalchemy.engine.Engine [cached since 20s ago] ()
INFO:     127.0.0.1:55718 - "GET /api/investigations?limit=1&offset=0 HTTP/1.1" 200 OK
2026-02-27 23:35:30,514 INFO sqlalchemy.engine.Engine COMMIT
