[config] Loaded .env from: C:\Users\tmoscaliuc\Downloads\script\threat-investigator\threat-intel\backend\.env
[config] Settings loaded — VT key: SET
2026-02-28 17:44:14,121 INFO sqlalchemy.engine.Engine select pg_catalog.version()
2026-02-28 17:44:14,126 INFO sqlalchemy.engine.Engine [raw sql] ()
2026-02-28 17:44:14,130 INFO sqlalchemy.engine.Engine select current_schema()
2026-02-28 17:44:14,131 INFO sqlalchemy.engine.Engine [raw sql] ()
2026-02-28 17:44:14,135 INFO sqlalchemy.engine.Engine show standard_conforming_strings
2026-02-28 17:44:14,136 INFO sqlalchemy.engine.Engine [raw sql] ()
2026-02-28 17:44:14,139 INFO sqlalchemy.engine.Engine BEGIN (implicit)
2026-02-28 17:44:14,143 INFO sqlalchemy.engine.Engine SELECT pg_catalog.pg_class.relname 
FROM pg_catalog.pg_class JOIN pg_catalog.pg_namespace ON pg_catalog.pg_namespace.oid = pg_catalog.pg_class.relnamespace 
WHERE pg_catalog.pg_class.relname = $1::VARCHAR AND pg_catalog.pg_class.relkind = ANY (ARRAY[$2::VARCHAR, $3::VARCHAR, $4::VARCHAR, $5::VARCHAR, $6::VARCHAR]) AND pg_catalog.pg_table_is_visible(pg_catalog.pg_class.oid) AND pg_catalog.pg_namespace.nspname != $7::VARCHAR
2026-02-28 17:44:14,144 INFO sqlalchemy.engine.Engine [generated in 0.00078s] ('batches', 'r', 'p', 'f', 'v', 'm', 'pg_catalog')
2026-02-28 17:44:14,149 INFO sqlalchemy.engine.Engine SELECT pg_catalog.pg_class.relname 
FROM pg_catalog.pg_class JOIN pg_catalog.pg_namespace ON pg_catalog.pg_namespace.oid = pg_catalog.pg_class.relnamespace 
WHERE pg_catalog.pg_class.relname = $1::VARCHAR AND pg_catalog.pg_class.relkind = ANY (ARRAY[$2::VARCHAR, $3::VARCHAR, $4::VARCHAR, $5::VARCHAR, $6::VARCHAR]) AND pg_catalog.pg_table_is_visible(pg_catalog.pg_class.oid) AND pg_catalog.pg_namespace.nspname != $7::VARCHAR
2026-02-28 17:44:14,149 INFO sqlalchemy.engine.Engine [cached since 0.006618s ago] ('investigations', 'r', 'p', 'f', 'v', 'm', 'pg_catalog')
2026-02-28 17:44:14,151 INFO sqlalchemy.engine.Engine SELECT pg_catalog.pg_class.relname 
FROM pg_catalog.pg_class JOIN pg_catalog.pg_namespace ON pg_catalog.pg_namespace.oid = pg_catalog.pg_class.relnamespace 
WHERE pg_catalog.pg_class.relname = $1::VARCHAR AND pg_catalog.pg_class.relkind = ANY (ARRAY[$2::VARCHAR, $3::VARCHAR, $4::VARCHAR, $5::VARCHAR, $6::VARCHAR]) AND pg_catalog.pg_table_is_visible(pg_catalog.pg_class.oid) AND pg_catalog.pg_namespace.nspname != $7::VARCHAR
2026-02-28 17:44:14,152 INFO sqlalchemy.engine.Engine [cached since 0.008653s ago] ('collector_results', 'r', 'p', 'f', 'v', 'm', 'pg_catalog')
2026-02-28 17:44:14,153 INFO sqlalchemy.engine.Engine SELECT pg_catalog.pg_class.relname 
FROM pg_catalog.pg_class JOIN pg_catalog.pg_namespace ON pg_catalog.pg_namespace.oid = pg_catalog.pg_class.relnamespace 
WHERE pg_catalog.pg_class.relname = $1::VARCHAR AND pg_catalog.pg_class.relkind = ANY (ARRAY[$2::VARCHAR, $3::VARCHAR, $4::VARCHAR, $5::VARCHAR, $6::VARCHAR]) AND pg_catalog.pg_table_is_visible(pg_catalog.pg_class.oid) AND pg_catalog.pg_namespace.nspname != $7::VARCHAR
2026-02-28 17:44:14,153 INFO sqlalchemy.engine.Engine [cached since 0.01059s ago] ('evidence', 'r', 'p', 'f', 'v', 'm', 'pg_catalog')
2026-02-28 17:44:14,155 INFO sqlalchemy.engine.Engine SELECT pg_catalog.pg_class.relname 
FROM pg_catalog.pg_class JOIN pg_catalog.pg_namespace ON pg_catalog.pg_namespace.oid = pg_catalog.pg_class.relnamespace 
WHERE pg_catalog.pg_class.relname = $1::VARCHAR AND pg_catalog.pg_class.relkind = ANY (ARRAY[$2::VARCHAR, $3::VARCHAR, $4::VARCHAR, $5::VARCHAR, $6::VARCHAR]) AND pg_catalog.pg_table_is_visible(pg_catalog.pg_class.oid) AND pg_catalog.pg_namespace.nspname != $7::VARCHAR
2026-02-28 17:44:14,155 INFO sqlalchemy.engine.Engine [cached since 0.01231s ago] ('reports', 'r', 'p', 'f', 'v', 'm', 'pg_catalog')
2026-02-28 17:44:14,156 INFO sqlalchemy.engine.Engine SELECT pg_catalog.pg_class.relname 
FROM pg_catalog.pg_class JOIN pg_catalog.pg_namespace ON pg_catalog.pg_namespace.oid = pg_catalog.pg_class.relnamespace 
WHERE pg_catalog.pg_class.relname = $1::VARCHAR AND pg_catalog.pg_class.relkind = ANY (ARRAY[$2::VARCHAR, $3::VARCHAR, $4::VARCHAR, $5::VARCHAR, $6::VARCHAR]) AND pg_catalog.pg_table_is_visible(pg_catalog.pg_class.oid) AND pg_catalog.pg_namespace.nspname != $7::VARCHAR
2026-02-28 17:44:14,157 INFO sqlalchemy.engine.Engine [cached since 0.01434s ago] ('artifacts', 'r', 'p', 'f', 'v', 'm', 'pg_catalog')
2026-02-28 17:44:14,158 INFO sqlalchemy.engine.Engine SELECT pg_catalog.pg_class.relname 
FROM pg_catalog.pg_class JOIN pg_catalog.pg_namespace ON pg_catalog.pg_namespace.oid = pg_catalog.pg_class.relnamespace 
WHERE pg_catalog.pg_class.relname = $1::VARCHAR AND pg_catalog.pg_class.relkind = ANY (ARRAY[$2::VARCHAR, $3::VARCHAR, $4::VARCHAR, $5::VARCHAR, $6::VARCHAR]) AND pg_catalog.pg_table_is_visible(pg_catalog.pg_class.oid) AND pg_catalog.pg_namespace.nspname != $7::VARCHAR
2026-02-28 17:44:14,158 INFO sqlalchemy.engine.Engine [cached since 0.01602s ago] ('iocs', 'r', 'p', 'f', 'v', 'm', 'pg_catalog')
2026-02-28 17:44:14,160 INFO sqlalchemy.engine.Engine SELECT pg_catalog.pg_class.relname 
FROM pg_catalog.pg_class JOIN pg_catalog.pg_namespace ON pg_catalog.pg_namespace.oid = pg_catalog.pg_class.relnamespace 
WHERE pg_catalog.pg_class.relname = $1::VARCHAR AND pg_catalog.pg_class.relkind = ANY (ARRAY[$2::VARCHAR, $3::VARCHAR, $4::VARCHAR, $5::VARCHAR, $6::VARCHAR]) AND pg_catalog.pg_table_is_visible(pg_catalog.pg_class.oid) AND pg_catalog.pg_namespace.nspname != $7::VARCHAR
2026-02-28 17:44:14,160 INFO sqlalchemy.engine.Engine [cached since 0.01761s ago] ('watchlist', 'r', 'p', 'f', 'v', 'm', 'pg_catalog')
2026-02-28 17:44:14,161 INFO sqlalchemy.engine.Engine SELECT pg_catalog.pg_class.relname 
FROM pg_catalog.pg_class JOIN pg_catalog.pg_namespace ON pg_catalog.pg_namespace.oid = pg_catalog.pg_class.relnamespace 
WHERE pg_catalog.pg_class.relname = $1::VARCHAR AND pg_catalog.pg_class.relkind = ANY (ARRAY[$2::VARCHAR, $3::VARCHAR, $4::VARCHAR, $5::VARCHAR, $6::VARCHAR]) AND pg_catalog.pg_table_is_visible(pg_catalog.pg_class.oid) AND pg_catalog.pg_namespace.nspname != $7::VARCHAR
2026-02-28 17:44:14,161 INFO sqlalchemy.engine.Engine [cached since 0.01909s ago] ('watchlist_alerts', 'r', 'p', 'f', 'v', 'm', 'pg_catalog')
2026-02-28 17:44:14,162 INFO sqlalchemy.engine.Engine SELECT pg_catalog.pg_class.relname 
FROM pg_catalog.pg_class JOIN pg_catalog.pg_namespace ON pg_catalog.pg_namespace.oid = pg_catalog.pg_class.relnamespace 
WHERE pg_catalog.pg_class.relname = $1::VARCHAR AND pg_catalog.pg_class.relkind = ANY (ARRAY[$2::VARCHAR, $3::VARCHAR, $4::VARCHAR, $5::VARCHAR, $6::VARCHAR]) AND pg_catalog.pg_table_is_visible(pg_catalog.pg_class.oid) AND pg_catalog.pg_namespace.nspname != $7::VARCHAR
2026-02-28 17:44:14,164 INFO sqlalchemy.engine.Engine [cached since 0.02066s ago] ('clients', 'r', 'p', 'f', 'v', 'm', 'pg_catalog')
2026-02-28 17:44:14,164 INFO sqlalchemy.engine.Engine SELECT pg_catalog.pg_class.relname 
FROM pg_catalog.pg_class JOIN pg_catalog.pg_namespace ON pg_catalog.pg_namespace.oid = pg_catalog.pg_class.relnamespace 
WHERE pg_catalog.pg_class.relname = $1::VARCHAR AND pg_catalog.pg_class.relkind = ANY (ARRAY[$2::VARCHAR, $3::VARCHAR, $4::VARCHAR, $5::VARCHAR, $6::VARCHAR]) AND pg_catalog.pg_table_is_visible(pg_catalog.pg_class.oid) AND pg_catalog.pg_namespace.nspname != $7::VARCHAR
2026-02-28 17:44:14,165 INFO sqlalchemy.engine.Engine [cached since 0.02218s ago] ('client_alerts', 'r', 'p', 'f', 'v', 'm', 'pg_catalog')
2026-02-28 17:44:14,166 INFO sqlalchemy.engine.Engine SELECT pg_catalog.pg_class.relname 
FROM pg_catalog.pg_class JOIN pg_catalog.pg_namespace ON pg_catalog.pg_namespace.oid = pg_catalog.pg_class.relnamespace 
WHERE pg_catalog.pg_class.relname = $1::VARCHAR AND pg_catalog.pg_class.relkind = ANY (ARRAY[$2::VARCHAR, $3::VARCHAR, $4::VARCHAR, $5::VARCHAR, $6::VARCHAR]) AND pg_catalog.pg_table_is_visible(pg_catalog.pg_class.oid) AND pg_catalog.pg_namespace.nspname != $7::VARCHAR
2026-02-28 17:44:14,167 INFO sqlalchemy.engine.Engine [cached since 0.02388s ago] ('whois_history', 'r', 'p', 'f', 'v', 'm', 'pg_catalog')
2026-02-28 17:44:14,168 INFO sqlalchemy.engine.Engine SELECT pg_catalog.pg_class.relname 
FROM pg_catalog.pg_class JOIN pg_catalog.pg_namespace ON pg_catalog.pg_namespace.oid = pg_catalog.pg_class.relnamespace 
WHERE pg_catalog.pg_class.relname = $1::VARCHAR AND pg_catalog.pg_class.relkind = ANY (ARRAY[$2::VARCHAR, $3::VARCHAR, $4::VARCHAR, $5::VARCHAR, $6::VARCHAR]) AND pg_catalog.pg_table_is_visible(pg_catalog.pg_class.oid) AND pg_catalog.pg_namespace.nspname != $7::VARCHAR
2026-02-28 17:44:14,169 INFO sqlalchemy.engine.Engine [cached since 0.02582s ago] ('ip_lookups', 'r', 'p', 'f', 'v', 'm', 'pg_catalog')
2026-02-28 17:44:14,169 INFO sqlalchemy.engine.Engine SELECT pg_catalog.pg_class.relname 
FROM pg_catalog.pg_class JOIN pg_catalog.pg_namespace ON pg_catalog.pg_namespace.oid = pg_catalog.pg_class.relnamespace 
WHERE pg_catalog.pg_class.relname = $1::VARCHAR AND pg_catalog.pg_class.relkind = ANY (ARRAY[$2::VARCHAR, $3::VARCHAR, $4::VARCHAR, $5::VARCHAR, $6::VARCHAR]) AND pg_catalog.pg_table_is_visible(pg_catalog.pg_class.oid) AND pg_catalog.pg_namespace.nspname != $7::VARCHAR
2026-02-28 17:44:14,170 INFO sqlalchemy.engine.Engine [cached since 0.02746s ago] ('lookup_cache', 'r', 'p', 'f', 'v', 'm', 'pg_catalog')
2026-02-28 17:44:14,172 INFO sqlalchemy.engine.Engine ALTER TABLE clients ADD COLUMN IF NOT EXISTS default_collectors JSONB NOT NULL DEFAULT '[]'::jsonb
2026-02-28 17:44:14,172 INFO sqlalchemy.engine.Engine [generated in 0.00066s] ()
2026-02-28 17:44:14,174 INFO sqlalchemy.engine.Engine ALTER TABLE investigations ADD COLUMN IF NOT EXISTS observable_type VARCHAR(20) NOT NULL DEFAULT 'domain'
2026-02-28 17:44:14,175 INFO sqlalchemy.engine.Engine [generated in 0.00069s] ()
2026-02-28 17:44:14,176 INFO sqlalchemy.engine.Engine ALTER TABLE investigations ALTER COLUMN domain TYPE VARCHAR(512)
2026-02-28 17:44:14,177 INFO sqlalchemy.engine.Engine [generated in 0.00065s] ()
2026-02-28 17:44:14,183 INFO sqlalchemy.engine.Engine COMMIT
2026-02-28 17:44:14,594 INFO sqlalchemy.engine.Engine BEGIN (implicit)
2026-02-28 17:44:14,613 INFO sqlalchemy.engine.Engine SELECT investigations.id, investigations.domain, investigations.observable_type, investigations.state, investigations.context, investigations.client_domain, investigations.batch_id, investigations.created_at, investigations.updated_at, investigations.concluded_at, investigations.classification, investigations.confidence, investigations.risk_score, investigations.recommended_action, investigations.analyst_iterations, investigations.max_analyst_iterations 
FROM investigations ORDER BY investigations.created_at DESC 
 LIMIT $1::INTEGER OFFSET $2::INTEGER
2026-02-28 17:44:14,616 INFO sqlalchemy.engine.Engine [generated in 0.00214s] (1, 0)
2026-02-28 17:44:14,623 INFO sqlalchemy.engine.Engine SELECT count(investigations.id) AS count_1 
FROM investigations
2026-02-28 17:44:14,624 INFO sqlalchemy.engine.Engine [generated in 0.00079s] ()
INFO:     127.0.0.1:55191 - "GET /api/investigations?limit=1&offset=0 HTTP/1.1" 200 OK
2026-02-28 17:44:14,627 INFO sqlalchemy.engine.Engine COMMIT
INFO:     127.0.0.1:64813 - "GET /api/health HTTP/1.1" 200 OK
INFO:     127.0.0.1:64814 - "GET /openapi.json HTTP/1.1" 200 OK
INFO:     127.0.0.1:64815 - "POST /api/email-investigations/upload HTTP/1.1" 200 OK
