[config] Loaded .env from: C:\Users\tmoscaliuc\Downloads\script\threat-investigator\threat-intel\backend\.env
[config] Settings loaded — VT key: SET
 
 -------------- celery-local-8010-20260228-190930@EXP-JFW2P34 v5.6.2 (recovery)
--- ***** ----- 
-- ******* ---- Windows-11-10.0.26200-SP0 2026-02-28 19:09:40
- *** --- * --- 
- ** ---------- [config]
- ** ---------- .> app:         threat_intel:0x26473174d10
- ** ---------- .> transport:   redis://127.0.0.1:6379/5
- ** ---------- .> results:     redis://127.0.0.1:6379/6
- *** --- * --- .> concurrency: 8 (thread)
-- ******* ---- .> task events: OFF (enable -E to monitor tasks in this worker)
--- ***** ----- 
 -------------- [queues]
                .> investigations   exchange=investigations(direct) key=investigations
                

[tasks]
  . tasks.process_batch
  . tasks.run_analysis
  . tasks.run_collector
  . tasks.run_investigation
  . tasks.watchlist_check

2026-02-28 19:12:19,927 INFO sqlalchemy.engine.Engine select pg_catalog.version()
2026-02-28 19:12:19,929 INFO sqlalchemy.engine.Engine [raw sql] {}
2026-02-28 19:12:19,933 INFO sqlalchemy.engine.Engine select current_schema()
2026-02-28 19:12:19,934 INFO sqlalchemy.engine.Engine [raw sql] {}
2026-02-28 19:12:19,937 INFO sqlalchemy.engine.Engine show standard_conforming_strings
2026-02-28 19:12:19,938 INFO sqlalchemy.engine.Engine [raw sql] {}
2026-02-28 19:12:19,941 INFO sqlalchemy.engine.Engine BEGIN (implicit)
2026-02-28 19:12:20,009 INFO sqlalchemy.engine.Engine SELECT investigations.id AS investigations_id, investigations.domain AS investigations_domain, investigations.observable_type AS investigations_observable_type, investigations.state AS investigations_state, investigations.context AS investigations_context, investigations.client_domain AS investigations_client_domain, investigations.batch_id AS investigations_batch_id, investigations.created_at AS investigations_created_at, investigations.updated_at AS investigations_updated_at, investigations.concluded_at AS investigations_concluded_at, investigations.classification AS investigations_classification, investigations.confidence AS investigations_confidence, investigations.risk_score AS investigations_risk_score, investigations.recommended_action AS investigations_recommended_action, investigations.analyst_iterations AS investigations_analyst_iterations, investigations.max_analyst_iterations AS investigations_max_analyst_iterations 
FROM investigations 
WHERE investigations.id = %(pk_1)s::UUID
2026-02-28 19:12:20,013 INFO sqlalchemy.engine.Engine [generated in 0.00287s] {'pk_1': UUID('92a5eb61-1595-4b35-9a7b-fb5208c65bae')}
2026-02-28 19:12:20,019 INFO sqlalchemy.engine.Engine ROLLBACK
2026-02-28 19:12:20,021 INFO sqlalchemy.engine.Engine BEGIN (implicit)
2026-02-28 19:12:20,023 INFO sqlalchemy.engine.Engine SELECT investigations.id AS investigations_id, investigations.domain AS investigations_domain, investigations.observable_type AS investigations_observable_type, investigations.state AS investigations_state, investigations.context AS investigations_context, investigations.client_domain AS investigations_client_domain, investigations.batch_id AS investigations_batch_id, investigations.created_at AS investigations_created_at, investigations.updated_at AS investigations_updated_at, investigations.concluded_at AS investigations_concluded_at, investigations.classification AS investigations_classification, investigations.confidence AS investigations_confidence, investigations.risk_score AS investigations_risk_score, investigations.recommended_action AS investigations_recommended_action, investigations.analyst_iterations AS investigations_analyst_iterations, investigations.max_analyst_iterations AS investigations_max_analyst_iterations 
FROM investigations 
WHERE investigations.id = %(pk_1)s::UUID
2026-02-28 19:12:20,025 INFO sqlalchemy.engine.Engine [cached since 0.01529s ago] {'pk_1': UUID('92a5eb61-1595-4b35-9a7b-fb5208c65bae')}
2026-02-28 19:12:20,031 INFO sqlalchemy.engine.Engine UPDATE investigations SET state=%(state)s, updated_at=%(updated_at)s WHERE investigations.id = %(investigations_id)s::UUID
2026-02-28 19:12:20,034 INFO sqlalchemy.engine.Engine [generated in 0.00208s] {'state': 'gathering', 'updated_at': datetime.datetime(2026, 2, 28, 17, 12, 20, 29281, tzinfo=datetime.timezone.utc), 'investigations_id': UUID('92a5eb61-1595-4b35-9a7b-fb5208c65bae')}
2026-02-28 19:12:20,037 INFO sqlalchemy.engine.Engine COMMIT
2026-02-28 19:12:59,281 INFO sqlalchemy.engine.Engine BEGIN (implicit)
2026-02-28 19:12:59,282 INFO sqlalchemy.engine.Engine SELECT investigations.id AS investigations_id, investigations.domain AS investigations_domain, investigations.observable_type AS investigations_observable_type, investigations.state AS investigations_state, investigations.context AS investigations_context, investigations.client_domain AS investigations_client_domain, investigations.batch_id AS investigations_batch_id, investigations.created_at AS investigations_created_at, investigations.updated_at AS investigations_updated_at, investigations.concluded_at AS investigations_concluded_at, investigations.classification AS investigations_classification, investigations.confidence AS investigations_confidence, investigations.risk_score AS investigations_risk_score, investigations.recommended_action AS investigations_recommended_action, investigations.analyst_iterations AS investigations_analyst_iterations, investigations.max_analyst_iterations AS investigations_max_analyst_iterations 
FROM investigations 
WHERE investigations.id = %(pk_1)s::UUID
2026-02-28 19:12:59,283 INFO sqlalchemy.engine.Engine [cached since 39.27s ago] {'pk_1': UUID('92a5eb61-1595-4b35-9a7b-fb5208c65bae')}
2026-02-28 19:12:59,285 INFO sqlalchemy.engine.Engine UPDATE investigations SET state=%(state)s, updated_at=%(updated_at)s WHERE investigations.id = %(investigations_id)s::UUID
2026-02-28 19:12:59,286 INFO sqlalchemy.engine.Engine [cached since 39.25s ago] {'state': 'evaluating', 'updated_at': datetime.datetime(2026, 2, 28, 17, 12, 59, 285521, tzinfo=datetime.timezone.utc), 'investigations_id': UUID('92a5eb61-1595-4b35-9a7b-fb5208c65bae')}
2026-02-28 19:12:59,289 INFO sqlalchemy.engine.Engine COMMIT
2026-02-28 19:13:15,700 INFO sqlalchemy.engine.Engine BEGIN (implicit)
2026-02-28 19:13:15,706 INFO sqlalchemy.engine.Engine INSERT INTO artifacts (id, investigation_id, collector_name, artifact_name, sha256_hash, content_type, size_bytes, storage_path) VALUES (%(id)s::UUID, %(investigation_id)s::UUID, %(collector_name)s, %(artifact_name)s, %(sha256_hash)s, %(content_type)s, %(size_bytes)s, %(storage_path)s) RETURNING artifacts.created_at
2026-02-28 19:13:15,709 INFO sqlalchemy.engine.Engine [generated in 0.00248s] {'id': UUID('fef1eeaf-75cf-4350-beca-c8fc69670658'), 'investigation_id': UUID('92a5eb61-1595-4b35-9a7b-fb5208c65bae'), 'collector_name': 'screenshot', 'artifact_name': 'screenshot_domain.png', 'sha256_hash': '3a7dbc58e137d9f05c2d6483ea09f1d5d3b710004e19eabace68e3f65c723483', 'content_type': 'image/png', 'size_bytes': 377773, 'storage_path': 'artifacts\\92a5eb61-1595-4b35-9a7b-fb5208c65bae\\screenshot_domain.png'}
2026-02-28 19:13:15,717 INFO sqlalchemy.engine.Engine COMMIT
2026-02-28 19:13:17,466 INFO sqlalchemy.engine.Engine BEGIN (implicit)
2026-02-28 19:13:17,470 INFO sqlalchemy.engine.Engine INSERT INTO artifacts (id, investigation_id, collector_name, artifact_name, sha256_hash, content_type, size_bytes, storage_path) VALUES (%(id)s::UUID, %(investigation_id)s::UUID, %(collector_name)s, %(artifact_name)s, %(sha256_hash)s, %(content_type)s, %(size_bytes)s, %(storage_path)s) RETURNING artifacts.created_at
2026-02-28 19:13:17,472 INFO sqlalchemy.engine.Engine [cached since 1.766s ago] {'id': UUID('d2497b1d-b968-48e7-b06a-7bd7a3561cdd'), 'investigation_id': UUID('92a5eb61-1595-4b35-9a7b-fb5208c65bae'), 'collector_name': 'js_analysis', 'artifact_name': 'network_capture.har', 'sha256_hash': '27af057dc31eea7b26a272bf138b59ddcaa80493f7e862bc2ab3373559278019', 'content_type': 'application/json', 'size_bytes': 28466, 'storage_path': 'artifacts\\92a5eb61-1595-4b35-9a7b-fb5208c65bae\\network_capture.har'}
2026-02-28 19:13:17,475 INFO sqlalchemy.engine.Engine COMMIT
2026-02-28 19:13:18,405 INFO sqlalchemy.engine.Engine BEGIN (implicit)
2026-02-28 19:13:18,411 INFO sqlalchemy.engine.Engine 
                        SELECT i.domain
                        FROM investigations i
                        JOIN evidence e ON e.investigation_id = i.id
                        WHERE i.id != %(exc_id)s
                          AND i.state = 'concluded'
                          AND e.evidence_json->'dns'->'ns' @> :ns_val::jsonb
                        LIMIT 20
                    
2026-02-28 19:13:18,413 INFO sqlalchemy.engine.Engine [generated in 0.00141s] {'exc_id': '92a5eb61-1595-4b35-9a7b-fb5208c65bae'}
2026-02-28 19:13:18,416 INFO sqlalchemy.engine.Engine 
                        SELECT i.domain
                        FROM investigations i
                        JOIN evidence e ON e.investigation_id = i.id
                        WHERE i.id != %(exc_id)s
                          AND i.state = 'concluded'
                          AND e.evidence_json->'dns'->'ns' @> :ns_val::jsonb
                        LIMIT 20
                    
2026-02-28 19:13:18,417 INFO sqlalchemy.engine.Engine [cached since 0.005664s ago] {'exc_id': '92a5eb61-1595-4b35-9a7b-fb5208c65bae'}
2026-02-28 19:13:18,419 INFO sqlalchemy.engine.Engine 
                        SELECT i.domain
                        FROM investigations i
                        JOIN evidence e ON e.investigation_id = i.id
                        WHERE i.id != %(exc_id)s
                          AND i.state = 'concluded'
                          AND e.evidence_json->'dns'->'ns' @> :ns_val::jsonb
                        LIMIT 20
                    
2026-02-28 19:13:18,420 INFO sqlalchemy.engine.Engine [cached since 0.008821s ago] {'exc_id': '92a5eb61-1595-4b35-9a7b-fb5208c65bae'}
2026-02-28 19:13:18,422 INFO sqlalchemy.engine.Engine ROLLBACK
2026-02-28 19:13:18,424 INFO sqlalchemy.engine.Engine BEGIN (implicit)
2026-02-28 19:13:18,425 INFO sqlalchemy.engine.Engine 
                    SELECT DISTINCT i.domain
                    FROM investigations i
                    JOIN evidence e ON e.investigation_id = i.id
                    WHERE i.id != %(exc_id)s
                      AND i.state = 'concluded'
                      AND (e.evidence_json->'whois'->>'registrar' = %(registrar)s OR e.evidence_json->'whois'->>'registrant_org' = %(registrant_org)s)
                    LIMIT 20
                
2026-02-28 19:13:18,425 INFO sqlalchemy.engine.Engine [generated in 0.00078s] {'exc_id': '92a5eb61-1595-4b35-9a7b-fb5208c65bae', 'registrar': 'Ascio Technologies, Inc', 'registrant_org': 'Not Disclosed'}
2026-02-28 19:13:18,457 INFO sqlalchemy.engine.Engine ROLLBACK
2026-02-28 19:14:47,466 INFO sqlalchemy.engine.Engine BEGIN (implicit)
2026-02-28 19:14:47,466 INFO sqlalchemy.engine.Engine SELECT investigations.id AS investigations_id, investigations.domain AS investigations_domain, investigations.observable_type AS investigations_observable_type, investigations.state AS investigations_state, investigations.context AS investigations_context, investigations.client_domain AS investigations_client_domain, investigations.batch_id AS investigations_batch_id, investigations.created_at AS investigations_created_at, investigations.updated_at AS investigations_updated_at, investigations.concluded_at AS investigations_concluded_at, investigations.classification AS investigations_classification, investigations.confidence AS investigations_confidence, investigations.risk_score AS investigations_risk_score, investigations.recommended_action AS investigations_recommended_action, investigations.analyst_iterations AS investigations_analyst_iterations, investigations.max_analyst_iterations AS investigations_max_analyst_iterations 
FROM investigations 
WHERE investigations.id = %(pk_1)s::UUID
2026-02-28 19:14:47,467 INFO sqlalchemy.engine.Engine [cached since 147.5s ago] {'pk_1': UUID('92a5eb61-1595-4b35-9a7b-fb5208c65bae')}
2026-02-28 19:14:47,471 INFO sqlalchemy.engine.Engine UPDATE investigations SET state=%(state)s, updated_at=now(), concluded_at=%(concluded_at)s, classification=%(classification)s, confidence=%(confidence)s, risk_score=%(risk_score)s, recommended_action=%(recommended_action)s WHERE investigations.id = %(investigations_id)s::UUID
2026-02-28 19:14:47,472 INFO sqlalchemy.engine.Engine [generated in 0.00103s] {'state': 'concluded', 'concluded_at': datetime.datetime(2026, 2, 28, 17, 14, 47, 469264, tzinfo=datetime.timezone.utc), 'classification': 'benign', 'confidence': 'high', 'risk_score': 10, 'recommended_action': 'monitor', 'investigations_id': UUID('92a5eb61-1595-4b35-9a7b-fb5208c65bae')}
2026-02-28 19:14:47,475 INFO sqlalchemy.engine.Engine INSERT INTO evidence (id, investigation_id, evidence_json, signals, data_gaps, external_context) VALUES (%(id)s::UUID, %(investigation_id)s::UUID, %(evidence_json)s::JSONB, %(signals)s::JSONB, %(data_gaps)s::JSONB, %(external_context)s::JSONB) RETURNING evidence.created_at
2026-02-28 19:14:47,476 INFO sqlalchemy.engine.Engine [generated in 0.00157s] {'id': UUID('ae5d25b4-631e-4a25-a3e8-c7ad00e49eed'), 'investigation_id': UUID('92a5eb61-1595-4b35-9a7b-fb5208c65bae'), 'evidence_json': '{"domain": "expertware.net", "observable_type": "domain", "investigation_id": "92a5eb61-1595-4b35-9a7b-fb5208c65bae", "target_domain": "expertware.ne ... (87122 characters truncated) ... 7, "browser_postprocessing": 10936, "infrastructure_correlation": 1860, "signals_and_gaps": 0, "report_generation": 88125, "analysis_total": 108156}}', 'signals': '[{"id": "sig_whois_privacy", "category": "registration", "description": "WHOIS registration uses privacy protection", "severity": "info", "evidence_r ... (923 characters truncated) ... ertificate issuers across 47 certs \\u2014 infrastructure changes over time", "severity": "info", "evidence_refs": ["cert_timeline.unique_issuers"]}]', 'data_gaps': '[]', 'external_context': 'null'}
2026-02-28 19:14:47,488 INFO sqlalchemy.engine.Engine INSERT INTO reports (id, investigation_id, iteration, report_json, executive_summary, technical_narrative, recommendations) VALUES (%(id)s::UUID, %(investigation_id)s::UUID, %(iteration)s, %(report_json)s::JSONB, %(executive_summary)s, %(technical_narrative)s, %(recommendations)s) RETURNING reports.created_at
2026-02-28 19:14:47,488 INFO sqlalchemy.engine.Engine [generated in 0.00076s] {'id': UUID('101864be-1d6b-4ddd-968e-8eb4b7bf80fb'), 'investigation_id': UUID('92a5eb61-1595-4b35-9a7b-fb5208c65bae'), 'iteration': 0, 'report_json': '{"classification": "benign", "confidence": "high", "investigation_state": "concluded", "primary_reasoning": "expertware.net presents as a long-standi ... (8352 characters truncated) ...  residual risk but do not indicate active malicious use.", "executive_summary": null, "technical_narrative": null, "recommendations_narrative": null}', 'executive_summary': None, 'technical_narrative': None, 'recommendations': None}
2026-02-28 19:14:47,493 INFO sqlalchemy.engine.Engine INSERT INTO collector_results (id, investigation_id, collector_name, status, version, started_at, completed_at, duration_ms, evidence_json, error, raw_artifact_hash) VALUES (%(id)s::UUID, %(investigation_id)s::UUID, %(collector_name)s, %(status)s, %(version)s, %(started_at)s, %(completed_at)s, %(duration_ms)s, %(evidence_json)s::JSONB, %(error)s, %(raw_artifact_hash)s)
2026-02-28 19:14:47,493 INFO sqlalchemy.engine.Engine [generated in 0.00085s] {'id': UUID('92d40abd-c7a8-49ff-9cb6-7e7fa8a105d0'), 'investigation_id': UUID('92a5eb61-1595-4b35-9a7b-fb5208c65bae'), 'collector_name': 'asn', 'status': 'completed', 'version': '1.0.0', 'started_at': None, 'completed_at': None, 'duration_ms': 327, 'evidence_json': '{"meta": {"collector": "asn", "version": "1.0.0", "status": "completed", "started_at": "2026-02-28T17:12:20.090387Z", "completed_at": "2026-02-28T17: ... (278 characters truncated) ... ountry": "Netherlands", "city": "Amsterdam", "is_cdn": false, "is_cloud": true, "is_hosting": true, "reverse_dns": "", "related_domains_same_ip": []}', 'error': None, 'raw_artifact_hash': None}
2026-02-28 19:14:47,497 INFO sqlalchemy.engine.Engine INSERT INTO collector_results (id, investigation_id, collector_name, status, version, started_at, completed_at, duration_ms, evidence_json, error, raw_artifact_hash) VALUES (%(id)s::UUID, %(investigation_id)s::UUID, %(collector_name)s, %(status)s, %(version)s, %(started_at)s, %(completed_at)s, %(duration_ms)s, %(evidence_json)s::JSONB, %(error)s, %(raw_artifact_hash)s)
2026-02-28 19:14:47,498 INFO sqlalchemy.engine.Engine [cached since 0.00493s ago] {'id': UUID('62b2eb33-ef95-4596-ae7f-9e68e4d05785'), 'investigation_id': UUID('92a5eb61-1595-4b35-9a7b-fb5208c65bae'), 'collector_name': 'tls', 'status': 'completed', 'version': '1.0.0', 'started_at': None, 'completed_at': None, 'duration_ms': 483, 'evidence_json': '{"meta": {"collector": "tls", "version": "1.0.0", "status": "completed", "started_at": "2026-02-28T17:12:20.055070Z", "completed_at": "2026-02-28T17: ... (590 characters truncated) ... , "is_self_signed": false, "chain_length": 1, "chain_issuers": [], "cert_sha256": "14d9d13c384e312ad0598e8173129ed7c360881bdaf0805445cda5dbaa1d01c6"}', 'error': None, 'raw_artifact_hash': None}
2026-02-28 19:14:47,500 INFO sqlalchemy.engine.Engine INSERT INTO collector_results (id, investigation_id, collector_name, status, version, started_at, completed_at, duration_ms, evidence_json, error, raw_artifact_hash) VALUES (%(id)s::UUID, %(investigation_id)s::UUID, %(collector_name)s, %(status)s, %(version)s, %(started_at)s, %(completed_at)s, %(duration_ms)s, %(evidence_json)s::JSONB, %(error)s, %(raw_artifact_hash)s)
2026-02-28 19:14:47,500 INFO sqlalchemy.engine.Engine [cached since 0.007329s ago] {'id': UUID('9f74b667-6017-4290-9610-49cd42d8cd35'), 'investigation_id': UUID('92a5eb61-1595-4b35-9a7b-fb5208c65bae'), 'collector_name': 'dns', 'status': 'completed', 'version': '1.0.0', 'started_at': None, 'completed_at': None, 'duration_ms': 515, 'evidence_json': '{"meta": {"collector": "dns", "version": "1.0.0", "status": "completed", "started_at": "2026-02-28T17:12:20.050791Z", "completed_at": "2026-02-28T17: ... (1575 characters truncated) ... YS3tU6JpzEqiqeC5lPBFOQDTtNX5wKtyPU"], "dmarc": "v=DMARC1; p=quarantine", "spf": "v=spf1 include:spf.protection.outlook.com -all", "has_dnssec": null}', 'error': None, 'raw_artifact_hash': None}
2026-02-28 19:14:47,502 INFO sqlalchemy.engine.Engine INSERT INTO collector_results (id, investigation_id, collector_name, status, version, started_at, completed_at, duration_ms, evidence_json, error, raw_artifact_hash) VALUES (%(id)s::UUID, %(investigation_id)s::UUID, %(collector_name)s, %(status)s, %(version)s, %(started_at)s, %(completed_at)s, %(duration_ms)s, %(evidence_json)s::JSONB, %(error)s, %(raw_artifact_hash)s)
2026-02-28 19:14:47,503 INFO sqlalchemy.engine.Engine [cached since 0.009943s ago] {'id': UUID('280c4810-046c-46ae-9a5e-a26e637b89ce'), 'investigation_id': UUID('92a5eb61-1595-4b35-9a7b-fb5208c65bae'), 'collector_name': 'whois', 'status': 'completed', 'version': '1.0.0', 'started_at': None, 'completed_at': None, 'duration_ms': 1217, 'evidence_json': '{"meta": {"collector": "whois", "version": "1.0.0", "status": "completed", "started_at": "2026-02-28T17:12:20.057194Z", "completed_at": "2026-02-28T1 ... (447 characters truncated) ... asket.com", "ns.fr.hostbasket.com", "ns.nl.hostbasket.com"], "statuses": ["clientTransferProhibited https://icann.org/epp#clientTransferProhibited"]}', 'error': None, 'raw_artifact_hash': None}
2026-02-28 19:14:47,505 INFO sqlalchemy.engine.Engine INSERT INTO collector_results (id, investigation_id, collector_name, status, version, started_at, completed_at, duration_ms, evidence_json, error, raw_artifact_hash) VALUES (%(id)s::UUID, %(investigation_id)s::UUID, %(collector_name)s, %(status)s, %(version)s, %(started_at)s, %(completed_at)s, %(duration_ms)s, %(evidence_json)s::JSONB, %(error)s, %(raw_artifact_hash)s)
2026-02-28 19:14:47,505 INFO sqlalchemy.engine.Engine [cached since 0.01278s ago] {'id': UUID('ad151e27-24e6-414c-b19a-0410c45fbda4'), 'investigation_id': UUID('92a5eb61-1595-4b35-9a7b-fb5208c65bae'), 'collector_name': 'vt', 'status': 'completed', 'version': '1.0.0', 'started_at': None, 'completed_at': None, 'duration_ms': 2609, 'evidence_json': '{"meta": {"collector": "vt", "version": "1.0.0", "status": "completed", "started_at": "2026-02-28T17:12:20.193813Z", "completed_at": "2026-02-28T17:1 ... (10321 characters truncated) ... ted", "vt_cert_subject": "*.expertware.net", "vt_registrar": "Ascio Technologies, Inc", "tags": [], "notes": [], "file_name": null, "file_names": []}', 'error': None, 'raw_artifact_hash': None}
2026-02-28 19:14:47,509 INFO sqlalchemy.engine.Engine INSERT INTO collector_results (id, investigation_id, collector_name, status, version, started_at, completed_at, duration_ms, evidence_json, error, raw_artifact_hash) VALUES (%(id)s::UUID, %(investigation_id)s::UUID, %(collector_name)s, %(status)s, %(version)s, %(started_at)s, %(completed_at)s, %(duration_ms)s, %(evidence_json)s::JSONB, %(error)s, %(raw_artifact_hash)s)
2026-02-28 19:14:47,510 INFO sqlalchemy.engine.Engine [cached since 0.01728s ago] {'id': UUID('4dbbdc5b-dd3b-496a-8ab6-5ce662c2965d'), 'investigation_id': UUID('92a5eb61-1595-4b35-9a7b-fb5208c65bae'), 'collector_name': 'http', 'status': 'completed', 'version': '1.0.0', 'started_at': None, 'completed_at': None, 'duration_ms': 3092, 'evidence_json': '{"meta": {"collector": "http", "version": "1.0.0", "status": "completed", "started_at": "2026-02-28T17:12:20.053459Z", "completed_at": "2026-02-28T17 ... (1710 characters truncated) ... _resources": ["platform.twitter.com", "px.ads.linkedin.com", "unpkg.com", "www.gdprprivacynotice.com", "www.google.com", "www.googletagmanager.com"]}', 'error': None, 'raw_artifact_hash': None}
2026-02-28 19:14:47,512 INFO sqlalchemy.engine.Engine INSERT INTO collector_results (id, investigation_id, collector_name, status, version, started_at, completed_at, duration_ms, evidence_json, error, raw_artifact_hash) VALUES (%(id)s::UUID, %(investigation_id)s::UUID, %(collector_name)s, %(status)s, %(version)s, %(started_at)s, %(completed_at)s, %(duration_ms)s, %(evidence_json)s::JSONB, %(error)s, %(raw_artifact_hash)s)
2026-02-28 19:14:47,513 INFO sqlalchemy.engine.Engine [cached since 0.02008s ago] {'id': UUID('2b46745d-a261-440e-b17e-a2aea5fad19a'), 'investigation_id': UUID('92a5eb61-1595-4b35-9a7b-fb5208c65bae'), 'collector_name': 'threat_feeds', 'status': 'completed', 'version': '1.0.0', 'started_at': None, 'completed_at': None, 'duration_ms': 3530, 'evidence_json': '{"meta": {"collector": "threat_feeds", "version": "1.0.0", "status": "completed", "started_at": "2026-02-28T17:12:20.200934Z", "completed_at": "2026- ... (512 characters truncated) ... matches": [], "openphish_listed": false, "feeds_checked": ["abuseipdb", "phishtank", "openphish"], "feeds_skipped": ["threatfox (error: HTTPError)"]}', 'error': None, 'raw_artifact_hash': None}
2026-02-28 19:14:47,515 INFO sqlalchemy.engine.Engine INSERT INTO collector_results (id, investigation_id, collector_name, status, version, started_at, completed_at, duration_ms, evidence_json, error, raw_artifact_hash) VALUES (%(id)s::UUID, %(investigation_id)s::UUID, %(collector_name)s, %(status)s, %(version)s, %(started_at)s, %(completed_at)s, %(duration_ms)s, %(evidence_json)s::JSONB, %(error)s, %(raw_artifact_hash)s)
2026-02-28 19:14:47,516 INFO sqlalchemy.engine.Engine [cached since 0.0228s ago] {'id': UUID('db5015cb-b05b-4ca7-b7b1-814e502e263e'), 'investigation_id': UUID('92a5eb61-1595-4b35-9a7b-fb5208c65bae'), 'collector_name': 'intel', 'status': 'completed', 'version': '1.0.0', 'started_at': None, 'completed_at': None, 'duration_ms': 4717, 'evidence_json': '{"meta": {"collector": "intel", "version": "1.0.0", "status": "completed", "started_at": "2026-02-28T17:12:20.179256Z", "completed_at": "2026-02-28T1 ... (19887 characters truncated) ... t_before": "2017-08-31T00:00:00", "not_after": "2017-11-29T23:59:59", "entry_timestamp": "2017-09-03T23:22:50", "name_value": "www.expertware.net"}]}', 'error': None, 'raw_artifact_hash': None}
2026-02-28 19:14:47,524 INFO sqlalchemy.engine.Engine INSERT INTO collector_results (id, investigation_id, collector_name, status, version, started_at, completed_at, duration_ms, evidence_json, error, raw_artifact_hash) VALUES (%(id)s::UUID, %(investigation_id)s::UUID, %(collector_name)s, %(status)s, %(version)s, %(started_at)s, %(completed_at)s, %(duration_ms)s, %(evidence_json)s::JSONB, %(error)s, %(raw_artifact_hash)s)
2026-02-28 19:14:47,525 INFO sqlalchemy.engine.Engine [cached since 0.03158s ago] {'id': UUID('ecd72548-ca21-4e59-9ef9-0453b0b94170'), 'investigation_id': UUID('92a5eb61-1595-4b35-9a7b-fb5208c65bae'), 'collector_name': 'urlscan', 'status': 'completed', 'version': '1.0.0', 'started_at': None, 'completed_at': None, 'duration_ms': 39046, 'evidence_json': '{"meta": {"collector": "urlscan", "version": "1.0.0", "status": "completed", "started_at": "2026-02-28T17:12:20.208569Z", "completed_at": "2026-02-28 ... (1030 characters truncated) ... ries": [], "brands": [], "votesTotal": 0, "votesMalicious": 0, "votesBenign": 0, "malicious": false, "hasVerdicts": false}}, "tags": [], "notes": []}', 'error': None, 'raw_artifact_hash': None}
2026-02-28 19:14:47,528 INFO sqlalchemy.engine.Engine INSERT INTO iocs (id, investigation_id, type, value, context, confidence) VALUES (%(id__0)s::UUID, %(investigation_id__0)s::UUID, %(type__0)s, %(value__0)s, %(context__0)s, %(confidence__0)s), (%(id__1)s::UUID, %(investigation_id__1)s::UUID, %(type__1)s, %(value__1)s, %(context__1)s, %(confidence__1)s), (%(id__2)s::UUID, %(investigation_id__2)s::UUID, %(type__2)s, %(value__2)s, %(context__2)s, %(confidence__2)s) RETURNING iocs.created_at, iocs.id
2026-02-28 19:14:47,529 INFO sqlalchemy.engine.Engine [generated in 0.00011s (insertmanyvalues) 1/1 (ordered)] {'context__0': 'Investigated domain (corporate website)', 'confidence__0': 'high', 'investigation_id__0': UUID('92a5eb61-1595-4b35-9a7b-fb5208c65bae'), 'id__0': UUID('1a747b14-df7b-4b58-a12b-f3405ebc8e12'), 'value__0': 'expertware.net', 'type__0': 'domain', 'context__1': 'A record for expertware.net (hosting on Microsoft Azure App Service, westeurope)', 'confidence__1': 'high', 'investigation_id__1': UUID('92a5eb61-1595-4b35-9a7b-fb5208c65bae'), 'id__1': UUID('696cc914-9f56-4114-a3cc-19fc81d129e4'), 'value__1': '52.178.90.230', 'type__1': 'ip', 'context__2': 'Resolved subdomain (related certificate entries and separate IP 217.156.25.18)', 'confidence__2': 'medium', 'investigation_id__2': UUID('92a5eb61-1595-4b35-9a7b-fb5208c65bae'), 'id__2': UUID('f9c28590-52a3-43f7-8a3d-a9986aa67ae7'), 'value__2': 'cybersec.expertware.net', 'type__2': 'domain'}
2026-02-28 19:14:47,534 INFO sqlalchemy.engine.Engine SELECT whois_history.id, whois_history.domain, whois_history.whois_json, whois_history.captured_at, whois_history.investigation_id, whois_history.changes_from_previous 
FROM whois_history 
WHERE whois_history.domain = %(domain_1)s ORDER BY whois_history.captured_at DESC 
 LIMIT %(param_1)s
2026-02-28 19:14:47,534 INFO sqlalchemy.engine.Engine [generated in 0.00115s] {'domain_1': 'expertware.net', 'param_1': 1}
2026-02-28 19:14:47,540 INFO sqlalchemy.engine.Engine INSERT INTO whois_history (id, domain, whois_json, investigation_id, changes_from_previous) VALUES (%(id)s::UUID, %(domain)s, %(whois_json)s::JSONB, %(investigation_id)s::UUID, %(changes_from_previous)s::JSONB) RETURNING whois_history.captured_at
2026-02-28 19:14:47,541 INFO sqlalchemy.engine.Engine [generated in 0.00102s] {'id': UUID('325bb74e-2177-461f-b3f7-d9a15ecae726'), 'domain': 'expertware.net', 'whois_json': '{"meta": {"collector": "whois", "version": "1.0.0", "status": "completed", "started_at": "2026-02-28T17:12:20.057194Z", "completed_at": "2026-02-28T1 ... (447 characters truncated) ... asket.com", "ns.fr.hostbasket.com", "ns.nl.hostbasket.com"], "statuses": ["clientTransferProhibited https://icann.org/epp#clientTransferProhibited"]}', 'investigation_id': UUID('92a5eb61-1595-4b35-9a7b-fb5208c65bae'), 'changes_from_previous': '{}'}
2026-02-28 19:14:47,544 INFO sqlalchemy.engine.Engine COMMIT
2026-02-28 19:14:47,547 INFO sqlalchemy.engine.Engine BEGIN (implicit)
2026-02-28 19:14:47,550 INFO sqlalchemy.engine.Engine SELECT investigations.id AS investigations_id, investigations.domain AS investigations_domain, investigations.observable_type AS investigations_observable_type, investigations.state AS investigations_state, investigations.context AS investigations_context, investigations.client_domain AS investigations_client_domain, investigations.batch_id AS investigations_batch_id, investigations.created_at AS investigations_created_at, investigations.updated_at AS investigations_updated_at, investigations.concluded_at AS investigations_concluded_at, investigations.classification AS investigations_classification, investigations.confidence AS investigations_confidence, investigations.risk_score AS investigations_risk_score, investigations.recommended_action AS investigations_recommended_action, investigations.analyst_iterations AS investigations_analyst_iterations, investigations.max_analyst_iterations AS investigations_max_analyst_iterations 
FROM investigations 
WHERE investigations.id = %(pk_1)s::UUID
2026-02-28 19:14:47,552 INFO sqlalchemy.engine.Engine [generated in 0.00127s] {'pk_1': UUID('92a5eb61-1595-4b35-9a7b-fb5208c65bae')}
2026-02-28 19:14:47,553 INFO sqlalchemy.engine.Engine ROLLBACK
