[config] Loaded .env from: C:\Users\tmoscaliuc\Downloads\script\threat-investigator\threat-intel\backend\.env
[config] Settings loaded — VT key: SET
 
 -------------- celery-local-8010-20260228-190016@EXP-JFW2P34 v5.6.2 (recovery)
--- ***** ----- 
-- ******* ---- Windows-11-10.0.26200-SP0 2026-02-28 19:00:30
- *** --- * --- 
- ** ---------- [config]
- ** ---------- .> app:         threat_intel:0x17932e44ec0
- ** ---------- .> transport:   redis://127.0.0.1:6379/5
- ** ---------- .> results:     redis://127.0.0.1:6379/6
- *** --- * --- .> concurrency: 8 (thread)
-- ******* ---- .> task events: OFF (enable -E to monitor tasks in this worker)
--- ***** ----- 
 -------------- [queues]
                .> investigations   exchange=investigations(direct) key=investigations
                

[tasks]
  . tasks.process_batch
  . tasks.run_analysis
  . tasks.run_collector
  . tasks.run_investigation
  . tasks.watchlist_check

2026-02-28 19:00:31,805 INFO sqlalchemy.engine.Engine select pg_catalog.version()
2026-02-28 19:00:31,809 INFO sqlalchemy.engine.Engine [raw sql] {}
2026-02-28 19:00:31,813 INFO sqlalchemy.engine.Engine select current_schema()
2026-02-28 19:00:31,814 INFO sqlalchemy.engine.Engine [raw sql] {}
2026-02-28 19:00:31,817 INFO sqlalchemy.engine.Engine show standard_conforming_strings
2026-02-28 19:00:31,819 INFO sqlalchemy.engine.Engine [raw sql] {}
2026-02-28 19:00:31,823 INFO sqlalchemy.engine.Engine BEGIN (implicit)
2026-02-28 19:00:31,823 INFO sqlalchemy.engine.Engine BEGIN (implicit)
2026-02-28 19:00:31,900 INFO sqlalchemy.engine.Engine SELECT investigations.id AS investigations_id, investigations.domain AS investigations_domain, investigations.observable_type AS investigations_observable_type, investigations.state AS investigations_state, investigations.context AS investigations_context, investigations.client_domain AS investigations_client_domain, investigations.batch_id AS investigations_batch_id, investigations.created_at AS investigations_created_at, investigations.updated_at AS investigations_updated_at, investigations.concluded_at AS investigations_concluded_at, investigations.classification AS investigations_classification, investigations.confidence AS investigations_confidence, investigations.risk_score AS investigations_risk_score, investigations.recommended_action AS investigations_recommended_action, investigations.analyst_iterations AS investigations_analyst_iterations, investigations.max_analyst_iterations AS investigations_max_analyst_iterations 
FROM investigations 
WHERE investigations.id = %(pk_1)s::UUID
2026-02-28 19:00:31,901 INFO sqlalchemy.engine.Engine SELECT investigations.id AS investigations_id, investigations.domain AS investigations_domain, investigations.observable_type AS investigations_observable_type, investigations.state AS investigations_state, investigations.context AS investigations_context, investigations.client_domain AS investigations_client_domain, investigations.batch_id AS investigations_batch_id, investigations.created_at AS investigations_created_at, investigations.updated_at AS investigations_updated_at, investigations.concluded_at AS investigations_concluded_at, investigations.classification AS investigations_classification, investigations.confidence AS investigations_confidence, investigations.risk_score AS investigations_risk_score, investigations.recommended_action AS investigations_recommended_action, investigations.analyst_iterations AS investigations_analyst_iterations, investigations.max_analyst_iterations AS investigations_max_analyst_iterations 
FROM investigations 
WHERE investigations.id = %(pk_1)s::UUID
2026-02-28 19:00:31,902 INFO sqlalchemy.engine.Engine [generated in 0.00189s] {'pk_1': UUID('49effc1d-c390-4a76-a2fa-092e23cdcc2a')}
2026-02-28 19:00:31,902 INFO sqlalchemy.engine.Engine [generated in 0.00135s] {'pk_1': UUID('89b7b7d3-f3d3-4cb5-82ee-caf5b9ae5ef3')}
2026-02-28 19:00:31,908 INFO sqlalchemy.engine.Engine ROLLBACK
2026-02-28 19:00:31,909 INFO sqlalchemy.engine.Engine ROLLBACK
2026-02-28 19:00:31,912 INFO sqlalchemy.engine.Engine BEGIN (implicit)
2026-02-28 19:00:31,913 INFO sqlalchemy.engine.Engine BEGIN (implicit)
2026-02-28 19:00:31,914 INFO sqlalchemy.engine.Engine SELECT investigations.id AS investigations_id, investigations.domain AS investigations_domain, investigations.observable_type AS investigations_observable_type, investigations.state AS investigations_state, investigations.context AS investigations_context, investigations.client_domain AS investigations_client_domain, investigations.batch_id AS investigations_batch_id, investigations.created_at AS investigations_created_at, investigations.updated_at AS investigations_updated_at, investigations.concluded_at AS investigations_concluded_at, investigations.classification AS investigations_classification, investigations.confidence AS investigations_confidence, investigations.risk_score AS investigations_risk_score, investigations.recommended_action AS investigations_recommended_action, investigations.analyst_iterations AS investigations_analyst_iterations, investigations.max_analyst_iterations AS investigations_max_analyst_iterations 
FROM investigations 
WHERE investigations.id = %(pk_1)s::UUID
2026-02-28 19:00:31,914 INFO sqlalchemy.engine.Engine SELECT investigations.id AS investigations_id, investigations.domain AS investigations_domain, investigations.observable_type AS investigations_observable_type, investigations.state AS investigations_state, investigations.context AS investigations_context, investigations.client_domain AS investigations_client_domain, investigations.batch_id AS investigations_batch_id, investigations.created_at AS investigations_created_at, investigations.updated_at AS investigations_updated_at, investigations.concluded_at AS investigations_concluded_at, investigations.classification AS investigations_classification, investigations.confidence AS investigations_confidence, investigations.risk_score AS investigations_risk_score, investigations.recommended_action AS investigations_recommended_action, investigations.analyst_iterations AS investigations_analyst_iterations, investigations.max_analyst_iterations AS investigations_max_analyst_iterations 
FROM investigations 
WHERE investigations.id = %(pk_1)s::UUID
2026-02-28 19:00:31,915 INFO sqlalchemy.engine.Engine [cached since 0.01457s ago] {'pk_1': UUID('49effc1d-c390-4a76-a2fa-092e23cdcc2a')}
2026-02-28 19:00:31,916 INFO sqlalchemy.engine.Engine [cached since 0.01533s ago] {'pk_1': UUID('89b7b7d3-f3d3-4cb5-82ee-caf5b9ae5ef3')}
2026-02-28 19:00:31,921 INFO sqlalchemy.engine.Engine UPDATE investigations SET state=%(state)s, updated_at=%(updated_at)s WHERE investigations.id = %(investigations_id)s::UUID
2026-02-28 19:00:31,922 INFO sqlalchemy.engine.Engine UPDATE investigations SET state=%(state)s, updated_at=%(updated_at)s WHERE investigations.id = %(investigations_id)s::UUID
2026-02-28 19:00:31,923 INFO sqlalchemy.engine.Engine [generated in 0.00195s] {'state': 'gathering', 'updated_at': datetime.datetime(2026, 2, 28, 17, 0, 31, 918122, tzinfo=datetime.timezone.utc), 'investigations_id': UUID('49effc1d-c390-4a76-a2fa-092e23cdcc2a')}
2026-02-28 19:00:31,923 INFO sqlalchemy.engine.Engine [cached since 0.002578s ago] {'state': 'gathering', 'updated_at': datetime.datetime(2026, 2, 28, 17, 0, 31, 921137, tzinfo=datetime.timezone.utc), 'investigations_id': UUID('89b7b7d3-f3d3-4cb5-82ee-caf5b9ae5ef3')}
2026-02-28 19:00:31,926 INFO sqlalchemy.engine.Engine COMMIT
2026-02-28 19:00:31,926 INFO sqlalchemy.engine.Engine COMMIT
2026-02-28 19:00:39,065 INFO sqlalchemy.engine.Engine BEGIN (implicit)
2026-02-28 19:00:39,066 INFO sqlalchemy.engine.Engine BEGIN (implicit)
2026-02-28 19:00:39,066 INFO sqlalchemy.engine.Engine SELECT investigations.id AS investigations_id, investigations.domain AS investigations_domain, investigations.observable_type AS investigations_observable_type, investigations.state AS investigations_state, investigations.context AS investigations_context, investigations.client_domain AS investigations_client_domain, investigations.batch_id AS investigations_batch_id, investigations.created_at AS investigations_created_at, investigations.updated_at AS investigations_updated_at, investigations.concluded_at AS investigations_concluded_at, investigations.classification AS investigations_classification, investigations.confidence AS investigations_confidence, investigations.risk_score AS investigations_risk_score, investigations.recommended_action AS investigations_recommended_action, investigations.analyst_iterations AS investigations_analyst_iterations, investigations.max_analyst_iterations AS investigations_max_analyst_iterations 
FROM investigations 
WHERE investigations.id = %(pk_1)s::UUID
2026-02-28 19:00:39,067 INFO sqlalchemy.engine.Engine SELECT investigations.id AS investigations_id, investigations.domain AS investigations_domain, investigations.observable_type AS investigations_observable_type, investigations.state AS investigations_state, investigations.context AS investigations_context, investigations.client_domain AS investigations_client_domain, investigations.batch_id AS investigations_batch_id, investigations.created_at AS investigations_created_at, investigations.updated_at AS investigations_updated_at, investigations.concluded_at AS investigations_concluded_at, investigations.classification AS investigations_classification, investigations.confidence AS investigations_confidence, investigations.risk_score AS investigations_risk_score, investigations.recommended_action AS investigations_recommended_action, investigations.analyst_iterations AS investigations_analyst_iterations, investigations.max_analyst_iterations AS investigations_max_analyst_iterations 
FROM investigations 
WHERE investigations.id = %(pk_1)s::UUID
2026-02-28 19:00:39,068 INFO sqlalchemy.engine.Engine [cached since 7.167s ago] {'pk_1': UUID('49effc1d-c390-4a76-a2fa-092e23cdcc2a')}
2026-02-28 19:00:39,069 INFO sqlalchemy.engine.Engine [cached since 7.168s ago] {'pk_1': UUID('89b7b7d3-f3d3-4cb5-82ee-caf5b9ae5ef3')}
2026-02-28 19:00:39,072 INFO sqlalchemy.engine.Engine UPDATE investigations SET state=%(state)s, updated_at=%(updated_at)s WHERE investigations.id = %(investigations_id)s::UUID
2026-02-28 19:00:39,073 INFO sqlalchemy.engine.Engine UPDATE investigations SET state=%(state)s, updated_at=%(updated_at)s WHERE investigations.id = %(investigations_id)s::UUID
2026-02-28 19:00:39,074 INFO sqlalchemy.engine.Engine [cached since 7.153s ago] {'state': 'evaluating', 'updated_at': datetime.datetime(2026, 2, 28, 17, 0, 39, 71893, tzinfo=datetime.timezone.utc), 'investigations_id': UUID('49effc1d-c390-4a76-a2fa-092e23cdcc2a')}
2026-02-28 19:00:39,075 INFO sqlalchemy.engine.Engine [cached since 7.154s ago] {'state': 'evaluating', 'updated_at': datetime.datetime(2026, 2, 28, 17, 0, 39, 72564, tzinfo=datetime.timezone.utc), 'investigations_id': UUID('89b7b7d3-f3d3-4cb5-82ee-caf5b9ae5ef3')}
2026-02-28 19:00:39,076 INFO sqlalchemy.engine.Engine COMMIT
2026-02-28 19:00:39,077 INFO sqlalchemy.engine.Engine COMMIT
2026-02-28 19:00:56,941 INFO sqlalchemy.engine.Engine BEGIN (implicit)
2026-02-28 19:00:56,944 INFO sqlalchemy.engine.Engine INSERT INTO artifacts (id, investigation_id, collector_name, artifact_name, sha256_hash, content_type, size_bytes, storage_path) VALUES (%(id)s::UUID, %(investigation_id)s::UUID, %(collector_name)s, %(artifact_name)s, %(sha256_hash)s, %(content_type)s, %(size_bytes)s, %(storage_path)s) RETURNING artifacts.created_at
2026-02-28 19:00:56,946 INFO sqlalchemy.engine.Engine [generated in 0.00127s] {'id': UUID('c9da0070-ae63-450c-a890-15d616d3d4f2'), 'investigation_id': UUID('89b7b7d3-f3d3-4cb5-82ee-caf5b9ae5ef3'), 'collector_name': 'screenshot', 'artifact_name': 'screenshot_domain.png', 'sha256_hash': '0d836797bcae7642120c099946f62dfa433c64e057ed85e76aa49e351ae0888a', 'content_type': 'image/png', 'size_bytes': 15903, 'storage_path': 'artifacts\\89b7b7d3-f3d3-4cb5-82ee-caf5b9ae5ef3\\screenshot_domain.png'}
2026-02-28 19:00:56,951 INFO sqlalchemy.engine.Engine COMMIT
2026-02-28 19:00:57,108 INFO sqlalchemy.engine.Engine BEGIN (implicit)
2026-02-28 19:00:57,113 INFO sqlalchemy.engine.Engine INSERT INTO artifacts (id, investigation_id, collector_name, artifact_name, sha256_hash, content_type, size_bytes, storage_path) VALUES (%(id)s::UUID, %(investigation_id)s::UUID, %(collector_name)s, %(artifact_name)s, %(sha256_hash)s, %(content_type)s, %(size_bytes)s, %(storage_path)s) RETURNING artifacts.created_at
2026-02-28 19:00:57,115 INFO sqlalchemy.engine.Engine [cached since 0.1699s ago] {'id': UUID('2f209317-9885-43b0-a10d-7bd53d263b02'), 'investigation_id': UUID('49effc1d-c390-4a76-a2fa-092e23cdcc2a'), 'collector_name': 'screenshot', 'artifact_name': 'screenshot_domain.png', 'sha256_hash': '66bbe2978a4f96606cfeb9b7fed857b7f095bfc93668f510331d3af5de76f574', 'content_type': 'image/png', 'size_bytes': 353436, 'storage_path': 'artifacts\\49effc1d-c390-4a76-a2fa-092e23cdcc2a\\screenshot_domain.png'}
2026-02-28 19:00:57,119 INFO sqlalchemy.engine.Engine COMMIT
2026-02-28 19:00:58,800 INFO sqlalchemy.engine.Engine BEGIN (implicit)
2026-02-28 19:00:58,806 INFO sqlalchemy.engine.Engine INSERT INTO artifacts (id, investigation_id, collector_name, artifact_name, sha256_hash, content_type, size_bytes, storage_path) VALUES (%(id)s::UUID, %(investigation_id)s::UUID, %(collector_name)s, %(artifact_name)s, %(sha256_hash)s, %(content_type)s, %(size_bytes)s, %(storage_path)s) RETURNING artifacts.created_at
2026-02-28 19:00:58,809 INFO sqlalchemy.engine.Engine [cached since 1.864s ago] {'id': UUID('3956dcc0-9dbb-4393-880a-91ffe23624e1'), 'investigation_id': UUID('89b7b7d3-f3d3-4cb5-82ee-caf5b9ae5ef3'), 'collector_name': 'js_analysis', 'artifact_name': 'network_capture.har', 'sha256_hash': 'a51d79891858f58a63ff6145ddbcb6ffaea42a8b419203d38b0a287f9a6e2a08', 'content_type': 'application/json', 'size_bytes': 940, 'storage_path': 'artifacts\\89b7b7d3-f3d3-4cb5-82ee-caf5b9ae5ef3\\network_capture.har'}
2026-02-28 19:00:58,813 INFO sqlalchemy.engine.Engine COMMIT
2026-02-28 19:00:59,052 INFO sqlalchemy.engine.Engine BEGIN (implicit)
2026-02-28 19:00:59,057 INFO sqlalchemy.engine.Engine INSERT INTO artifacts (id, investigation_id, collector_name, artifact_name, sha256_hash, content_type, size_bytes, storage_path) VALUES (%(id)s::UUID, %(investigation_id)s::UUID, %(collector_name)s, %(artifact_name)s, %(sha256_hash)s, %(content_type)s, %(size_bytes)s, %(storage_path)s) RETURNING artifacts.created_at
2026-02-28 19:00:59,059 INFO sqlalchemy.engine.Engine [cached since 2.114s ago] {'id': UUID('387b3b30-7913-4258-8a44-f89ba6addd16'), 'investigation_id': UUID('49effc1d-c390-4a76-a2fa-092e23cdcc2a'), 'collector_name': 'js_analysis', 'artifact_name': 'network_capture.har', 'sha256_hash': 'd78c3c084d9288f4aeddb88cba50dad894278c991ea5956f635baaec4aacb61d', 'content_type': 'application/json', 'size_bytes': 2028, 'storage_path': 'artifacts\\49effc1d-c390-4a76-a2fa-092e23cdcc2a\\network_capture.har'}
2026-02-28 19:00:59,063 INFO sqlalchemy.engine.Engine COMMIT
2026-02-28 19:03:04,825 INFO sqlalchemy.engine.Engine BEGIN (implicit)
2026-02-28 19:03:04,826 INFO sqlalchemy.engine.Engine BEGIN (implicit)
2026-02-28 19:03:04,827 INFO sqlalchemy.engine.Engine SELECT investigations.id AS investigations_id, investigations.domain AS investigations_domain, investigations.observable_type AS investigations_observable_type, investigations.state AS investigations_state, investigations.context AS investigations_context, investigations.client_domain AS investigations_client_domain, investigations.batch_id AS investigations_batch_id, investigations.created_at AS investigations_created_at, investigations.updated_at AS investigations_updated_at, investigations.concluded_at AS investigations_concluded_at, investigations.classification AS investigations_classification, investigations.confidence AS investigations_confidence, investigations.risk_score AS investigations_risk_score, investigations.recommended_action AS investigations_recommended_action, investigations.analyst_iterations AS investigations_analyst_iterations, investigations.max_analyst_iterations AS investigations_max_analyst_iterations 
FROM investigations 
WHERE investigations.id = %(pk_1)s::UUID
2026-02-28 19:03:04,829 INFO sqlalchemy.engine.Engine SELECT investigations.id AS investigations_id, investigations.domain AS investigations_domain, investigations.observable_type AS investigations_observable_type, investigations.state AS investigations_state, investigations.context AS investigations_context, investigations.client_domain AS investigations_client_domain, investigations.batch_id AS investigations_batch_id, investigations.created_at AS investigations_created_at, investigations.updated_at AS investigations_updated_at, investigations.concluded_at AS investigations_concluded_at, investigations.classification AS investigations_classification, investigations.confidence AS investigations_confidence, investigations.risk_score AS investigations_risk_score, investigations.recommended_action AS investigations_recommended_action, investigations.analyst_iterations AS investigations_analyst_iterations, investigations.max_analyst_iterations AS investigations_max_analyst_iterations 
FROM investigations 
WHERE investigations.id = %(pk_1)s::UUID
2026-02-28 19:03:04,829 INFO sqlalchemy.engine.Engine [cached since 152.9s ago] {'pk_1': UUID('89b7b7d3-f3d3-4cb5-82ee-caf5b9ae5ef3')}
2026-02-28 19:03:04,829 INFO sqlalchemy.engine.Engine [cached since 152.9s ago] {'pk_1': UUID('49effc1d-c390-4a76-a2fa-092e23cdcc2a')}
2026-02-28 19:03:04,833 INFO sqlalchemy.engine.Engine UPDATE investigations SET state=%(state)s, updated_at=now(), concluded_at=%(concluded_at)s, classification=%(classification)s, confidence=%(confidence)s, risk_score=%(risk_score)s, recommended_action=%(recommended_action)s WHERE investigations.id = %(investigations_id)s::UUID
2026-02-28 19:03:04,834 INFO sqlalchemy.engine.Engine UPDATE investigations SET state=%(state)s, updated_at=now(), concluded_at=%(concluded_at)s, classification=%(classification)s, confidence=%(confidence)s, risk_score=%(risk_score)s, recommended_action=%(recommended_action)s WHERE investigations.id = %(investigations_id)s::UUID
2026-02-28 19:03:04,834 INFO sqlalchemy.engine.Engine [generated in 0.00160s] {'state': 'concluded', 'concluded_at': datetime.datetime(2026, 2, 28, 17, 3, 4, 832418, tzinfo=datetime.timezone.utc), 'classification': 'benign', 'confidence': 'medium', 'risk_score': 15, 'recommended_action': 'monitor', 'investigations_id': UUID('89b7b7d3-f3d3-4cb5-82ee-caf5b9ae5ef3')}
2026-02-28 19:03:04,836 INFO sqlalchemy.engine.Engine [cached since 0.002978s ago] {'state': 'concluded', 'concluded_at': datetime.datetime(2026, 2, 28, 17, 3, 4, 833395, tzinfo=datetime.timezone.utc), 'classification': 'benign', 'confidence': 'medium', 'risk_score': 15, 'recommended_action': 'monitor', 'investigations_id': UUID('49effc1d-c390-4a76-a2fa-092e23cdcc2a')}
2026-02-28 19:03:04,841 INFO sqlalchemy.engine.Engine INSERT INTO evidence (id, investigation_id, evidence_json, signals, data_gaps, external_context) VALUES (%(id)s::UUID, %(investigation_id)s::UUID, %(evidence_json)s::JSONB, %(signals)s::JSONB, %(data_gaps)s::JSONB, %(external_context)s::JSONB) RETURNING evidence.created_at
2026-02-28 19:03:04,846 INFO sqlalchemy.engine.Engine INSERT INTO evidence (id, investigation_id, evidence_json, signals, data_gaps, external_context) VALUES (%(id)s::UUID, %(investigation_id)s::UUID, %(evidence_json)s::JSONB, %(signals)s::JSONB, %(data_gaps)s::JSONB, %(external_context)s::JSONB) RETURNING evidence.created_at
2026-02-28 19:03:04,846 INFO sqlalchemy.engine.Engine [generated in 0.00664s] {'id': UUID('636b37c7-76e7-479b-b8c9-7a9f795aff46'), 'investigation_id': UUID('89b7b7d3-f3d3-4cb5-82ee-caf5b9ae5ef3'), 'evidence_json': '{"domain": "https://manage.j2.email/t/j-u-ydtuudjk-hhdulriiut-d/", "observable_type": "url", "investigation_id": "89b7b7d3-f3d3-4cb5-82ee-caf5b9ae5ef ... (51963 characters truncated) ... , "browser_postprocessing": 15922, "infrastructure_correlation": 3500, "signals_and_gaps": 0, "report_generation": 122500, "analysis_total": 145733}}', 'signals': '[{"id": "sig_free_cert", "category": "certificate", "description": "Uses free/automated CA: Let\'s Encrypt", "severity": "info", "evidence_refs": ["t ... (1872 characters truncated) ... ertificate issuers across 46 certs \\u2014 infrastructure changes over time", "severity": "info", "evidence_refs": ["cert_timeline.unique_issuers"]}]', 'data_gaps': '[{"id": "gap_whois_failed", "description": "WHOIS collection failed: WhoisError: Whois command returned no output", "collector": "whois", "reason": "WhoisError: Whois command returned no output", "impact": "Cannot assess domain age, registrar, or registration privacy"}]', 'external_context': 'null'}
2026-02-28 19:03:04,849 INFO sqlalchemy.engine.Engine [cached since 0.009002s ago] {'id': UUID('e4cc453c-47f6-4698-93d0-d331e6e1167e'), 'investigation_id': UUID('49effc1d-c390-4a76-a2fa-092e23cdcc2a'), 'evidence_json': '{"domain": "https://manage.j2.email/t/j-e-ydtuudjk-hhdulriiut-t/", "observable_type": "url", "investigation_id": "49effc1d-c390-4a76-a2fa-092e23cdcc2 ... (53214 characters truncated) ... , "browser_postprocessing": 15640, "infrastructure_correlation": 3250, "signals_and_gaps": 0, "report_generation": 122500, "analysis_total": 145733}}', 'signals': '[{"id": "sig_free_cert", "category": "certificate", "description": "Uses free/automated CA: Let\'s Encrypt", "severity": "info", "evidence_refs": ["t ... (1894 characters truncated) ... ertificate issuers across 46 certs \\u2014 infrastructure changes over time", "severity": "info", "evidence_refs": ["cert_timeline.unique_issuers"]}]', 'data_gaps': '[{"id": "gap_whois_failed", "description": "WHOIS collection failed: WhoisError: Whois command returned no output", "collector": "whois", "reason": "WhoisError: Whois command returned no output", "impact": "Cannot assess domain age, registrar, or registration privacy"}]', 'external_context': 'null'}
2026-02-28 19:03:04,861 INFO sqlalchemy.engine.Engine INSERT INTO reports (id, investigation_id, iteration, report_json, executive_summary, technical_narrative, recommendations) VALUES (%(id)s::UUID, %(investigation_id)s::UUID, %(iteration)s, %(report_json)s::JSONB, %(executive_summary)s, %(technical_narrative)s, %(recommendations)s) RETURNING reports.created_at
2026-02-28 19:03:04,863 INFO sqlalchemy.engine.Engine INSERT INTO reports (id, investigation_id, iteration, report_json, executive_summary, technical_narrative, recommendations) VALUES (%(id)s::UUID, %(investigation_id)s::UUID, %(iteration)s, %(report_json)s::JSONB, %(executive_summary)s, %(technical_narrative)s, %(recommendations)s) RETURNING reports.created_at
2026-02-28 19:03:04,864 INFO sqlalchemy.engine.Engine [generated in 0.00335s] {'id': UUID('76d421a7-99fd-48a5-ba7d-af2bd703e864'), 'investigation_id': UUID('89b7b7d3-f3d3-4cb5-82ee-caf5b9ae5ef3'), 'iteration': 0, 'report_json': '{"classification": "benign", "confidence": "medium", "investigation_state": "concluded", "primary_reasoning": "Analyst timeout after 120s. Fallback a ... (2428 characters truncated) ... ring for 7-14 days. 2. Track certificate and DNS changes for sudden infrastructure shifts. 3. Alert only if verified malicious feed matches appear."}', 'executive_summary': 'Analyst timeout after 120s. Fallback automated analysis applied. Observable: https://manage.j2.email/t/j-u-ydtuudjk-hhdulriiut-d/ (url) Classificatio ... (26 characters truncated) ... ce), risk 15/100. Final URL observed: https://manage.j2.email/t/j-u-ydtuudjk-hhdulriiut-d/. Key evidence: VirusTotal: 1 malicious, 0 suspicious of 94', 'technical_narrative': 'Network and web telemetry show reachable=True, redirects=0, and JS activity 4 requests (3 external). Email posture is spoofability=high. Threat feeds: PhishTank=False (verified=False), OpenPhish=False, ThreatFox matches=0. Pipeline timings (ms): report_generation=None, browser_postprocessing=None.', 'recommendations': '1. Keep the observable in passive monitoring for 7-14 days. 2. Track certificate and DNS changes for sudden infrastructure shifts. 3. Alert only if verified malicious feed matches appear.'}
2026-02-28 19:03:04,865 INFO sqlalchemy.engine.Engine [cached since 0.00427s ago] {'id': UUID('8d59e16d-16d5-44de-ae01-943b229e50ba'), 'investigation_id': UUID('49effc1d-c390-4a76-a2fa-092e23cdcc2a'), 'iteration': 0, 'report_json': '{"classification": "benign", "confidence": "medium", "investigation_state": "concluded", "primary_reasoning": "Analyst timeout after 120s. Fallback a ... (2428 characters truncated) ... ring for 7-14 days. 2. Track certificate and DNS changes for sudden infrastructure shifts. 3. Alert only if verified malicious feed matches appear."}', 'executive_summary': 'Analyst timeout after 120s. Fallback automated analysis applied. Observable: https://manage.j2.email/t/j-e-ydtuudjk-hhdulriiut-t/ (url) Classificatio ... (26 characters truncated) ... ce), risk 15/100. Final URL observed: https://manage.j2.email/t/j-e-ydtuudjk-hhdulriiut-t/. Key evidence: VirusTotal: 1 malicious, 0 suspicious of 94', 'technical_narrative': 'Network and web telemetry show reachable=True, redirects=0, and JS activity 9 requests (8 external). Email posture is spoofability=high. Threat feeds: PhishTank=False (verified=False), OpenPhish=False, ThreatFox matches=0. Pipeline timings (ms): report_generation=None, browser_postprocessing=None.', 'recommendations': '1. Keep the observable in passive monitoring for 7-14 days. 2. Track certificate and DNS changes for sudden infrastructure shifts. 3. Alert only if verified malicious feed matches appear.'}
2026-02-28 19:03:04,872 INFO sqlalchemy.engine.Engine INSERT INTO collector_results (id, investigation_id, collector_name, status, version, started_at, completed_at, duration_ms, evidence_json, error, raw_artifact_hash) VALUES (%(id)s::UUID, %(investigation_id)s::UUID, %(collector_name)s, %(status)s, %(version)s, %(started_at)s, %(completed_at)s, %(duration_ms)s, %(evidence_json)s::JSONB, %(error)s, %(raw_artifact_hash)s)
2026-02-28 19:03:04,876 INFO sqlalchemy.engine.Engine INSERT INTO collector_results (id, investigation_id, collector_name, status, version, started_at, completed_at, duration_ms, evidence_json, error, raw_artifact_hash) VALUES (%(id)s::UUID, %(investigation_id)s::UUID, %(collector_name)s, %(status)s, %(version)s, %(started_at)s, %(completed_at)s, %(duration_ms)s, %(evidence_json)s::JSONB, %(error)s, %(raw_artifact_hash)s)
2026-02-28 19:03:04,878 INFO sqlalchemy.engine.Engine [generated in 0.00578s] {'id': UUID('01f52dac-c16e-4f22-80f6-a34492d21f5f'), 'investigation_id': UUID('89b7b7d3-f3d3-4cb5-82ee-caf5b9ae5ef3'), 'collector_name': 'asn', 'status': 'completed', 'version': '1.0.0', 'started_at': None, 'completed_at': None, 'duration_ms': 608, 'evidence_json': '{"meta": {"collector": "asn", "version": "1.0.0", "status": "completed", "started_at": "2026-02-28T17:00:32.247488Z", "completed_at": "2026-02-28T17: ... (299 characters truncated) ... s_cdn": false, "is_cloud": true, "is_hosting": true, "reverse_dns": "ec2-54-183-0-47.us-west-1.compute.amazonaws.com", "related_domains_same_ip": []}', 'error': None, 'raw_artifact_hash': None}
2026-02-28 19:03:04,879 INFO sqlalchemy.engine.Engine [cached since 0.007303s ago] {'id': UUID('cfc7dd33-1373-4e05-ac8a-46581a66d225'), 'investigation_id': UUID('49effc1d-c390-4a76-a2fa-092e23cdcc2a'), 'collector_name': 'asn', 'status': 'completed', 'version': '1.0.0', 'started_at': None, 'completed_at': None, 'duration_ms': 905, 'evidence_json': '{"meta": {"collector": "asn", "version": "1.0.0", "status": "completed", "started_at": "2026-02-28T17:00:31.944867Z", "completed_at": "2026-02-28T17: ... (299 characters truncated) ... s_cdn": false, "is_cloud": true, "is_hosting": true, "reverse_dns": "ec2-13-52-43-40.us-west-1.compute.amazonaws.com", "related_domains_same_ip": []}', 'error': None, 'raw_artifact_hash': None}
2026-02-28 19:03:04,886 INFO sqlalchemy.engine.Engine INSERT INTO collector_results (id, investigation_id, collector_name, status, version, started_at, completed_at, duration_ms, evidence_json, error, raw_artifact_hash) VALUES (%(id)s::UUID, %(investigation_id)s::UUID, %(collector_name)s, %(status)s, %(version)s, %(started_at)s, %(completed_at)s, %(duration_ms)s, %(evidence_json)s::JSONB, %(error)s, %(raw_artifact_hash)s)
2026-02-28 19:03:04,889 INFO sqlalchemy.engine.Engine INSERT INTO collector_results (id, investigation_id, collector_name, status, version, started_at, completed_at, duration_ms, evidence_json, error, raw_artifact_hash) VALUES (%(id)s::UUID, %(investigation_id)s::UUID, %(collector_name)s, %(status)s, %(version)s, %(started_at)s, %(completed_at)s, %(duration_ms)s, %(evidence_json)s::JSONB, %(error)s, %(raw_artifact_hash)s)
2026-02-28 19:03:04,890 INFO sqlalchemy.engine.Engine [cached since 0.01878s ago] {'id': UUID('ab80bb88-8641-4b85-9af3-681c18df199b'), 'investigation_id': UUID('89b7b7d3-f3d3-4cb5-82ee-caf5b9ae5ef3'), 'collector_name': 'tls', 'status': 'completed', 'version': '1.0.0', 'started_at': None, 'completed_at': None, 'duration_ms': 797, 'evidence_json': '{"meta": {"collector": "tls", "version": "1.0.0", "status": "completed", "started_at": "2026-02-28T17:00:32.108573Z", "completed_at": "2026-02-28T17: ... (522 characters truncated) ... , "is_self_signed": false, "chain_length": 1, "chain_issuers": [], "cert_sha256": "73b3f90310d65b3a1bef1e8f74cc8315f1b3f1cbac7f842e121f5e4e0322233f"}', 'error': None, 'raw_artifact_hash': None}
2026-02-28 19:03:04,894 INFO sqlalchemy.engine.Engine [cached since 0.02123s ago] {'id': UUID('eb75c6cf-41ab-4b26-92c9-9dd3be4a5688'), 'investigation_id': UUID('49effc1d-c390-4a76-a2fa-092e23cdcc2a'), 'collector_name': 'tls', 'status': 'completed', 'version': '1.0.0', 'started_at': None, 'completed_at': None, 'duration_ms': 952, 'evidence_json': '{"meta": {"collector": "tls", "version": "1.0.0", "status": "completed", "started_at": "2026-02-28T17:00:31.941962Z", "completed_at": "2026-02-28T17: ... (522 characters truncated) ... , "is_self_signed": false, "chain_length": 1, "chain_issuers": [], "cert_sha256": "73b3f90310d65b3a1bef1e8f74cc8315f1b3f1cbac7f842e121f5e4e0322233f"}', 'error': None, 'raw_artifact_hash': None}
2026-02-28 19:03:04,898 INFO sqlalchemy.engine.Engine INSERT INTO collector_results (id, investigation_id, collector_name, status, version, started_at, completed_at, duration_ms, evidence_json, error, raw_artifact_hash) VALUES (%(id)s::UUID, %(investigation_id)s::UUID, %(collector_name)s, %(status)s, %(version)s, %(started_at)s, %(completed_at)s, %(duration_ms)s, %(evidence_json)s::JSONB, %(error)s, %(raw_artifact_hash)s)
2026-02-28 19:03:04,899 INFO sqlalchemy.engine.Engine INSERT INTO collector_results (id, investigation_id, collector_name, status, version, started_at, completed_at, duration_ms, evidence_json, error, raw_artifact_hash) VALUES (%(id)s::UUID, %(investigation_id)s::UUID, %(collector_name)s, %(status)s, %(version)s, %(started_at)s, %(completed_at)s, %(duration_ms)s, %(evidence_json)s::JSONB, %(error)s, %(raw_artifact_hash)s)
2026-02-28 19:03:04,899 INFO sqlalchemy.engine.Engine [cached since 0.02738s ago] {'id': UUID('8de95e42-7c1a-4c30-b588-ebdaf52b86e3'), 'investigation_id': UUID('89b7b7d3-f3d3-4cb5-82ee-caf5b9ae5ef3'), 'collector_name': 'dns', 'status': 'completed', 'version': '1.0.0', 'started_at': None, 'completed_at': None, 'duration_ms': 968, 'evidence_json': '{"meta": {"collector": "dns", "version": "1.0.0", "status": "completed", "started_at": "2026-02-28T17:00:32.077634Z", "completed_at": "2026-02-28T17: ... (414 characters truncated) ... 3.40", "54.183.0.47"], "aaaa": [], "cname": ["cname.createsend.com."], "mx": [], "ns": [], "txt": [], "dmarc": null, "spf": null, "has_dnssec": null}', 'error': None, 'raw_artifact_hash': None}
2026-02-28 19:03:04,900 INFO sqlalchemy.engine.Engine [cached since 0.02786s ago] {'id': UUID('c67ff0d3-facd-4e9b-9bd4-bb067feda7b5'), 'investigation_id': UUID('49effc1d-c390-4a76-a2fa-092e23cdcc2a'), 'collector_name': 'dns', 'status': 'completed', 'version': '1.0.0', 'started_at': None, 'completed_at': None, 'duration_ms': 1125, 'evidence_json': '{"meta": {"collector": "dns", "version": "1.0.0", "status": "completed", "started_at": "2026-02-28T17:00:31.937604Z", "completed_at": "2026-02-28T17: ... (415 characters truncated) ... 0.47", "13.52.43.40"], "aaaa": [], "cname": ["cname.createsend.com."], "mx": [], "ns": [], "txt": [], "dmarc": null, "spf": null, "has_dnssec": null}', 'error': None, 'raw_artifact_hash': None}
2026-02-28 19:03:04,902 INFO sqlalchemy.engine.Engine INSERT INTO collector_results (id, investigation_id, collector_name, status, version, started_at, completed_at, duration_ms, evidence_json, error, raw_artifact_hash) VALUES (%(id)s::UUID, %(investigation_id)s::UUID, %(collector_name)s, %(status)s, %(version)s, %(started_at)s, %(completed_at)s, %(duration_ms)s, %(evidence_json)s::JSONB, %(error)s, %(raw_artifact_hash)s)
2026-02-28 19:03:04,903 INFO sqlalchemy.engine.Engine INSERT INTO collector_results (id, investigation_id, collector_name, status, version, started_at, completed_at, duration_ms, evidence_json, error, raw_artifact_hash) VALUES (%(id)s::UUID, %(investigation_id)s::UUID, %(collector_name)s, %(status)s, %(version)s, %(started_at)s, %(completed_at)s, %(duration_ms)s, %(evidence_json)s::JSONB, %(error)s, %(raw_artifact_hash)s)
2026-02-28 19:03:04,903 INFO sqlalchemy.engine.Engine [cached since 0.031s ago] {'id': UUID('78681058-d9af-4b58-8e79-e89906f003d9'), 'investigation_id': UUID('89b7b7d3-f3d3-4cb5-82ee-caf5b9ae5ef3'), 'collector_name': 'whois', 'status': 'failed', 'version': '1.0.0', 'started_at': None, 'completed_at': None, 'duration_ms': 1250, 'evidence_json': '{"meta": {"collector": "whois", "version": "1.0.0", "status": "failed", "started_at": "2026-02-28T17:00:32.222612Z", "completed_at": "2026-02-28T17:0 ... (195 characters truncated) ... e": null, "domain_age_days": null, "privacy_protected": null, "registrant_org": null, "registrant_country": null, "name_servers": [], "statuses": []}', 'error': None, 'raw_artifact_hash': None}
2026-02-28 19:03:04,904 INFO sqlalchemy.engine.Engine [cached since 0.03167s ago] {'id': UUID('afe1f124-82b1-4d7c-889b-78476abc80ad'), 'investigation_id': UUID('49effc1d-c390-4a76-a2fa-092e23cdcc2a'), 'collector_name': 'whois', 'status': 'failed', 'version': '1.0.0', 'started_at': None, 'completed_at': None, 'duration_ms': 1530, 'evidence_json': '{"meta": {"collector": "whois", "version": "1.0.0", "status": "failed", "started_at": "2026-02-28T17:00:31.943114Z", "completed_at": "2026-02-28T17:0 ... (195 characters truncated) ... e": null, "domain_age_days": null, "privacy_protected": null, "registrant_org": null, "registrant_country": null, "name_servers": [], "statuses": []}', 'error': None, 'raw_artifact_hash': None}
2026-02-28 19:03:04,907 INFO sqlalchemy.engine.Engine INSERT INTO collector_results (id, investigation_id, collector_name, status, version, started_at, completed_at, duration_ms, evidence_json, error, raw_artifact_hash) VALUES (%(id)s::UUID, %(investigation_id)s::UUID, %(collector_name)s, %(status)s, %(version)s, %(started_at)s, %(completed_at)s, %(duration_ms)s, %(evidence_json)s::JSONB, %(error)s, %(raw_artifact_hash)s)
2026-02-28 19:03:04,909 INFO sqlalchemy.engine.Engine [cached since 0.03704s ago] {'id': UUID('6ccc775f-f757-4425-9cb5-8564514db481'), 'investigation_id': UUID('89b7b7d3-f3d3-4cb5-82ee-caf5b9ae5ef3'), 'collector_name': 'vt', 'status': 'completed', 'version': '1.0.0', 'started_at': None, 'completed_at': None, 'duration_ms': 3547, 'evidence_json': '{"meta": {"collector": "vt", "version": "1.0.0", "status": "completed", "started_at": "2026-02-28T17:00:32.256216Z", "completed_at": "2026-02-28T17:0 ... (9531 characters truncated) ... ], "vt_cert_issuer": "", "vt_cert_subject": "", "vt_registrar": "", "tags": ["external-resources"], "notes": [], "file_name": null, "file_names": []}', 'error': None, 'raw_artifact_hash': None}
2026-02-28 19:03:04,910 INFO sqlalchemy.engine.Engine INSERT INTO collector_results (id, investigation_id, collector_name, status, version, started_at, completed_at, duration_ms, evidence_json, error, raw_artifact_hash) VALUES (%(id)s::UUID, %(investigation_id)s::UUID, %(collector_name)s, %(status)s, %(version)s, %(started_at)s, %(completed_at)s, %(duration_ms)s, %(evidence_json)s::JSONB, %(error)s, %(raw_artifact_hash)s)
2026-02-28 19:03:04,911 INFO sqlalchemy.engine.Engine [cached since 0.0393s ago] {'id': UUID('ffcdc0ab-8bd4-430c-a4f6-90b96091c952'), 'investigation_id': UUID('49effc1d-c390-4a76-a2fa-092e23cdcc2a'), 'collector_name': 'vt', 'status': 'completed', 'version': '1.0.0', 'started_at': None, 'completed_at': None, 'duration_ms': 3782, 'evidence_json': '{"meta": {"collector": "vt", "version": "1.0.0", "status": "completed", "started_at": "2026-02-28T17:00:32.272531Z", "completed_at": "2026-02-28T17:0 ... (9531 characters truncated) ... ], "vt_cert_issuer": "", "vt_cert_subject": "", "vt_registrar": "", "tags": ["external-resources"], "notes": [], "file_name": null, "file_names": []}', 'error': None, 'raw_artifact_hash': None}
2026-02-28 19:03:04,914 INFO sqlalchemy.engine.Engine INSERT INTO collector_results (id, investigation_id, collector_name, status, version, started_at, completed_at, duration_ms, evidence_json, error, raw_artifact_hash) VALUES (%(id)s::UUID, %(investigation_id)s::UUID, %(collector_name)s, %(status)s, %(version)s, %(started_at)s, %(completed_at)s, %(duration_ms)s, %(evidence_json)s::JSONB, %(error)s, %(raw_artifact_hash)s)
2026-02-28 19:03:04,915 INFO sqlalchemy.engine.Engine INSERT INTO collector_results (id, investigation_id, collector_name, status, version, started_at, completed_at, duration_ms, evidence_json, error, raw_artifact_hash) VALUES (%(id)s::UUID, %(investigation_id)s::UUID, %(collector_name)s, %(status)s, %(version)s, %(started_at)s, %(completed_at)s, %(duration_ms)s, %(evidence_json)s::JSONB, %(error)s, %(raw_artifact_hash)s)
2026-02-28 19:03:04,915 INFO sqlalchemy.engine.Engine [cached since 0.0429s ago] {'id': UUID('8dfa1071-25ae-4f19-b5f3-90e7201ff6b8'), 'investigation_id': UUID('89b7b7d3-f3d3-4cb5-82ee-caf5b9ae5ef3'), 'collector_name': 'http', 'status': 'completed', 'version': '1.0.0', 'started_at': None, 'completed_at': None, 'duration_ms': 5405, 'evidence_json': '{"meta": {"collector": "http", "version": "1.0.0", "status": "completed", "started_at": "2026-02-28T17:00:32.088762Z", "completed_at": "2026-02-28T17 ... (1161 characters truncated) ... no-referrer-when-downgrade"}, "brand_indicators": [], "phishing_indicators": [], "external_resources": ["css.createsend1.com", "js.createsend1.com"]}', 'error': None, 'raw_artifact_hash': None}
2026-02-28 19:03:04,917 INFO sqlalchemy.engine.Engine [cached since 0.04518s ago] {'id': UUID('71a1bdc2-c852-4de6-b44f-1c3163d9ade4'), 'investigation_id': UUID('49effc1d-c390-4a76-a2fa-092e23cdcc2a'), 'collector_name': 'http', 'status': 'completed', 'version': '1.0.0', 'started_at': None, 'completed_at': None, 'duration_ms': 5671, 'evidence_json': '{"meta": {"collector": "http", "version": "1.0.0", "status": "completed", "started_at": "2026-02-28T17:00:31.940623Z", "completed_at": "2026-02-28T17 ... (1658 characters truncated) ... reatesend1.com", "i2.createsend1.com", "i3.createsend1.com", "i4.createsend1.com", "i5.createsend1.com", "i6.createsend1.com", "i9.createsend1.com"]}', 'error': None, 'raw_artifact_hash': None}
2026-02-28 19:03:04,923 INFO sqlalchemy.engine.Engine INSERT INTO collector_results (id, investigation_id, collector_name, status, version, started_at, completed_at, duration_ms, evidence_json, error, raw_artifact_hash) VALUES (%(id)s::UUID, %(investigation_id)s::UUID, %(collector_name)s, %(status)s, %(version)s, %(started_at)s, %(completed_at)s, %(duration_ms)s, %(evidence_json)s::JSONB, %(error)s, %(raw_artifact_hash)s)
2026-02-28 19:03:04,927 INFO sqlalchemy.engine.Engine INSERT INTO collector_results (id, investigation_id, collector_name, status, version, started_at, completed_at, duration_ms, evidence_json, error, raw_artifact_hash) VALUES (%(id)s::UUID, %(investigation_id)s::UUID, %(collector_name)s, %(status)s, %(version)s, %(started_at)s, %(completed_at)s, %(duration_ms)s, %(evidence_json)s::JSONB, %(error)s, %(raw_artifact_hash)s)
2026-02-28 19:03:04,928 INFO sqlalchemy.engine.Engine [cached since 0.05574s ago] {'id': UUID('ee66a871-110f-466f-a2a9-ff507f1b0ce0'), 'investigation_id': UUID('89b7b7d3-f3d3-4cb5-82ee-caf5b9ae5ef3'), 'collector_name': 'threat_feeds', 'status': 'completed', 'version': '1.0.0', 'started_at': None, 'completed_at': None, 'duration_ms': 5547, 'evidence_json': '{"meta": {"collector": "threat_feeds", "version": "1.0.0", "status": "completed", "started_at": "2026-02-28T17:00:32.259607Z", "completed_at": "2026- ... (528 characters truncated) ... matches": [], "openphish_listed": false, "feeds_checked": ["abuseipdb", "phishtank", "openphish"], "feeds_skipped": ["threatfox (error: HTTPError)"]}', 'error': None, 'raw_artifact_hash': None}
2026-02-28 19:03:04,931 INFO sqlalchemy.engine.Engine [cached since 0.05842s ago] {'id': UUID('8b3c7fb4-cb66-4651-b3c4-7fc682d16db6'), 'investigation_id': UUID('49effc1d-c390-4a76-a2fa-092e23cdcc2a'), 'collector_name': 'threat_feeds', 'status': 'completed', 'version': '1.0.0', 'started_at': None, 'completed_at': None, 'duration_ms': 5609, 'evidence_json': '{"meta": {"collector": "threat_feeds", "version": "1.0.0", "status": "completed", "started_at": "2026-02-28T17:00:32.274590Z", "completed_at": "2026- ... (528 characters truncated) ... matches": [], "openphish_listed": false, "feeds_checked": ["abuseipdb", "phishtank", "openphish"], "feeds_skipped": ["threatfox (error: HTTPError)"]}', 'error': None, 'raw_artifact_hash': None}
2026-02-28 19:03:04,936 INFO sqlalchemy.engine.Engine INSERT INTO collector_results (id, investigation_id, collector_name, status, version, started_at, completed_at, duration_ms, evidence_json, error, raw_artifact_hash) VALUES (%(id)s::UUID, %(investigation_id)s::UUID, %(collector_name)s, %(status)s, %(version)s, %(started_at)s, %(completed_at)s, %(duration_ms)s, %(evidence_json)s::JSONB, %(error)s, %(raw_artifact_hash)s)
2026-02-28 19:03:04,942 INFO sqlalchemy.engine.Engine INSERT INTO collector_results (id, investigation_id, collector_name, status, version, started_at, completed_at, duration_ms, evidence_json, error, raw_artifact_hash) VALUES (%(id)s::UUID, %(investigation_id)s::UUID, %(collector_name)s, %(status)s, %(version)s, %(started_at)s, %(completed_at)s, %(duration_ms)s, %(evidence_json)s::JSONB, %(error)s, %(raw_artifact_hash)s)
2026-02-28 19:03:04,942 INFO sqlalchemy.engine.Engine [cached since 0.0701s ago] {'id': UUID('fc5a05a7-5a54-42a4-9307-d0c57f4d61d0'), 'investigation_id': UUID('89b7b7d3-f3d3-4cb5-82ee-caf5b9ae5ef3'), 'collector_name': 'intel', 'status': 'completed', 'version': '1.0.0', 'started_at': None, 'completed_at': None, 'duration_ms': 6797, 'evidence_json': '{"meta": {"collector": "intel", "version": "1.0.0", "status": "completed", "started_at": "2026-02-28T17:00:32.252867Z", "completed_at": "2026-02-28T1 ... (15776 characters truncated) ... _before": "2019-01-15T12:37:11", "not_after": "2019-04-15T12:37:11", "entry_timestamp": "2019-01-15T13:37:12.671", "name_value": "manage.j2.email"}]}', 'error': None, 'raw_artifact_hash': None}
2026-02-28 19:03:04,944 INFO sqlalchemy.engine.Engine [cached since 0.07249s ago] {'id': UUID('2543c899-8be3-4cde-b52b-14fa61268a29'), 'investigation_id': UUID('49effc1d-c390-4a76-a2fa-092e23cdcc2a'), 'collector_name': 'intel', 'status': 'completed', 'version': '1.0.0', 'started_at': None, 'completed_at': None, 'duration_ms': 6797, 'evidence_json': '{"meta": {"collector": "intel", "version": "1.0.0", "status": "completed", "started_at": "2026-02-28T17:00:32.263017Z", "completed_at": "2026-02-28T1 ... (15776 characters truncated) ... _before": "2019-01-15T12:37:11", "not_after": "2019-04-15T12:37:11", "entry_timestamp": "2019-01-15T13:37:12.671", "name_value": "manage.j2.email"}]}', 'error': None, 'raw_artifact_hash': None}
2026-02-28 19:03:04,947 INFO sqlalchemy.engine.Engine INSERT INTO iocs (id, investigation_id, type, value, context, confidence) VALUES (%(id)s::UUID, %(investigation_id)s::UUID, %(type)s, %(value)s, %(context)s, %(confidence)s) RETURNING iocs.created_at
2026-02-28 19:03:04,949 INFO sqlalchemy.engine.Engine [generated in 0.00123s] {'id': UUID('eee35e0f-3b3a-4f6c-82ed-49574ffdb4c0'), 'investigation_id': UUID('89b7b7d3-f3d3-4cb5-82ee-caf5b9ae5ef3'), 'type': 'ip', 'value': '13.52.43.40', 'context': 'AbuseIPDB lookup target', 'confidence': 'medium'}
2026-02-28 19:03:04,952 INFO sqlalchemy.engine.Engine INSERT INTO iocs (id, investigation_id, type, value, context, confidence) VALUES (%(id)s::UUID, %(investigation_id)s::UUID, %(type)s, %(value)s, %(context)s, %(confidence)s) RETURNING iocs.created_at
2026-02-28 19:03:04,953 INFO sqlalchemy.engine.Engine COMMIT
2026-02-28 19:03:04,956 INFO sqlalchemy.engine.Engine [cached since 0.006929s ago] {'id': UUID('deb125e2-6c37-473c-93a2-028657cf8058'), 'investigation_id': UUID('49effc1d-c390-4a76-a2fa-092e23cdcc2a'), 'type': 'ip', 'value': '13.52.43.40', 'context': 'AbuseIPDB lookup target', 'confidence': 'medium'}
2026-02-28 19:03:04,960 INFO sqlalchemy.engine.Engine BEGIN (implicit)
2026-02-28 19:03:04,964 INFO sqlalchemy.engine.Engine COMMIT
2026-02-28 19:03:04,965 INFO sqlalchemy.engine.Engine SELECT investigations.id AS investigations_id, investigations.domain AS investigations_domain, investigations.observable_type AS investigations_observable_type, investigations.state AS investigations_state, investigations.context AS investigations_context, investigations.client_domain AS investigations_client_domain, investigations.batch_id AS investigations_batch_id, investigations.created_at AS investigations_created_at, investigations.updated_at AS investigations_updated_at, investigations.concluded_at AS investigations_concluded_at, investigations.classification AS investigations_classification, investigations.confidence AS investigations_confidence, investigations.risk_score AS investigations_risk_score, investigations.recommended_action AS investigations_recommended_action, investigations.analyst_iterations AS investigations_analyst_iterations, investigations.max_analyst_iterations AS investigations_max_analyst_iterations 
FROM investigations 
WHERE investigations.id = %(pk_1)s::UUID
2026-02-28 19:03:04,969 INFO sqlalchemy.engine.Engine [generated in 0.00321s] {'pk_1': UUID('89b7b7d3-f3d3-4cb5-82ee-caf5b9ae5ef3')}
2026-02-28 19:03:04,969 INFO sqlalchemy.engine.Engine BEGIN (implicit)
2026-02-28 19:03:04,975 INFO sqlalchemy.engine.Engine ROLLBACK
2026-02-28 19:03:04,976 INFO sqlalchemy.engine.Engine SELECT investigations.id AS investigations_id, investigations.domain AS investigations_domain, investigations.observable_type AS investigations_observable_type, investigations.state AS investigations_state, investigations.context AS investigations_context, investigations.client_domain AS investigations_client_domain, investigations.batch_id AS investigations_batch_id, investigations.created_at AS investigations_created_at, investigations.updated_at AS investigations_updated_at, investigations.concluded_at AS investigations_concluded_at, investigations.classification AS investigations_classification, investigations.confidence AS investigations_confidence, investigations.risk_score AS investigations_risk_score, investigations.recommended_action AS investigations_recommended_action, investigations.analyst_iterations AS investigations_analyst_iterations, investigations.max_analyst_iterations AS investigations_max_analyst_iterations 
FROM investigations 
WHERE investigations.id = %(pk_1)s::UUID
2026-02-28 19:03:04,982 INFO sqlalchemy.engine.Engine [cached since 0.01609s ago] {'pk_1': UUID('49effc1d-c390-4a76-a2fa-092e23cdcc2a')}
2026-02-28 19:03:04,987 INFO sqlalchemy.engine.Engine ROLLBACK
