[config] Loaded .env from: C:\Users\tmoscaliuc\Downloads\script\threat-investigator\threat-intel\backend\.env
[config] Settings loaded — VT key: SET
 
 -------------- celery-local-8010-20260228-193342@EXP-JFW2P34 v5.6.2 (recovery)
--- ***** ----- 
-- ******* ---- Windows-11-10.0.26200-SP0 2026-02-28 19:33:50
- *** --- * --- 
- ** ---------- [config]
- ** ---------- .> app:         threat_intel:0x252aa938ad0
- ** ---------- .> transport:   redis://127.0.0.1:6379/5
- ** ---------- .> results:     redis://127.0.0.1:6379/6
- *** --- * --- .> concurrency: 8 (thread)
-- ******* ---- .> task events: OFF (enable -E to monitor tasks in this worker)
--- ***** ----- 
 -------------- [queues]
                .> investigations   exchange=investigations(direct) key=investigations
                

[tasks]
  . tasks.process_batch
  . tasks.run_analysis
  . tasks.run_collector
  . tasks.run_investigation
  . tasks.watchlist_check

2026-02-28 19:43:44,987 INFO sqlalchemy.engine.Engine select pg_catalog.version()
2026-02-28 19:43:44,990 INFO sqlalchemy.engine.Engine [raw sql] {}
2026-02-28 19:43:44,993 INFO sqlalchemy.engine.Engine select current_schema()
2026-02-28 19:43:44,995 INFO sqlalchemy.engine.Engine [raw sql] {}
2026-02-28 19:43:44,998 INFO sqlalchemy.engine.Engine show standard_conforming_strings
2026-02-28 19:43:44,999 INFO sqlalchemy.engine.Engine [raw sql] {}
2026-02-28 19:43:45,003 INFO sqlalchemy.engine.Engine BEGIN (implicit)
2026-02-28 19:43:45,040 INFO sqlalchemy.engine.Engine SELECT investigations.id AS investigations_id, investigations.domain AS investigations_domain, investigations.observable_type AS investigations_observable_type, investigations.state AS investigations_state, investigations.context AS investigations_context, investigations.client_domain AS investigations_client_domain, investigations.batch_id AS investigations_batch_id, investigations.created_at AS investigations_created_at, investigations.updated_at AS investigations_updated_at, investigations.concluded_at AS investigations_concluded_at, investigations.classification AS investigations_classification, investigations.confidence AS investigations_confidence, investigations.risk_score AS investigations_risk_score, investigations.recommended_action AS investigations_recommended_action, investigations.analyst_iterations AS investigations_analyst_iterations, investigations.max_analyst_iterations AS investigations_max_analyst_iterations 
FROM investigations 
WHERE investigations.id = %(pk_1)s::UUID
2026-02-28 19:43:45,044 INFO sqlalchemy.engine.Engine [generated in 0.00287s] {'pk_1': UUID('91f2f9b6-1ef7-4387-aad9-373182ba9891')}
2026-02-28 19:43:45,052 INFO sqlalchemy.engine.Engine ROLLBACK
2026-02-28 19:43:45,055 INFO sqlalchemy.engine.Engine BEGIN (implicit)
2026-02-28 19:43:45,056 INFO sqlalchemy.engine.Engine SELECT investigations.id AS investigations_id, investigations.domain AS investigations_domain, investigations.observable_type AS investigations_observable_type, investigations.state AS investigations_state, investigations.context AS investigations_context, investigations.client_domain AS investigations_client_domain, investigations.batch_id AS investigations_batch_id, investigations.created_at AS investigations_created_at, investigations.updated_at AS investigations_updated_at, investigations.concluded_at AS investigations_concluded_at, investigations.classification AS investigations_classification, investigations.confidence AS investigations_confidence, investigations.risk_score AS investigations_risk_score, investigations.recommended_action AS investigations_recommended_action, investigations.analyst_iterations AS investigations_analyst_iterations, investigations.max_analyst_iterations AS investigations_max_analyst_iterations 
FROM investigations 
WHERE investigations.id = %(pk_1)s::UUID
2026-02-28 19:43:45,057 INFO sqlalchemy.engine.Engine [cached since 0.01685s ago] {'pk_1': UUID('91f2f9b6-1ef7-4387-aad9-373182ba9891')}
2026-02-28 19:43:45,065 INFO sqlalchemy.engine.Engine UPDATE investigations SET state=%(state)s, updated_at=%(updated_at)s WHERE investigations.id = %(investigations_id)s::UUID
2026-02-28 19:43:45,067 INFO sqlalchemy.engine.Engine [generated in 0.00261s] {'state': 'gathering', 'updated_at': datetime.datetime(2026, 2, 28, 17, 43, 45, 61744, tzinfo=datetime.timezone.utc), 'investigations_id': UUID('91f2f9b6-1ef7-4387-aad9-373182ba9891')}
2026-02-28 19:43:45,070 INFO sqlalchemy.engine.Engine COMMIT
2026-02-28 19:44:01,581 INFO sqlalchemy.engine.Engine BEGIN (implicit)
2026-02-28 19:44:01,583 INFO sqlalchemy.engine.Engine SELECT investigations.id AS investigations_id, investigations.domain AS investigations_domain, investigations.observable_type AS investigations_observable_type, investigations.state AS investigations_state, investigations.context AS investigations_context, investigations.client_domain AS investigations_client_domain, investigations.batch_id AS investigations_batch_id, investigations.created_at AS investigations_created_at, investigations.updated_at AS investigations_updated_at, investigations.concluded_at AS investigations_concluded_at, investigations.classification AS investigations_classification, investigations.confidence AS investigations_confidence, investigations.risk_score AS investigations_risk_score, investigations.recommended_action AS investigations_recommended_action, investigations.analyst_iterations AS investigations_analyst_iterations, investigations.max_analyst_iterations AS investigations_max_analyst_iterations 
FROM investigations 
WHERE investigations.id = %(pk_1)s::UUID
2026-02-28 19:44:01,583 INFO sqlalchemy.engine.Engine [cached since 16.54s ago] {'pk_1': UUID('91f2f9b6-1ef7-4387-aad9-373182ba9891')}
2026-02-28 19:44:01,585 INFO sqlalchemy.engine.Engine UPDATE investigations SET state=%(state)s, updated_at=%(updated_at)s WHERE investigations.id = %(investigations_id)s::UUID
2026-02-28 19:44:01,585 INFO sqlalchemy.engine.Engine [cached since 16.52s ago] {'state': 'evaluating', 'updated_at': datetime.datetime(2026, 2, 28, 17, 44, 1, 585276, tzinfo=datetime.timezone.utc), 'investigations_id': UUID('91f2f9b6-1ef7-4387-aad9-373182ba9891')}
2026-02-28 19:44:01,586 INFO sqlalchemy.engine.Engine COMMIT
2026-02-28 19:44:20,479 INFO sqlalchemy.engine.Engine BEGIN (implicit)
2026-02-28 19:44:20,486 INFO sqlalchemy.engine.Engine INSERT INTO artifacts (id, investigation_id, collector_name, artifact_name, sha256_hash, content_type, size_bytes, storage_path) VALUES (%(id)s::UUID, %(investigation_id)s::UUID, %(collector_name)s, %(artifact_name)s, %(sha256_hash)s, %(content_type)s, %(size_bytes)s, %(storage_path)s) RETURNING artifacts.created_at
2026-02-28 19:44:20,487 INFO sqlalchemy.engine.Engine [generated in 0.00150s] {'id': UUID('9302f282-5bce-4014-a309-1b6190d8087b'), 'investigation_id': UUID('91f2f9b6-1ef7-4387-aad9-373182ba9891'), 'collector_name': 'screenshot', 'artifact_name': 'screenshot_domain.png', 'sha256_hash': 'e5400b657bb54cfff12e77f95f50c553468613569b9a6c6b798cda1b900b547f', 'content_type': 'image/png', 'size_bytes': 400360, 'storage_path': 'artifacts\\91f2f9b6-1ef7-4387-aad9-373182ba9891\\screenshot_domain.png'}
2026-02-28 19:44:20,491 INFO sqlalchemy.engine.Engine COMMIT
2026-02-28 19:44:32,225 INFO sqlalchemy.engine.Engine BEGIN (implicit)
2026-02-28 19:44:32,228 INFO sqlalchemy.engine.Engine INSERT INTO artifacts (id, investigation_id, collector_name, artifact_name, sha256_hash, content_type, size_bytes, storage_path) VALUES (%(id)s::UUID, %(investigation_id)s::UUID, %(collector_name)s, %(artifact_name)s, %(sha256_hash)s, %(content_type)s, %(size_bytes)s, %(storage_path)s) RETURNING artifacts.created_at
2026-02-28 19:44:32,229 INFO sqlalchemy.engine.Engine [cached since 11.74s ago] {'id': UUID('b560c332-5e93-421c-8387-cf9f9d0d6b96'), 'investigation_id': UUID('91f2f9b6-1ef7-4387-aad9-373182ba9891'), 'collector_name': 'js_analysis', 'artifact_name': 'network_capture.har', 'sha256_hash': '0ffe2d89f98b2d002b1f567bbe53995512ede3410cf5e34a5b7e9c0f550dcb3e', 'content_type': 'application/json', 'size_bytes': 12429, 'storage_path': 'artifacts\\91f2f9b6-1ef7-4387-aad9-373182ba9891\\network_capture.har'}
2026-02-28 19:44:32,233 INFO sqlalchemy.engine.Engine COMMIT
2026-02-28 19:44:33,600 INFO sqlalchemy.engine.Engine BEGIN (implicit)
2026-02-28 19:44:33,604 INFO sqlalchemy.engine.Engine 
                        SELECT i.domain
                        FROM investigations i
                        JOIN evidence e ON e.investigation_id = i.id
                        WHERE i.id != %(exc_id)s
                          AND i.state = 'concluded'
                          AND e.evidence_json->'dns'->'ns' @> :ns_val::jsonb
                        LIMIT 20
                    
2026-02-28 19:44:33,607 INFO sqlalchemy.engine.Engine [generated in 0.00266s] {'exc_id': '91f2f9b6-1ef7-4387-aad9-373182ba9891'}
2026-02-28 19:44:33,610 INFO sqlalchemy.engine.Engine 
                        SELECT i.domain
                        FROM investigations i
                        JOIN evidence e ON e.investigation_id = i.id
                        WHERE i.id != %(exc_id)s
                          AND i.state = 'concluded'
                          AND e.evidence_json->'dns'->'ns' @> :ns_val::jsonb
                        LIMIT 20
                    
2026-02-28 19:44:33,611 INFO sqlalchemy.engine.Engine [cached since 0.007299s ago] {'exc_id': '91f2f9b6-1ef7-4387-aad9-373182ba9891'}
2026-02-28 19:44:33,613 INFO sqlalchemy.engine.Engine 
                        SELECT i.domain
                        FROM investigations i
                        JOIN evidence e ON e.investigation_id = i.id
                        WHERE i.id != %(exc_id)s
                          AND i.state = 'concluded'
                          AND e.evidence_json->'dns'->'ns' @> :ns_val::jsonb
                        LIMIT 20
                    
2026-02-28 19:44:33,614 INFO sqlalchemy.engine.Engine [cached since 0.01052s ago] {'exc_id': '91f2f9b6-1ef7-4387-aad9-373182ba9891'}
2026-02-28 19:44:33,616 INFO sqlalchemy.engine.Engine ROLLBACK
2026-02-28 19:44:33,619 INFO sqlalchemy.engine.Engine BEGIN (implicit)
2026-02-28 19:44:33,621 INFO sqlalchemy.engine.Engine 
                    SELECT DISTINCT i.domain
                    FROM investigations i
                    JOIN evidence e ON e.investigation_id = i.id
                    WHERE i.id != %(exc_id)s
                      AND i.state = 'concluded'
                      AND (e.evidence_json->'whois'->>'registrar' = %(registrar)s)
                    LIMIT 20
                
2026-02-28 19:44:33,622 INFO sqlalchemy.engine.Engine [generated in 0.00096s] {'exc_id': '91f2f9b6-1ef7-4387-aad9-373182ba9891', 'registrar': 'NameCheap, Inc.'}
2026-02-28 19:44:33,649 INFO sqlalchemy.engine.Engine ROLLBACK
2026-02-28 19:46:12,124 INFO sqlalchemy.engine.Engine BEGIN (implicit)
2026-02-28 19:46:12,125 INFO sqlalchemy.engine.Engine SELECT investigations.id AS investigations_id, investigations.domain AS investigations_domain, investigations.observable_type AS investigations_observable_type, investigations.state AS investigations_state, investigations.context AS investigations_context, investigations.client_domain AS investigations_client_domain, investigations.batch_id AS investigations_batch_id, investigations.created_at AS investigations_created_at, investigations.updated_at AS investigations_updated_at, investigations.concluded_at AS investigations_concluded_at, investigations.classification AS investigations_classification, investigations.confidence AS investigations_confidence, investigations.risk_score AS investigations_risk_score, investigations.recommended_action AS investigations_recommended_action, investigations.analyst_iterations AS investigations_analyst_iterations, investigations.max_analyst_iterations AS investigations_max_analyst_iterations 
FROM investigations 
WHERE investigations.id = %(pk_1)s::UUID
2026-02-28 19:46:12,127 INFO sqlalchemy.engine.Engine [cached since 147.1s ago] {'pk_1': UUID('91f2f9b6-1ef7-4387-aad9-373182ba9891')}
2026-02-28 19:46:12,129 INFO sqlalchemy.engine.Engine UPDATE investigations SET state=%(state)s, updated_at=now(), concluded_at=%(concluded_at)s, classification=%(classification)s, confidence=%(confidence)s, risk_score=%(risk_score)s, recommended_action=%(recommended_action)s WHERE investigations.id = %(investigations_id)s::UUID
2026-02-28 19:46:12,130 INFO sqlalchemy.engine.Engine [generated in 0.00085s] {'state': 'concluded', 'concluded_at': datetime.datetime(2026, 2, 28, 17, 46, 12, 128698, tzinfo=datetime.timezone.utc), 'classification': 'benign', 'confidence': 'high', 'risk_score': 10, 'recommended_action': 'monitor', 'investigations_id': UUID('91f2f9b6-1ef7-4387-aad9-373182ba9891')}
2026-02-28 19:46:12,134 INFO sqlalchemy.engine.Engine INSERT INTO evidence (id, investigation_id, evidence_json, signals, data_gaps, external_context) VALUES (%(id)s::UUID, %(investigation_id)s::UUID, %(evidence_json)s::JSONB, %(signals)s::JSONB, %(data_gaps)s::JSONB, %(external_context)s::JSONB) RETURNING evidence.created_at
2026-02-28 19:46:12,135 INFO sqlalchemy.engine.Engine [generated in 0.00183s] {'id': UUID('6f5b1ece-4367-4e6e-875f-666f48cfb41b'), 'investigation_id': UUID('91f2f9b6-1ef7-4387-aad9-373182ba9891'), 'evidence_json': '{"domain": "j2.net", "observable_type": "domain", "investigation_id": "91f2f9b6-1ef7-4387-aad9-373182ba9891", "target_domain": "j2.net", "timestamps" ... (133794 characters truncated) ... 6, "browser_postprocessing": 22750, "infrastructure_correlation": 2297, "signals_and_gaps": 0, "report_generation": 97577, "analysis_total": 130500}}', 'signals': '[{"id": "sig_free_cert", "category": "certificate", "description": "Uses free/automated CA: Let\'s Encrypt", "severity": "info", "evidence_refs": ["t ... (1283 characters truncated) ... rtificate issuers across 200 certs \\u2014 infrastructure changes over time", "severity": "info", "evidence_refs": ["cert_timeline.unique_issuers"]}]', 'data_gaps': '[]', 'external_context': 'null'}
2026-02-28 19:46:12,151 INFO sqlalchemy.engine.Engine INSERT INTO reports (id, investigation_id, iteration, report_json, executive_summary, technical_narrative, recommendations) VALUES (%(id)s::UUID, %(investigation_id)s::UUID, %(iteration)s, %(report_json)s::JSONB, %(executive_summary)s, %(technical_narrative)s, %(recommendations)s) RETURNING reports.created_at
2026-02-28 19:46:12,153 INFO sqlalchemy.engine.Engine [generated in 0.00142s] {'id': UUID('84896442-1e99-4d95-aee7-88bd583768b3'), 'investigation_id': UUID('91f2f9b6-1ef7-4387-aad9-373182ba9891'), 'iteration': 0, 'report_json': '{"classification": "benign", "confidence": "high", "investigation_state": "concluded", "primary_reasoning": "j2.net is a long-established (created 19 ... (12882 characters truncated) ... idence.\\n\\nStep 5 \\u2014 Classification\\n- benign (see above). No blocking required now; monitoring advised.", "recommendations_narrative": null}', 'executive_summary': '- Investigated observable: domain j2.net (observable_type=domain).\n- Classification: benign (high confidence). Primary evidence: long registration ( ... (553 characters truncated) ... d.\n- Recommended action: monitor (no immediate block). Investigate purpose of several "interesting" subdomains and track certificate CT log changes.', 'technical_narrative': "Step 1 — Baseline plausibility (legitimate hypothesis)\n- Domain ownership and age: whois.created_date = 1998-03-17 (whois.created_date) — consistent ... (3484 characters truncated) ... imonious and consistent with the breadth of evidence.\n\nStep 5 — Classification\n- benign (see above). No blocking required now; monitoring advised.", 'recommendations': None}
2026-02-28 19:46:12,158 INFO sqlalchemy.engine.Engine INSERT INTO collector_results (id, investigation_id, collector_name, status, version, started_at, completed_at, duration_ms, evidence_json, error, raw_artifact_hash) VALUES (%(id)s::UUID, %(investigation_id)s::UUID, %(collector_name)s, %(status)s, %(version)s, %(started_at)s, %(completed_at)s, %(duration_ms)s, %(evidence_json)s::JSONB, %(error)s, %(raw_artifact_hash)s)
2026-02-28 19:46:12,160 INFO sqlalchemy.engine.Engine [generated in 0.00147s] {'id': UUID('6b96843f-d1b8-4297-b848-44aa170b018e'), 'investigation_id': UUID('91f2f9b6-1ef7-4387-aad9-373182ba9891'), 'collector_name': 'asn', 'status': 'completed', 'version': '1.0.0', 'started_at': None, 'completed_at': None, 'duration_ms': 266, 'evidence_json': '{"meta": {"collector": "asn", "version": "1.0.0", "status": "completed", "started_at": "2026-02-28T17:43:45.115117Z", "completed_at": "2026-02-28T17: ... (242 characters truncated) ... country": "United States", "city": "Walnut", "is_cdn": false, "is_cloud": true, "is_hosting": true, "reverse_dns": "", "related_domains_same_ip": []}', 'error': None, 'raw_artifact_hash': None}
2026-02-28 19:46:12,165 INFO sqlalchemy.engine.Engine INSERT INTO collector_results (id, investigation_id, collector_name, status, version, started_at, completed_at, duration_ms, evidence_json, error, raw_artifact_hash) VALUES (%(id)s::UUID, %(investigation_id)s::UUID, %(collector_name)s, %(status)s, %(version)s, %(started_at)s, %(completed_at)s, %(duration_ms)s, %(evidence_json)s::JSONB, %(error)s, %(raw_artifact_hash)s)
2026-02-28 19:46:12,166 INFO sqlalchemy.engine.Engine [cached since 0.007547s ago] {'id': UUID('2e02e382-7f6b-46a7-8c4c-e8a7b872f2ee'), 'investigation_id': UUID('91f2f9b6-1ef7-4387-aad9-373182ba9891'), 'collector_name': 'tls', 'status': 'completed', 'version': '1.0.0', 'started_at': None, 'completed_at': None, 'duration_ms': 358, 'evidence_json': '{"meta": {"collector": "tls", "version": "1.0.0", "status": "completed", "started_at": "2026-02-28T17:43:45.083399Z", "completed_at": "2026-02-28T17: ... (511 characters truncated) ... , "is_self_signed": false, "chain_length": 1, "chain_issuers": [], "cert_sha256": "663d268dea5080f3458cd875dab2ceed8b37cd301e9a6c81eef5fdc59d907fe2"}', 'error': None, 'raw_artifact_hash': None}
2026-02-28 19:46:12,169 INFO sqlalchemy.engine.Engine INSERT INTO collector_results (id, investigation_id, collector_name, status, version, started_at, completed_at, duration_ms, evidence_json, error, raw_artifact_hash) VALUES (%(id)s::UUID, %(investigation_id)s::UUID, %(collector_name)s, %(status)s, %(version)s, %(started_at)s, %(completed_at)s, %(duration_ms)s, %(evidence_json)s::JSONB, %(error)s, %(raw_artifact_hash)s)
2026-02-28 19:46:12,170 INFO sqlalchemy.engine.Engine [cached since 0.01137s ago] {'id': UUID('8d250b93-e14b-412a-8e21-5a595e92dabc'), 'investigation_id': UUID('91f2f9b6-1ef7-4387-aad9-373182ba9891'), 'collector_name': 'dns', 'status': 'completed', 'version': '1.0.0', 'started_at': None, 'completed_at': None, 'duration_ms': 561, 'evidence_json': '{"meta": {"collector": "dns", "version": "1.0.0", "status": "completed", "started_at": "2026-02-28T17:43:45.080221Z", "completed_at": "2026-02-28T17: ... (1915 characters truncated) ... , "spf": "v=spf1 mx a include:spf.protection.outlook.com include:_spf.createsend.com include:spf-uk.emailsignatures365.com -all", "has_dnssec": null}', 'error': None, 'raw_artifact_hash': None}
2026-02-28 19:46:12,173 INFO sqlalchemy.engine.Engine INSERT INTO collector_results (id, investigation_id, collector_name, status, version, started_at, completed_at, duration_ms, evidence_json, error, raw_artifact_hash) VALUES (%(id)s::UUID, %(investigation_id)s::UUID, %(collector_name)s, %(status)s, %(version)s, %(started_at)s, %(completed_at)s, %(duration_ms)s, %(evidence_json)s::JSONB, %(error)s, %(raw_artifact_hash)s)
2026-02-28 19:46:12,174 INFO sqlalchemy.engine.Engine [cached since 0.01555s ago] {'id': UUID('b8f805d7-2ce9-4dbb-8b29-3687387d4acd'), 'investigation_id': UUID('91f2f9b6-1ef7-4387-aad9-373182ba9891'), 'collector_name': 'http', 'status': 'completed', 'version': '1.0.0', 'started_at': None, 'completed_at': None, 'duration_ms': 2358, 'evidence_json': '{"meta": {"collector": "http", "version": "1.0.0", "status": "completed", "started_at": "2026-02-28T17:43:45.082586Z", "completed_at": "2026-02-28T17 ... (1170 characters truncated) ... sport-Security": "max-age=63072000"}, "brand_indicators": [], "phishing_indicators": [], "external_resources": ["use.typekit.net", "www.google.com"]}', 'error': None, 'raw_artifact_hash': None}
2026-02-28 19:46:12,177 INFO sqlalchemy.engine.Engine INSERT INTO collector_results (id, investigation_id, collector_name, status, version, started_at, completed_at, duration_ms, evidence_json, error, raw_artifact_hash) VALUES (%(id)s::UUID, %(investigation_id)s::UUID, %(collector_name)s, %(status)s, %(version)s, %(started_at)s, %(completed_at)s, %(duration_ms)s, %(evidence_json)s::JSONB, %(error)s, %(raw_artifact_hash)s)
2026-02-28 19:46:12,178 INFO sqlalchemy.engine.Engine [cached since 0.01927s ago] {'id': UUID('12b01ff8-c1bc-4782-b630-3c89938678a9'), 'investigation_id': UUID('91f2f9b6-1ef7-4387-aad9-373182ba9891'), 'collector_name': 'vt', 'status': 'completed', 'version': '1.0.0', 'started_at': None, 'completed_at': None, 'duration_ms': 2327, 'evidence_json': '{"meta": {"collector": "vt", "version": "1.0.0", "status": "completed", "started_at": "2026-02-28T17:43:45.189909Z", "completed_at": "2026-02-28T17:4 ... (10795 characters truncated) ... ssuer": "Let\'s Encrypt", "vt_cert_subject": "j2.net", "vt_registrar": "NAMECHEAP INC", "tags": [], "notes": [], "file_name": null, "file_names": []}', 'error': None, 'raw_artifact_hash': None}
2026-02-28 19:46:12,182 INFO sqlalchemy.engine.Engine INSERT INTO collector_results (id, investigation_id, collector_name, status, version, started_at, completed_at, duration_ms, evidence_json, error, raw_artifact_hash) VALUES (%(id)s::UUID, %(investigation_id)s::UUID, %(collector_name)s, %(status)s, %(version)s, %(started_at)s, %(completed_at)s, %(duration_ms)s, %(evidence_json)s::JSONB, %(error)s, %(raw_artifact_hash)s)
2026-02-28 19:46:12,183 INFO sqlalchemy.engine.Engine [cached since 0.02404s ago] {'id': UUID('ef60ae9f-7937-478f-be64-21f54e12e831'), 'investigation_id': UUID('91f2f9b6-1ef7-4387-aad9-373182ba9891'), 'collector_name': 'threat_feeds', 'status': 'completed', 'version': '1.0.0', 'started_at': None, 'completed_at': None, 'duration_ms': 2952, 'evidence_json': '{"meta": {"collector": "threat_feeds", "version": "1.0.0", "status": "completed", "started_at": "2026-02-28T17:43:45.207531Z", "completed_at": "2026- ... (566 characters truncated) ... matches": [], "openphish_listed": false, "feeds_checked": ["abuseipdb", "phishtank", "openphish"], "feeds_skipped": ["threatfox (error: HTTPError)"]}', 'error': None, 'raw_artifact_hash': None}
2026-02-28 19:46:12,185 INFO sqlalchemy.engine.Engine INSERT INTO collector_results (id, investigation_id, collector_name, status, version, started_at, completed_at, duration_ms, evidence_json, error, raw_artifact_hash) VALUES (%(id)s::UUID, %(investigation_id)s::UUID, %(collector_name)s, %(status)s, %(version)s, %(started_at)s, %(completed_at)s, %(duration_ms)s, %(evidence_json)s::JSONB, %(error)s, %(raw_artifact_hash)s)
2026-02-28 19:46:12,186 INFO sqlalchemy.engine.Engine [cached since 0.02705s ago] {'id': UUID('140b85b6-bba6-432b-b606-1177f33f6dba'), 'investigation_id': UUID('91f2f9b6-1ef7-4387-aad9-373182ba9891'), 'collector_name': 'intel', 'status': 'completed', 'version': '1.0.0', 'started_at': None, 'completed_at': None, 'duration_ms': 8531, 'evidence_json': '{"meta": {"collector": "intel", "version": "1.0.0", "status": "completed", "started_at": "2026-02-28T17:43:45.187405Z", "completed_at": "2026-02-28T1 ... (63548 characters truncated) ... ": "2023-06-19T00:00:00", "not_after": "2023-09-17T23:59:59", "entry_timestamp": "2023-06-19T20:22:12.711", "name_value": "staging.hosting.j2.net"}]}', 'error': None, 'raw_artifact_hash': None}
2026-02-28 19:46:12,193 INFO sqlalchemy.engine.Engine INSERT INTO collector_results (id, investigation_id, collector_name, status, version, started_at, completed_at, duration_ms, evidence_json, error, raw_artifact_hash) VALUES (%(id)s::UUID, %(investigation_id)s::UUID, %(collector_name)s, %(status)s, %(version)s, %(started_at)s, %(completed_at)s, %(duration_ms)s, %(evidence_json)s::JSONB, %(error)s, %(raw_artifact_hash)s)
2026-02-28 19:46:12,193 INFO sqlalchemy.engine.Engine [cached since 0.03473s ago] {'id': UUID('fbaeecd0-0efc-49de-a514-06a559078b94'), 'investigation_id': UUID('91f2f9b6-1ef7-4387-aad9-373182ba9891'), 'collector_name': 'whois', 'status': 'completed', 'version': '1.0.0', 'started_at': None, 'completed_at': None, 'duration_ms': 11171, 'evidence_json': '{"meta": {"collector": "whois", "version": "1.0.0", "status": "completed", "started_at": "2026-02-28T17:43:45.085467Z", "completed_at": "2026-02-28T1 ... (431 characters truncated) ... ocean.com", "ns2.digitalocean.com", "ns3.digitalocean.com"], "statuses": ["clientTransferProhibited https://icann.org/epp#clientTransferProhibited"]}', 'error': None, 'raw_artifact_hash': None}
2026-02-28 19:46:12,199 INFO sqlalchemy.engine.Engine INSERT INTO collector_results (id, investigation_id, collector_name, status, version, started_at, completed_at, duration_ms, evidence_json, error, raw_artifact_hash) VALUES (%(id)s::UUID, %(investigation_id)s::UUID, %(collector_name)s, %(status)s, %(version)s, %(started_at)s, %(completed_at)s, %(duration_ms)s, %(evidence_json)s::JSONB, %(error)s, %(raw_artifact_hash)s)
2026-02-28 19:46:12,199 INFO sqlalchemy.engine.Engine [cached since 0.04132s ago] {'id': UUID('0e3909d2-f7b1-4f6e-b281-2ff3b40e6f85'), 'investigation_id': UUID('91f2f9b6-1ef7-4387-aad9-373182ba9891'), 'collector_name': 'urlscan', 'status': 'completed', 'version': '1.0.0', 'started_at': None, 'completed_at': None, 'duration_ms': 16343, 'evidence_json': '{"meta": {"collector": "urlscan", "version": "1.0.0", "status": "completed", "started_at": "2026-02-28T17:43:45.211315Z", "completed_at": "2026-02-28 ... (906 characters truncated) ... ries": [], "brands": [], "votesTotal": 0, "votesMalicious": 0, "votesBenign": 0, "malicious": false, "hasVerdicts": false}}, "tags": [], "notes": []}', 'error': None, 'raw_artifact_hash': None}
2026-02-28 19:46:12,203 INFO sqlalchemy.engine.Engine INSERT INTO iocs (id, investigation_id, type, value, context, confidence) VALUES (%(id__0)s::UUID, %(investigation_id__0)s::UUID, %(type__0)s, %(value__0)s, %(context__0)s, %(confidence__0)s), (%(id__1)s::UUID, %(investigation_id__1)s::UUID, %(type__ ... 324 characters truncated ... ID, %(type__4)s, %(value__4)s, %(context__4)s, %(confidence__4)s) RETURNING iocs.created_at, iocs.id
2026-02-28 19:46:12,204 INFO sqlalchemy.engine.Engine [generated in 0.00012s (insertmanyvalues) 1/1 (ordered)] {'value__0': 'j2.net', 'investigation_id__0': UUID('91f2f9b6-1ef7-4387-aad9-373182ba9891'), 'id__0': UUID('9ce655ad-4cff-4cae-bda6-ed28646607ac'), 'context__0': 'primary investigated domain (website and email domain)', 'confidence__0': 'high', 'type__0': 'domain', 'value__1': '216.150.1.1', 'investigation_id__1': UUID('91f2f9b6-1ef7-4387-aad9-373182ba9891'), 'id__1': UUID('5747c9e1-d131-4dbc-8b4b-6d9de58a0d48'), 'context__1': 'A record for j2.net — hosting IP (Vercel)', 'confidence__1': 'high', 'type__1': 'ip', 'value__2': '159.65.208.188', 'investigation_id__2': UUID('91f2f9b6-1ef7-4387-aad9-373182ba9891'), 'id__2': UUID('246673dd-5254-4051-8073-4dac54dcbd8d'), 'context__2': 'IP resolving multiple j2.net subdomains (mail/content/hosting/resource/...)', 'confidence__2': 'high', 'type__2': 'ip', 'value__3': 'email.email.j2.net', 'investigation_id__3': UUID('91f2f9b6-1ef7-4387-aad9-373182ba9891'), 'id__3': UUID('c443b04d-55ec-436f-8c41-3a1135c232c5'), 'context__3': 'interesting subdomain resolving to 34.110.180.34 (noted as interesting)', 'confidence__3': 'medium', 'type__3': 'domain', 'value__4': 'mail.j2.net', 'investigation_id__4': UUID('91f2f9b6-1ef7-4387-aad9-373182ba9891'), 'id__4': UUID('119c8c2c-00a0-4cc2-9e66-2d1ea8597565'), 'context__4': 'interesting subdomain resolving to 159.65.208.188', 'confidence__4': 'high', 'type__4': 'domain'}
2026-02-28 19:46:12,208 INFO sqlalchemy.engine.Engine SELECT whois_history.id, whois_history.domain, whois_history.whois_json, whois_history.captured_at, whois_history.investigation_id, whois_history.changes_from_previous 
FROM whois_history 
WHERE whois_history.domain = %(domain_1)s ORDER BY whois_history.captured_at DESC 
 LIMIT %(param_1)s
2026-02-28 19:46:12,210 INFO sqlalchemy.engine.Engine [generated in 0.00102s] {'domain_1': 'j2.net', 'param_1': 1}
2026-02-28 19:46:12,214 INFO sqlalchemy.engine.Engine INSERT INTO whois_history (id, domain, whois_json, investigation_id, changes_from_previous) VALUES (%(id)s::UUID, %(domain)s, %(whois_json)s::JSONB, %(investigation_id)s::UUID, %(changes_from_previous)s::JSONB) RETURNING whois_history.captured_at
2026-02-28 19:46:12,215 INFO sqlalchemy.engine.Engine [generated in 0.00096s] {'id': UUID('d25c1d62-31e9-4d1e-bdc2-f0553e7b4ec7'), 'domain': 'j2.net', 'whois_json': '{"meta": {"collector": "whois", "version": "1.0.0", "status": "completed", "started_at": "2026-02-28T17:43:45.085467Z", "completed_at": "2026-02-28T1 ... (431 characters truncated) ... ocean.com", "ns2.digitalocean.com", "ns3.digitalocean.com"], "statuses": ["clientTransferProhibited https://icann.org/epp#clientTransferProhibited"]}', 'investigation_id': UUID('91f2f9b6-1ef7-4387-aad9-373182ba9891'), 'changes_from_previous': '{"privacy_protected": {"old": true, "new": false}, "registrant_country": {"old": "GB", "new": null}, "registrant_org": {"old": "Redacted for Privacy Purposes", "new": null}, "registrar": {"old": "NAMECHEAP INC", "new": "NameCheap, Inc."}}'}
2026-02-28 19:46:12,218 INFO sqlalchemy.engine.Engine COMMIT
2026-02-28 19:46:12,222 INFO sqlalchemy.engine.Engine BEGIN (implicit)
2026-02-28 19:46:12,224 INFO sqlalchemy.engine.Engine SELECT investigations.id AS investigations_id, investigations.domain AS investigations_domain, investigations.observable_type AS investigations_observable_type, investigations.state AS investigations_state, investigations.context AS investigations_context, investigations.client_domain AS investigations_client_domain, investigations.batch_id AS investigations_batch_id, investigations.created_at AS investigations_created_at, investigations.updated_at AS investigations_updated_at, investigations.concluded_at AS investigations_concluded_at, investigations.classification AS investigations_classification, investigations.confidence AS investigations_confidence, investigations.risk_score AS investigations_risk_score, investigations.recommended_action AS investigations_recommended_action, investigations.analyst_iterations AS investigations_analyst_iterations, investigations.max_analyst_iterations AS investigations_max_analyst_iterations 
FROM investigations 
WHERE investigations.id = %(pk_1)s::UUID
2026-02-28 19:46:12,224 INFO sqlalchemy.engine.Engine [generated in 0.00083s] {'pk_1': UUID('91f2f9b6-1ef7-4387-aad9-373182ba9891')}
2026-02-28 19:46:12,227 INFO sqlalchemy.engine.Engine ROLLBACK
