[config] Loaded .env from: C:\Users\tmoscaliuc\Downloads\script\threat-investigator\threat-intel\backend\.env
[config] Settings loaded — VT key: SET
 
 -------------- celery-local-8000-20260228-024503@EXP-JFW2P34 v5.6.2 (recovery)
--- ***** ----- 
-- ******* ---- Windows-11-10.0.26200-SP0 2026-02-28 02:45:13
- *** --- * --- 
- ** ---------- [config]
- ** ---------- .> app:         threat_intel:0x179b9a48ce0
- ** ---------- .> transport:   redis://127.0.0.1:6379/5
- ** ---------- .> results:     redis://127.0.0.1:6379/6
- *** --- * --- .> concurrency: 8 (thread)
-- ******* ---- .> task events: OFF (enable -E to monitor tasks in this worker)
--- ***** ----- 
 -------------- [queues]
                .> investigations   exchange=investigations(direct) key=investigations
                

[tasks]
  . tasks.process_batch
  . tasks.run_analysis
  . tasks.run_collector
  . tasks.run_investigation
  . tasks.watchlist_check

2026-02-28 02:45:14,606 INFO sqlalchemy.engine.Engine select pg_catalog.version()
2026-02-28 02:45:14,608 INFO sqlalchemy.engine.Engine [raw sql] {}
2026-02-28 02:45:14,611 INFO sqlalchemy.engine.Engine select current_schema()
2026-02-28 02:45:14,613 INFO sqlalchemy.engine.Engine [raw sql] {}
2026-02-28 02:45:14,617 INFO sqlalchemy.engine.Engine show standard_conforming_strings
2026-02-28 02:45:14,619 INFO sqlalchemy.engine.Engine [raw sql] {}
2026-02-28 02:45:14,625 INFO sqlalchemy.engine.Engine BEGIN (implicit)
2026-02-28 02:45:14,719 INFO sqlalchemy.engine.Engine SELECT investigations.id AS investigations_id, investigations.domain AS investigations_domain, investigations.observable_type AS investigations_observable_type, investigations.state AS investigations_state, investigations.context AS investigations_context, investigations.client_domain AS investigations_client_domain, investigations.batch_id AS investigations_batch_id, investigations.created_at AS investigations_created_at, investigations.updated_at AS investigations_updated_at, investigations.concluded_at AS investigations_concluded_at, investigations.classification AS investigations_classification, investigations.confidence AS investigations_confidence, investigations.risk_score AS investigations_risk_score, investigations.recommended_action AS investigations_recommended_action, investigations.analyst_iterations AS investigations_analyst_iterations, investigations.max_analyst_iterations AS investigations_max_analyst_iterations 
FROM investigations 
WHERE investigations.id = %(pk_1)s::UUID
2026-02-28 02:45:14,724 INFO sqlalchemy.engine.Engine [generated in 0.00563s] {'pk_1': UUID('f92b5c0a-1f1f-4c80-9498-c41a7a9e3af9')}
2026-02-28 02:45:14,731 INFO sqlalchemy.engine.Engine ROLLBACK
2026-02-28 02:45:14,738 INFO sqlalchemy.engine.Engine BEGIN (implicit)
2026-02-28 02:45:14,742 INFO sqlalchemy.engine.Engine SELECT investigations.id AS investigations_id, investigations.domain AS investigations_domain, investigations.observable_type AS investigations_observable_type, investigations.state AS investigations_state, investigations.context AS investigations_context, investigations.client_domain AS investigations_client_domain, investigations.batch_id AS investigations_batch_id, investigations.created_at AS investigations_created_at, investigations.updated_at AS investigations_updated_at, investigations.concluded_at AS investigations_concluded_at, investigations.classification AS investigations_classification, investigations.confidence AS investigations_confidence, investigations.risk_score AS investigations_risk_score, investigations.recommended_action AS investigations_recommended_action, investigations.analyst_iterations AS investigations_analyst_iterations, investigations.max_analyst_iterations AS investigations_max_analyst_iterations 
FROM investigations 
WHERE investigations.id = %(pk_1)s::UUID
2026-02-28 02:45:14,744 INFO sqlalchemy.engine.Engine [cached since 0.02598s ago] {'pk_1': UUID('f92b5c0a-1f1f-4c80-9498-c41a7a9e3af9')}
2026-02-28 02:45:14,753 INFO sqlalchemy.engine.Engine UPDATE investigations SET state=%(state)s, updated_at=%(updated_at)s WHERE investigations.id = %(investigations_id)s::UUID
2026-02-28 02:45:14,755 INFO sqlalchemy.engine.Engine [generated in 0.00218s] {'state': 'gathering', 'updated_at': datetime.datetime(2026, 2, 28, 0, 45, 14, 749851, tzinfo=datetime.timezone.utc), 'investigations_id': UUID('f92b5c0a-1f1f-4c80-9498-c41a7a9e3af9')}
2026-02-28 02:45:14,760 INFO sqlalchemy.engine.Engine COMMIT
2026-02-28 02:45:40,702 INFO sqlalchemy.engine.Engine BEGIN (implicit)
2026-02-28 02:45:40,704 INFO sqlalchemy.engine.Engine SELECT investigations.id AS investigations_id, investigations.domain AS investigations_domain, investigations.observable_type AS investigations_observable_type, investigations.state AS investigations_state, investigations.context AS investigations_context, investigations.client_domain AS investigations_client_domain, investigations.batch_id AS investigations_batch_id, investigations.created_at AS investigations_created_at, investigations.updated_at AS investigations_updated_at, investigations.concluded_at AS investigations_concluded_at, investigations.classification AS investigations_classification, investigations.confidence AS investigations_confidence, investigations.risk_score AS investigations_risk_score, investigations.recommended_action AS investigations_recommended_action, investigations.analyst_iterations AS investigations_analyst_iterations, investigations.max_analyst_iterations AS investigations_max_analyst_iterations 
FROM investigations 
WHERE investigations.id = %(pk_1)s::UUID
2026-02-28 02:45:40,705 INFO sqlalchemy.engine.Engine [cached since 25.99s ago] {'pk_1': UUID('958170a4-defc-4aee-aa49-284a467b369e')}
2026-02-28 02:45:40,709 INFO sqlalchemy.engine.Engine ROLLBACK
2026-02-28 02:45:40,712 INFO sqlalchemy.engine.Engine BEGIN (implicit)
2026-02-28 02:45:40,714 INFO sqlalchemy.engine.Engine SELECT investigations.id AS investigations_id, investigations.domain AS investigations_domain, investigations.observable_type AS investigations_observable_type, investigations.state AS investigations_state, investigations.context AS investigations_context, investigations.client_domain AS investigations_client_domain, investigations.batch_id AS investigations_batch_id, investigations.created_at AS investigations_created_at, investigations.updated_at AS investigations_updated_at, investigations.concluded_at AS investigations_concluded_at, investigations.classification AS investigations_classification, investigations.confidence AS investigations_confidence, investigations.risk_score AS investigations_risk_score, investigations.recommended_action AS investigations_recommended_action, investigations.analyst_iterations AS investigations_analyst_iterations, investigations.max_analyst_iterations AS investigations_max_analyst_iterations 
FROM investigations 
WHERE investigations.id = %(pk_1)s::UUID
2026-02-28 02:45:40,716 INFO sqlalchemy.engine.Engine [cached since 26s ago] {'pk_1': UUID('958170a4-defc-4aee-aa49-284a467b369e')}
2026-02-28 02:45:40,719 INFO sqlalchemy.engine.Engine UPDATE investigations SET state=%(state)s, updated_at=%(updated_at)s WHERE investigations.id = %(investigations_id)s::UUID
2026-02-28 02:45:40,720 INFO sqlalchemy.engine.Engine [cached since 25.97s ago] {'state': 'gathering', 'updated_at': datetime.datetime(2026, 2, 28, 0, 45, 40, 718714, tzinfo=datetime.timezone.utc), 'investigations_id': UUID('958170a4-defc-4aee-aa49-284a467b369e')}
2026-02-28 02:45:40,723 INFO sqlalchemy.engine.Engine COMMIT
2026-02-28 02:45:44,405 INFO sqlalchemy.engine.Engine BEGIN (implicit)
2026-02-28 02:45:44,407 INFO sqlalchemy.engine.Engine SELECT investigations.id AS investigations_id, investigations.domain AS investigations_domain, investigations.observable_type AS investigations_observable_type, investigations.state AS investigations_state, investigations.context AS investigations_context, investigations.client_domain AS investigations_client_domain, investigations.batch_id AS investigations_batch_id, investigations.created_at AS investigations_created_at, investigations.updated_at AS investigations_updated_at, investigations.concluded_at AS investigations_concluded_at, investigations.classification AS investigations_classification, investigations.confidence AS investigations_confidence, investigations.risk_score AS investigations_risk_score, investigations.recommended_action AS investigations_recommended_action, investigations.analyst_iterations AS investigations_analyst_iterations, investigations.max_analyst_iterations AS investigations_max_analyst_iterations 
FROM investigations 
WHERE investigations.id = %(pk_1)s::UUID
2026-02-28 02:45:44,408 INFO sqlalchemy.engine.Engine [cached since 29.69s ago] {'pk_1': UUID('f92b5c0a-1f1f-4c80-9498-c41a7a9e3af9')}
2026-02-28 02:45:44,411 INFO sqlalchemy.engine.Engine UPDATE investigations SET state=%(state)s, updated_at=%(updated_at)s WHERE investigations.id = %(investigations_id)s::UUID
2026-02-28 02:45:44,412 INFO sqlalchemy.engine.Engine [cached since 29.66s ago] {'state': 'evaluating', 'updated_at': datetime.datetime(2026, 2, 28, 0, 45, 44, 411189, tzinfo=datetime.timezone.utc), 'investigations_id': UUID('f92b5c0a-1f1f-4c80-9498-c41a7a9e3af9')}
2026-02-28 02:45:44,414 INFO sqlalchemy.engine.Engine COMMIT
2026-02-28 02:45:53,842 INFO sqlalchemy.engine.Engine BEGIN (implicit)
2026-02-28 02:45:53,845 INFO sqlalchemy.engine.Engine INSERT INTO artifacts (id, investigation_id, collector_name, artifact_name, sha256_hash, content_type, size_bytes, storage_path) VALUES (%(id)s::UUID, %(investigation_id)s::UUID, %(collector_name)s, %(artifact_name)s, %(sha256_hash)s, %(content_type)s, %(size_bytes)s, %(storage_path)s) RETURNING artifacts.created_at
2026-02-28 02:45:53,846 INFO sqlalchemy.engine.Engine [generated in 0.00084s] {'id': UUID('78dff8b3-96eb-4d46-a2b3-1f35f5b20cfd'), 'investigation_id': UUID('f92b5c0a-1f1f-4c80-9498-c41a7a9e3af9'), 'collector_name': 'screenshot', 'artifact_name': 'screenshot_domain.png', 'sha256_hash': '17925575629b07d74ee92f82211c18950af33eae49d5368250569503a8c3fb23', 'content_type': 'image/png', 'size_bytes': 357858, 'storage_path': 'artifacts\\f92b5c0a-1f1f-4c80-9498-c41a7a9e3af9\\screenshot_domain.png'}
2026-02-28 02:45:53,849 INFO sqlalchemy.engine.Engine COMMIT
2026-02-28 02:45:55,683 INFO sqlalchemy.engine.Engine BEGIN (implicit)
2026-02-28 02:45:55,685 INFO sqlalchemy.engine.Engine INSERT INTO artifacts (id, investigation_id, collector_name, artifact_name, sha256_hash, content_type, size_bytes, storage_path) VALUES (%(id)s::UUID, %(investigation_id)s::UUID, %(collector_name)s, %(artifact_name)s, %(sha256_hash)s, %(content_type)s, %(size_bytes)s, %(storage_path)s) RETURNING artifacts.created_at
2026-02-28 02:45:55,686 INFO sqlalchemy.engine.Engine [cached since 1.841s ago] {'id': UUID('b5e72ddc-f737-4f4d-947b-af6c79806c67'), 'investigation_id': UUID('f92b5c0a-1f1f-4c80-9498-c41a7a9e3af9'), 'collector_name': 'js_analysis', 'artifact_name': 'network_capture.har', 'sha256_hash': '1577f5596377a43af6b22ec5321f372e66788572ae0f2edfd0fa7a8833be6a51', 'content_type': 'application/json', 'size_bytes': 8205, 'storage_path': 'artifacts\\f92b5c0a-1f1f-4c80-9498-c41a7a9e3af9\\network_capture.har'}
2026-02-28 02:45:55,688 INFO sqlalchemy.engine.Engine COMMIT
2026-02-28 02:45:56,619 INFO sqlalchemy.engine.Engine BEGIN (implicit)
2026-02-28 02:45:56,623 INFO sqlalchemy.engine.Engine 
                    SELECT DISTINCT i.domain
                    FROM investigations i
                    JOIN evidence e ON e.investigation_id = i.id
                    WHERE i.id != %(exc_id)s
                      AND i.state = 'concluded'
                      AND (e.evidence_json->'whois'->>'registrar' = %(registrar)s)
                    LIMIT 20
                
2026-02-28 02:45:56,624 INFO sqlalchemy.engine.Engine [generated in 0.00078s] {'exc_id': 'f92b5c0a-1f1f-4c80-9498-c41a7a9e3af9', 'registrar': 'ICI - Registrar'}
2026-02-28 02:45:56,639 INFO sqlalchemy.engine.Engine ROLLBACK
2026-02-28 02:46:18,854 INFO sqlalchemy.engine.Engine BEGIN (implicit)
2026-02-28 02:46:18,856 INFO sqlalchemy.engine.Engine SELECT investigations.id AS investigations_id, investigations.domain AS investigations_domain, investigations.observable_type AS investigations_observable_type, investigations.state AS investigations_state, investigations.context AS investigations_context, investigations.client_domain AS investigations_client_domain, investigations.batch_id AS investigations_batch_id, investigations.created_at AS investigations_created_at, investigations.updated_at AS investigations_updated_at, investigations.concluded_at AS investigations_concluded_at, investigations.classification AS investigations_classification, investigations.confidence AS investigations_confidence, investigations.risk_score AS investigations_risk_score, investigations.recommended_action AS investigations_recommended_action, investigations.analyst_iterations AS investigations_analyst_iterations, investigations.max_analyst_iterations AS investigations_max_analyst_iterations 
FROM investigations 
WHERE investigations.id = %(pk_1)s::UUID
2026-02-28 02:46:18,858 INFO sqlalchemy.engine.Engine [cached since 64.14s ago] {'pk_1': UUID('958170a4-defc-4aee-aa49-284a467b369e')}
2026-02-28 02:46:18,861 INFO sqlalchemy.engine.Engine UPDATE investigations SET state=%(state)s, updated_at=%(updated_at)s WHERE investigations.id = %(investigations_id)s::UUID
2026-02-28 02:46:18,862 INFO sqlalchemy.engine.Engine [cached since 64.11s ago] {'state': 'evaluating', 'updated_at': datetime.datetime(2026, 2, 28, 0, 46, 18, 860693, tzinfo=datetime.timezone.utc), 'investigations_id': UUID('958170a4-defc-4aee-aa49-284a467b369e')}
2026-02-28 02:46:18,864 INFO sqlalchemy.engine.Engine COMMIT
2026-02-28 02:46:33,049 INFO sqlalchemy.engine.Engine BEGIN (implicit)
2026-02-28 02:46:33,052 INFO sqlalchemy.engine.Engine INSERT INTO artifacts (id, investigation_id, collector_name, artifact_name, sha256_hash, content_type, size_bytes, storage_path) VALUES (%(id)s::UUID, %(investigation_id)s::UUID, %(collector_name)s, %(artifact_name)s, %(sha256_hash)s, %(content_type)s, %(size_bytes)s, %(storage_path)s) RETURNING artifacts.created_at
2026-02-28 02:46:33,053 INFO sqlalchemy.engine.Engine [cached since 39.21s ago] {'id': UUID('a8cd39f2-45b0-4d93-b2f1-ab347e2a024a'), 'investigation_id': UUID('958170a4-defc-4aee-aa49-284a467b369e'), 'collector_name': 'screenshot', 'artifact_name': 'screenshot_domain.png', 'sha256_hash': 'c32adbe8d41562b680c611e48df85b1c1e73b871ad09171cb3f1d3c8a944548f', 'content_type': 'image/png', 'size_bytes': 380475, 'storage_path': 'artifacts\\958170a4-defc-4aee-aa49-284a467b369e\\screenshot_domain.png'}
2026-02-28 02:46:33,056 INFO sqlalchemy.engine.Engine COMMIT
2026-02-28 02:46:45,267 INFO sqlalchemy.engine.Engine BEGIN (implicit)
2026-02-28 02:46:45,269 INFO sqlalchemy.engine.Engine SELECT investigations.id AS investigations_id, investigations.domain AS investigations_domain, investigations.observable_type AS investigations_observable_type, investigations.state AS investigations_state, investigations.context AS investigations_context, investigations.client_domain AS investigations_client_domain, investigations.batch_id AS investigations_batch_id, investigations.created_at AS investigations_created_at, investigations.updated_at AS investigations_updated_at, investigations.concluded_at AS investigations_concluded_at, investigations.classification AS investigations_classification, investigations.confidence AS investigations_confidence, investigations.risk_score AS investigations_risk_score, investigations.recommended_action AS investigations_recommended_action, investigations.analyst_iterations AS investigations_analyst_iterations, investigations.max_analyst_iterations AS investigations_max_analyst_iterations 
FROM investigations 
WHERE investigations.id = %(pk_1)s::UUID
2026-02-28 02:46:45,269 INFO sqlalchemy.engine.Engine [cached since 90.55s ago] {'pk_1': UUID('f92b5c0a-1f1f-4c80-9498-c41a7a9e3af9')}
2026-02-28 02:46:45,272 INFO sqlalchemy.engine.Engine UPDATE investigations SET state=%(state)s, updated_at=now(), concluded_at=%(concluded_at)s, classification=%(classification)s, confidence=%(confidence)s, risk_score=%(risk_score)s, recommended_action=%(recommended_action)s WHERE investigations.id = %(investigations_id)s::UUID
2026-02-28 02:46:45,274 INFO sqlalchemy.engine.Engine [generated in 0.00149s] {'state': 'concluded', 'concluded_at': datetime.datetime(2026, 2, 28, 0, 46, 45, 272354, tzinfo=datetime.timezone.utc), 'classification': 'benign', 'confidence': 'medium', 'risk_score': 15, 'recommended_action': 'monitor', 'investigations_id': UUID('f92b5c0a-1f1f-4c80-9498-c41a7a9e3af9')}
2026-02-28 02:46:45,278 INFO sqlalchemy.engine.Engine INSERT INTO evidence (id, investigation_id, evidence_json, signals, data_gaps, external_context) VALUES (%(id)s::UUID, %(investigation_id)s::UUID, %(evidence_json)s::JSONB, %(signals)s::JSONB, %(data_gaps)s::JSONB, %(external_context)s::JSONB) RETURNING evidence.created_at
2026-02-28 02:46:45,280 INFO sqlalchemy.engine.Engine [generated in 0.00193s] {'id': UUID('477b9bf5-33ef-4910-8e34-d1abb87cd063'), 'investigation_id': UUID('f92b5c0a-1f1f-4c80-9498-c41a7a9e3af9'), 'evidence_json': '{"domain": "https://time.expertware.ro/Timesheet/Index", "observable_type": "url", "investigation_id": "f92b5c0a-1f1f-4c80-9498-c41a7a9e3af9", "targe ... (91176 characters truncated) ... 43, "browser_postprocessing": 10250, "infrastructure_correlation": 2093, "signals_and_gaps": 0, "report_generation": 47468, "analysis_total": 60827}}', 'signals': '[{"id": "sig_login_form", "category": "content", "description": "Page contains a login/password form", "severity": "info", "evidence_refs": ["http.ha ... (2160 characters truncated) ... ertificate issuers across 69 certs \\u2014 infrastructure changes over time", "severity": "info", "evidence_refs": ["cert_timeline.unique_issuers"]}]', 'data_gaps': '[]', 'external_context': 'null'}
2026-02-28 02:46:45,287 INFO sqlalchemy.engine.Engine INSERT INTO reports (id, investigation_id, iteration, report_json, executive_summary, technical_narrative, recommendations) VALUES (%(id)s::UUID, %(investigation_id)s::UUID, %(iteration)s, %(report_json)s::JSONB, %(executive_summary)s, %(technical_narrative)s, %(recommendations)s) RETURNING reports.created_at
2026-02-28 02:46:45,288 INFO sqlalchemy.engine.Engine [generated in 0.00097s] {'id': UUID('c9adbc5f-521f-4b4e-9356-22138525f344'), 'investigation_id': UUID('f92b5c0a-1f1f-4c80-9498-c41a7a9e3af9'), 'iteration': 0, 'report_json': '{"classification": "benign", "confidence": "medium", "investigation_state": "concluded", "primary_reasoning": "Analyst timeout after 45s. Fallback au ... (2323 characters truncated) ... ring for 7-14 days. 2. Track certificate and DNS changes for sudden infrastructure shifts. 3. Alert only if verified malicious feed matches appear."}', 'executive_summary': 'Analyst timeout after 45s. Fallback automated analysis applied. Observable: https://time.expertware.ro/Timesheet/Index (url) Classification: BENIGN ( ... (85 characters truncated) ... inal URL observed: https://time.expertware.ro/Account/Login?ReturnUrl=%2FTimesheet%2FIndex. Key evidence: VirusTotal: 0 malicious, 0 suspicious of 94', 'technical_narrative': 'Network and web telemetry show reachable=True, redirects=1, and JS activity 35 requests (9 external). Email posture is spoofability=high. Threat feed ... (1 characters truncated) ... : PhishTank=False (verified=False), OpenPhish=False, ThreatFox matches=0. Pipeline timings (ms): report_generation=None, browser_postprocessing=None.', 'recommendations': '1. Keep the observable in passive monitoring for 7-14 days. 2. Track certificate and DNS changes for sudden infrastructure shifts. 3. Alert only if verified malicious feed matches appear.'}
2026-02-28 02:46:45,293 INFO sqlalchemy.engine.Engine INSERT INTO collector_results (id, investigation_id, collector_name, status, version, started_at, completed_at, duration_ms, evidence_json, error, raw_artifact_hash) VALUES (%(id)s::UUID, %(investigation_id)s::UUID, %(collector_name)s, %(status)s, %(version)s, %(started_at)s, %(completed_at)s, %(duration_ms)s, %(evidence_json)s::JSONB, %(error)s, %(raw_artifact_hash)s)
2026-02-28 02:46:45,293 INFO sqlalchemy.engine.Engine [generated in 0.00090s] {'id': UUID('5fc3d5de-5f67-47d6-b83a-7a6f4bd2f35f'), 'investigation_id': UUID('f92b5c0a-1f1f-4c80-9498-c41a7a9e3af9'), 'collector_name': 'asn', 'status': 'completed', 'version': '1.0.0', 'started_at': None, 'completed_at': None, 'duration_ms': 500, 'evidence_json': '{"meta": {"collector": "asn", "version": "1.0.0", "status": "completed", "started_at": "2026-02-28T00:45:14.783995Z", "completed_at": "2026-02-28T00: ... (243 characters truncated) ... c.", "country": "Canada", "city": "Toronto", "is_cdn": true, "is_cloud": false, "is_hosting": true, "reverse_dns": "", "related_domains_same_ip": []}', 'error': None, 'raw_artifact_hash': None}
2026-02-28 02:46:45,296 INFO sqlalchemy.engine.Engine INSERT INTO collector_results (id, investigation_id, collector_name, status, version, started_at, completed_at, duration_ms, evidence_json, error, raw_artifact_hash) VALUES (%(id)s::UUID, %(investigation_id)s::UUID, %(collector_name)s, %(status)s, %(version)s, %(started_at)s, %(completed_at)s, %(duration_ms)s, %(evidence_json)s::JSONB, %(error)s, %(raw_artifact_hash)s)
2026-02-28 02:46:45,297 INFO sqlalchemy.engine.Engine [cached since 0.005042s ago] {'id': UUID('e2fda35a-af7e-4764-96fb-18b9825c97da'), 'investigation_id': UUID('f92b5c0a-1f1f-4c80-9498-c41a7a9e3af9'), 'collector_name': 'dns', 'status': 'completed', 'version': '1.0.0', 'started_at': None, 'completed_at': None, 'duration_ms': 547, 'evidence_json': '{"meta": {"collector": "dns", "version": "1.0.0", "status": "completed", "started_at": "2026-02-28T00:45:14.778703Z", "completed_at": "2026-02-28T00: ... (567 characters truncated) ... 2606:4700:3033::ac43:b74b", "2606:4700:3037::6815:12c2"], "cname": [], "mx": [], "ns": [], "txt": [], "dmarc": null, "spf": null, "has_dnssec": null}', 'error': None, 'raw_artifact_hash': None}
2026-02-28 02:46:45,299 INFO sqlalchemy.engine.Engine INSERT INTO collector_results (id, investigation_id, collector_name, status, version, started_at, completed_at, duration_ms, evidence_json, error, raw_artifact_hash) VALUES (%(id)s::UUID, %(investigation_id)s::UUID, %(collector_name)s, %(status)s, %(version)s, %(started_at)s, %(completed_at)s, %(duration_ms)s, %(evidence_json)s::JSONB, %(error)s, %(raw_artifact_hash)s)
2026-02-28 02:46:45,300 INFO sqlalchemy.engine.Engine [cached since 0.008047s ago] {'id': UUID('a18ba6ca-9205-45d8-973a-ecb5a0e74c59'), 'investigation_id': UUID('f92b5c0a-1f1f-4c80-9498-c41a7a9e3af9'), 'collector_name': 'tls', 'status': 'completed', 'version': '1.0.0', 'started_at': None, 'completed_at': None, 'duration_ms': 625, 'evidence_json': '{"meta": {"collector": "tls", "version": "1.0.0", "status": "completed", "started_at": "2026-02-28T00:45:14.782130Z", "completed_at": "2026-02-28T00: ... (548 characters truncated) ... , "is_self_signed": false, "chain_length": 1, "chain_issuers": [], "cert_sha256": "acb90ee37f845b116a2d21578ef51e26e7fea99f56fa22d9f85ea9ad33935291"}', 'error': None, 'raw_artifact_hash': None}
2026-02-28 02:46:45,303 INFO sqlalchemy.engine.Engine INSERT INTO collector_results (id, investigation_id, collector_name, status, version, started_at, completed_at, duration_ms, evidence_json, error, raw_artifact_hash) VALUES (%(id)s::UUID, %(investigation_id)s::UUID, %(collector_name)s, %(status)s, %(version)s, %(started_at)s, %(completed_at)s, %(duration_ms)s, %(evidence_json)s::JSONB, %(error)s, %(raw_artifact_hash)s)
2026-02-28 02:46:45,304 INFO sqlalchemy.engine.Engine [cached since 0.01145s ago] {'id': UUID('977ae08e-d9d3-45b1-854b-d3b90f868959'), 'investigation_id': UUID('f92b5c0a-1f1f-4c80-9498-c41a7a9e3af9'), 'collector_name': 'whois', 'status': 'completed', 'version': '1.0.0', 'started_at': None, 'completed_at': None, 'duration_ms': 1186, 'evidence_json': '{"meta": {"collector": "whois", "version": "1.0.0", "status": "completed", "started_at": "2026-02-28T00:45:14.783142Z", "completed_at": "2026-02-28T0 ... (307 characters truncated) ... lse, "registrant_org": null, "registrant_country": null, "name_servers": ["delilah.ns.cloudflare.com", "hugh.ns.cloudflare.com"], "statuses": ["OK"]}', 'error': None, 'raw_artifact_hash': None}
2026-02-28 02:46:45,305 INFO sqlalchemy.engine.Engine INSERT INTO collector_results (id, investigation_id, collector_name, status, version, started_at, completed_at, duration_ms, evidence_json, error, raw_artifact_hash) VALUES (%(id)s::UUID, %(investigation_id)s::UUID, %(collector_name)s, %(status)s, %(version)s, %(started_at)s, %(completed_at)s, %(duration_ms)s, %(evidence_json)s::JSONB, %(error)s, %(raw_artifact_hash)s)
2026-02-28 02:46:45,306 INFO sqlalchemy.engine.Engine [cached since 0.01385s ago] {'id': UUID('772161f1-3ea8-4199-915e-47893ea074a8'), 'investigation_id': UUID('f92b5c0a-1f1f-4c80-9498-c41a7a9e3af9'), 'collector_name': 'vt', 'status': 'completed', 'version': '1.0.0', 'started_at': None, 'completed_at': None, 'duration_ms': 3437, 'evidence_json': '{"meta": {"collector": "vt", "version": "1.0.0", "status": "completed", "started_at": "2026-02-28T00:45:14.950618Z", "completed_at": "2026-02-28T00:4 ... (9492 characters truncated) ... ": "", "vt_cert_subject": "", "vt_registrar": "", "tags": ["external-resources", "password-input"], "notes": [], "file_name": null, "file_names": []}', 'error': None, 'raw_artifact_hash': None}
2026-02-28 02:46:45,310 INFO sqlalchemy.engine.Engine INSERT INTO collector_results (id, investigation_id, collector_name, status, version, started_at, completed_at, duration_ms, evidence_json, error, raw_artifact_hash) VALUES (%(id)s::UUID, %(investigation_id)s::UUID, %(collector_name)s, %(status)s, %(version)s, %(started_at)s, %(completed_at)s, %(duration_ms)s, %(evidence_json)s::JSONB, %(error)s, %(raw_artifact_hash)s)
2026-02-28 02:46:45,311 INFO sqlalchemy.engine.Engine [cached since 0.01905s ago] {'id': UUID('888950ff-6685-4f56-b7bb-8e2e210694fd'), 'investigation_id': UUID('f92b5c0a-1f1f-4c80-9498-c41a7a9e3af9'), 'collector_name': 'http', 'status': 'completed', 'version': '1.0.0', 'started_at': None, 'completed_at': None, 'duration_ms': 4032, 'evidence_json': '{"meta": {"collector": "http", "version": "1.0.0", "status": "completed", "started_at": "2026-02-28T00:45:14.780486Z", "completed_at": "2026-02-28T00 ... (2529 characters truncated) ... on"], "external_resources": ["cdn.jsdelivr.net", "cdnjs.cloudflare.com", "stackpath.bootstrapcdn.com", "static.cloudflareinsights.com", "unpkg.com"]}', 'error': None, 'raw_artifact_hash': None}
2026-02-28 02:46:45,314 INFO sqlalchemy.engine.Engine INSERT INTO collector_results (id, investigation_id, collector_name, status, version, started_at, completed_at, duration_ms, evidence_json, error, raw_artifact_hash) VALUES (%(id)s::UUID, %(investigation_id)s::UUID, %(collector_name)s, %(status)s, %(version)s, %(started_at)s, %(completed_at)s, %(duration_ms)s, %(evidence_json)s::JSONB, %(error)s, %(raw_artifact_hash)s)
2026-02-28 02:46:45,315 INFO sqlalchemy.engine.Engine [cached since 0.02321s ago] {'id': UUID('21ceed40-4ef8-4c59-ab93-840fbfb52b83'), 'investigation_id': UUID('f92b5c0a-1f1f-4c80-9498-c41a7a9e3af9'), 'collector_name': 'threat_feeds', 'status': 'completed', 'version': '1.0.0', 'started_at': None, 'completed_at': None, 'duration_ms': 5000, 'evidence_json': '{"meta": {"collector": "threat_feeds", "version": "1.0.0", "status": "completed", "started_at": "2026-02-28T00:45:14.982090Z", "completed_at": "2026- ... (500 characters truncated) ... matches": [], "openphish_listed": false, "feeds_checked": ["abuseipdb", "phishtank", "openphish"], "feeds_skipped": ["threatfox (error: HTTPError)"]}', 'error': None, 'raw_artifact_hash': None}
2026-02-28 02:46:45,318 INFO sqlalchemy.engine.Engine INSERT INTO collector_results (id, investigation_id, collector_name, status, version, started_at, completed_at, duration_ms, evidence_json, error, raw_artifact_hash) VALUES (%(id)s::UUID, %(investigation_id)s::UUID, %(collector_name)s, %(status)s, %(version)s, %(started_at)s, %(completed_at)s, %(duration_ms)s, %(evidence_json)s::JSONB, %(error)s, %(raw_artifact_hash)s)
2026-02-28 02:46:45,318 INFO sqlalchemy.engine.Engine [cached since 0.0263s ago] {'id': UUID('f5d05f33-d29c-4014-955f-2e3a34fa663c'), 'investigation_id': UUID('f92b5c0a-1f1f-4c80-9498-c41a7a9e3af9'), 'collector_name': 'intel', 'status': 'completed', 'version': '1.0.0', 'started_at': None, 'completed_at': None, 'duration_ms': 5342, 'evidence_json': '{"meta": {"collector": "intel", "version": "1.0.0", "status": "completed", "started_at": "2026-02-28T00:45:14.931325Z", "completed_at": "2026-02-28T0 ... (23589 characters truncated) ... fore": "2019-02-06T07:49:48", "not_after": "2019-05-07T07:49:48", "entry_timestamp": "2019-02-06T08:49:49.851", "name_value": "time.expertware.ro"}]}', 'error': None, 'raw_artifact_hash': None}
2026-02-28 02:46:45,325 INFO sqlalchemy.engine.Engine INSERT INTO collector_results (id, investigation_id, collector_name, status, version, started_at, completed_at, duration_ms, evidence_json, error, raw_artifact_hash) VALUES (%(id)s::UUID, %(investigation_id)s::UUID, %(collector_name)s, %(status)s, %(version)s, %(started_at)s, %(completed_at)s, %(duration_ms)s, %(evidence_json)s::JSONB, %(error)s, %(raw_artifact_hash)s)
2026-02-28 02:46:45,327 INFO sqlalchemy.engine.Engine [cached since 0.03444s ago] {'id': UUID('588b616c-9ed0-47f9-8bf5-5f9438f4f5f3'), 'investigation_id': UUID('f92b5c0a-1f1f-4c80-9498-c41a7a9e3af9'), 'collector_name': 'urlscan', 'status': 'completed', 'version': '1.0.0', 'started_at': None, 'completed_at': None, 'duration_ms': 29407, 'evidence_json': '{"meta": {"collector": "urlscan", "version": "1.0.0", "status": "completed", "started_at": "2026-02-28T00:45:14.984599Z", "completed_at": "2026-02-28 ... (1046 characters truncated) ... ries": [], "brands": [], "votesTotal": 0, "votesMalicious": 0, "votesBenign": 0, "malicious": false, "hasVerdicts": false}}, "tags": [], "notes": []}', 'error': None, 'raw_artifact_hash': None}
2026-02-28 02:46:45,330 INFO sqlalchemy.engine.Engine INSERT INTO iocs (id, investigation_id, type, value, context, confidence) VALUES (%(id)s::UUID, %(investigation_id)s::UUID, %(type)s, %(value)s, %(context)s, %(confidence)s) RETURNING iocs.created_at
2026-02-28 02:46:45,331 INFO sqlalchemy.engine.Engine [generated in 0.00114s] {'id': UUID('fa5e893b-163b-4916-b196-d7acbc825815'), 'investigation_id': UUID('f92b5c0a-1f1f-4c80-9498-c41a7a9e3af9'), 'type': 'ip', 'value': '172.67.183.75', 'context': 'AbuseIPDB lookup target', 'confidence': 'medium'}
2026-02-28 02:46:45,336 INFO sqlalchemy.engine.Engine SELECT whois_history.id, whois_history.domain, whois_history.whois_json, whois_history.captured_at, whois_history.investigation_id, whois_history.changes_from_previous 
FROM whois_history 
WHERE whois_history.domain = %(domain_1)s ORDER BY whois_history.captured_at DESC 
 LIMIT %(param_1)s
2026-02-28 02:46:45,337 INFO sqlalchemy.engine.Engine [generated in 0.00110s] {'domain_1': 'time.expertware.ro', 'param_1': 1}
2026-02-28 02:46:45,341 INFO sqlalchemy.engine.Engine INSERT INTO whois_history (id, domain, whois_json, investigation_id, changes_from_previous) VALUES (%(id)s::UUID, %(domain)s, %(whois_json)s::JSONB, %(investigation_id)s::UUID, %(changes_from_previous)s::JSONB) RETURNING whois_history.captured_at
2026-02-28 02:46:45,344 INFO sqlalchemy.engine.Engine [generated in 0.00144s] {'id': UUID('bf768b47-524d-4e2b-bab8-8477694a622d'), 'domain': 'time.expertware.ro', 'whois_json': '{"meta": {"collector": "whois", "version": "1.0.0", "status": "completed", "started_at": "2026-02-28T00:45:14.783142Z", "completed_at": "2026-02-28T0 ... (307 characters truncated) ... lse, "registrant_org": null, "registrant_country": null, "name_servers": ["delilah.ns.cloudflare.com", "hugh.ns.cloudflare.com"], "statuses": ["OK"]}', 'investigation_id': UUID('f92b5c0a-1f1f-4c80-9498-c41a7a9e3af9'), 'changes_from_previous': '{}'}
2026-02-28 02:46:45,345 INFO sqlalchemy.engine.Engine COMMIT
2026-02-28 02:46:45,349 INFO sqlalchemy.engine.Engine BEGIN (implicit)
2026-02-28 02:46:45,352 INFO sqlalchemy.engine.Engine SELECT investigations.id AS investigations_id, investigations.domain AS investigations_domain, investigations.observable_type AS investigations_observable_type, investigations.state AS investigations_state, investigations.context AS investigations_context, investigations.client_domain AS investigations_client_domain, investigations.batch_id AS investigations_batch_id, investigations.created_at AS investigations_created_at, investigations.updated_at AS investigations_updated_at, investigations.concluded_at AS investigations_concluded_at, investigations.classification AS investigations_classification, investigations.confidence AS investigations_confidence, investigations.risk_score AS investigations_risk_score, investigations.recommended_action AS investigations_recommended_action, investigations.analyst_iterations AS investigations_analyst_iterations, investigations.max_analyst_iterations AS investigations_max_analyst_iterations 
FROM investigations 
WHERE investigations.id = %(pk_1)s::UUID
2026-02-28 02:46:45,352 INFO sqlalchemy.engine.Engine [generated in 0.00084s] {'pk_1': UUID('f92b5c0a-1f1f-4c80-9498-c41a7a9e3af9')}
2026-02-28 02:46:45,354 INFO sqlalchemy.engine.Engine ROLLBACK
2026-02-28 02:46:54,640 INFO sqlalchemy.engine.Engine BEGIN (implicit)
2026-02-28 02:46:54,643 INFO sqlalchemy.engine.Engine INSERT INTO artifacts (id, investigation_id, collector_name, artifact_name, sha256_hash, content_type, size_bytes, storage_path) VALUES (%(id)s::UUID, %(investigation_id)s::UUID, %(collector_name)s, %(artifact_name)s, %(sha256_hash)s, %(content_type)s, %(size_bytes)s, %(storage_path)s) RETURNING artifacts.created_at
2026-02-28 02:46:54,644 INFO sqlalchemy.engine.Engine [cached since 60.8s ago] {'id': UUID('2586476f-b668-4c6f-bcd4-7d6d5f0e47a5'), 'investigation_id': UUID('958170a4-defc-4aee-aa49-284a467b369e'), 'collector_name': 'js_analysis', 'artifact_name': 'network_capture.har', 'sha256_hash': '5770bfbaf8a7ffee6b835959eefe07f1b1b3427fb63d5940878258566b050e01', 'content_type': 'application/json', 'size_bytes': 16110, 'storage_path': 'artifacts\\958170a4-defc-4aee-aa49-284a467b369e\\network_capture.har'}
2026-02-28 02:46:54,646 INFO sqlalchemy.engine.Engine COMMIT
2026-02-28 02:46:55,760 INFO sqlalchemy.engine.Engine BEGIN (implicit)
2026-02-28 02:46:55,762 INFO sqlalchemy.engine.Engine 
                        SELECT i.domain
                        FROM investigations i
                        JOIN evidence e ON e.investigation_id = i.id
                        WHERE i.id != %(exc_id)s
                          AND i.state = 'concluded'
                          AND e.evidence_json->'dns'->'ns' @> :ns_val::jsonb
                        LIMIT 20
                    
2026-02-28 02:46:55,762 INFO sqlalchemy.engine.Engine [generated in 0.00084s] {'exc_id': '958170a4-defc-4aee-aa49-284a467b369e'}
2026-02-28 02:46:55,765 INFO sqlalchemy.engine.Engine 
                        SELECT i.domain
                        FROM investigations i
                        JOIN evidence e ON e.investigation_id = i.id
                        WHERE i.id != %(exc_id)s
                          AND i.state = 'concluded'
                          AND e.evidence_json->'dns'->'ns' @> :ns_val::jsonb
                        LIMIT 20
                    
2026-02-28 02:46:55,766 INFO sqlalchemy.engine.Engine [cached since 0.004483s ago] {'exc_id': '958170a4-defc-4aee-aa49-284a467b369e'}
2026-02-28 02:46:55,768 INFO sqlalchemy.engine.Engine ROLLBACK
2026-02-28 02:46:55,771 INFO sqlalchemy.engine.Engine BEGIN (implicit)
2026-02-28 02:46:55,773 INFO sqlalchemy.engine.Engine 
                    SELECT DISTINCT i.domain
                    FROM investigations i
                    JOIN evidence e ON e.investigation_id = i.id
                    WHERE i.id != %(exc_id)s
                      AND i.state = 'concluded'
                      AND (e.evidence_json->'whois'->>'registrar' = %(registrar)s)
                    LIMIT 20
                
2026-02-28 02:46:55,773 INFO sqlalchemy.engine.Engine [cached since 59.15s ago] {'exc_id': '958170a4-defc-4aee-aa49-284a467b369e', 'registrar': 'GoDaddy.com, LLC'}
2026-02-28 02:46:55,786 INFO sqlalchemy.engine.Engine ROLLBACK
2026-02-28 02:47:40,833 INFO sqlalchemy.engine.Engine BEGIN (implicit)
2026-02-28 02:47:40,835 INFO sqlalchemy.engine.Engine SELECT investigations.id AS investigations_id, investigations.domain AS investigations_domain, investigations.observable_type AS investigations_observable_type, investigations.state AS investigations_state, investigations.context AS investigations_context, investigations.client_domain AS investigations_client_domain, investigations.batch_id AS investigations_batch_id, investigations.created_at AS investigations_created_at, investigations.updated_at AS investigations_updated_at, investigations.concluded_at AS investigations_concluded_at, investigations.classification AS investigations_classification, investigations.confidence AS investigations_confidence, investigations.risk_score AS investigations_risk_score, investigations.recommended_action AS investigations_recommended_action, investigations.analyst_iterations AS investigations_analyst_iterations, investigations.max_analyst_iterations AS investigations_max_analyst_iterations 
FROM investigations 
WHERE investigations.id = %(pk_1)s::UUID
2026-02-28 02:47:40,837 INFO sqlalchemy.engine.Engine [cached since 146.1s ago] {'pk_1': UUID('958170a4-defc-4aee-aa49-284a467b369e')}
2026-02-28 02:47:40,839 INFO sqlalchemy.engine.Engine UPDATE investigations SET state=%(state)s, updated_at=now(), concluded_at=%(concluded_at)s, classification=%(classification)s, confidence=%(confidence)s, risk_score=%(risk_score)s, recommended_action=%(recommended_action)s WHERE investigations.id = %(investigations_id)s::UUID
2026-02-28 02:47:40,840 INFO sqlalchemy.engine.Engine [cached since 55.57s ago] {'state': 'concluded', 'concluded_at': datetime.datetime(2026, 2, 28, 0, 47, 40, 839764, tzinfo=datetime.timezone.utc), 'classification': 'benign', 'confidence': 'medium', 'risk_score': 15, 'recommended_action': 'monitor', 'investigations_id': UUID('958170a4-defc-4aee-aa49-284a467b369e')}
2026-02-28 02:47:40,844 INFO sqlalchemy.engine.Engine INSERT INTO evidence (id, investigation_id, evidence_json, signals, data_gaps, external_context) VALUES (%(id)s::UUID, %(investigation_id)s::UUID, %(evidence_json)s::JSONB, %(signals)s::JSONB, %(data_gaps)s::JSONB, %(external_context)s::JSONB) RETURNING evidence.created_at
2026-02-28 02:47:40,845 INFO sqlalchemy.engine.Engine [cached since 55.57s ago] {'id': UUID('27a23dd9-6fd5-4ee6-87d5-196ead4dcbcc'), 'investigation_id': UUID('958170a4-defc-4aee-aa49-284a467b369e'), 'evidence_json': '{"domain": "revantage.eu", "observable_type": "domain", "investigation_id": "958170a4-defc-4aee-aa49-284a467b369e", "target_domain": "revantage.eu",  ... (165512 characters truncated) ... 50, "browser_postprocessing": 30922, "infrastructure_correlation": 1157, "signals_and_gaps": 0, "report_generation": 45031, "analysis_total": 81969}}', 'signals': '[{"id": "sig_cross_domain_redirect", "category": "behavior", "description": "Redirects from revantage.eu to www.revantage.com", "severity": "medium", ... (2269 characters truncated) ... buseIPDB: IP has 29% abuse confidence score (29 reports)", "severity": "medium", "evidence_refs": ["threat_feeds.abuseipdb.abuse_confidence_score"]}]', 'data_gaps': '[{"id": "gap_whois_age", "description": "Domain creation date unavailable despite successful WHOIS query", "collector": "whois", "reason": "WHOIS data redacted or registrar does not expose dates", "impact": "Cannot assess infrastructure age \\u2014 a key plausibility indicator"}]', 'external_context': 'null'}
2026-02-28 02:47:40,860 INFO sqlalchemy.engine.Engine INSERT INTO reports (id, investigation_id, iteration, report_json, executive_summary, technical_narrative, recommendations) VALUES (%(id)s::UUID, %(investigation_id)s::UUID, %(iteration)s, %(report_json)s::JSONB, %(executive_summary)s, %(technical_narrative)s, %(recommendations)s) RETURNING reports.created_at
2026-02-28 02:47:40,861 INFO sqlalchemy.engine.Engine [cached since 55.57s ago] {'id': UUID('d675436b-5e19-4c70-9d89-6d5eb068a21b'), 'investigation_id': UUID('958170a4-defc-4aee-aa49-284a467b369e'), 'iteration': 0, 'report_json': '{"classification": "benign", "confidence": "medium", "investigation_state": "concluded", "primary_reasoning": "Analyst timeout after 45s. Fallback au ... (2179 characters truncated) ... ring for 7-14 days. 2. Track certificate and DNS changes for sudden infrastructure shifts. 3. Alert only if verified malicious feed matches appear."}', 'executive_summary': 'Analyst timeout after 45s. Fallback automated analysis applied. Observable: revantage.eu (domain) Classification: BENIGN (medium confidence), risk 15/100. Registrar: GoDaddy.com, LLC. Final URL observed: https://www.revantage.com. Key evidence: VirusTotal: 0 malicious, 0 suspicious of 93', 'technical_narrative': 'Network and web telemetry show reachable=True, redirects=1, and JS activity 68 requests (67 external). Email posture is spoofability=none. Threat fee ... (2 characters truncated) ... : PhishTank=False (verified=False), OpenPhish=False, ThreatFox matches=0. Pipeline timings (ms): report_generation=None, browser_postprocessing=None.', 'recommendations': '1. Keep the observable in passive monitoring for 7-14 days. 2. Track certificate and DNS changes for sudden infrastructure shifts. 3. Alert only if verified malicious feed matches appear.'}
2026-02-28 02:47:40,864 INFO sqlalchemy.engine.Engine INSERT INTO collector_results (id, investigation_id, collector_name, status, version, started_at, completed_at, duration_ms, evidence_json, error, raw_artifact_hash) VALUES (%(id)s::UUID, %(investigation_id)s::UUID, %(collector_name)s, %(status)s, %(version)s, %(started_at)s, %(completed_at)s, %(duration_ms)s, %(evidence_json)s::JSONB, %(error)s, %(raw_artifact_hash)s)
2026-02-28 02:47:40,864 INFO sqlalchemy.engine.Engine [cached since 55.57s ago] {'id': UUID('574b35ba-f888-4b04-b423-2df0a7ec4467'), 'investigation_id': UUID('958170a4-defc-4aee-aa49-284a467b369e'), 'collector_name': 'tls', 'status': 'completed', 'version': '1.0.0', 'started_at': None, 'completed_at': None, 'duration_ms': 328, 'evidence_json': '{"meta": {"collector": "tls", "version": "1.0.0", "status": "completed", "started_at": "2026-02-28T00:45:40.741378Z", "completed_at": "2026-02-28T00: ... (614 characters truncated) ... , "is_self_signed": false, "chain_length": 1, "chain_issuers": [], "cert_sha256": "d07da6a44a032f55a3bbef56ca3dc4eb1f57b18f6042933e89f01146046fbefd"}', 'error': None, 'raw_artifact_hash': None}
2026-02-28 02:47:40,867 INFO sqlalchemy.engine.Engine INSERT INTO collector_results (id, investigation_id, collector_name, status, version, started_at, completed_at, duration_ms, evidence_json, error, raw_artifact_hash) VALUES (%(id)s::UUID, %(investigation_id)s::UUID, %(collector_name)s, %(status)s, %(version)s, %(started_at)s, %(completed_at)s, %(duration_ms)s, %(evidence_json)s::JSONB, %(error)s, %(raw_artifact_hash)s)
2026-02-28 02:47:40,867 INFO sqlalchemy.engine.Engine [cached since 55.58s ago] {'id': UUID('bb43dd0b-6bcf-4fca-b53d-72d1186ae969'), 'investigation_id': UUID('958170a4-defc-4aee-aa49-284a467b369e'), 'collector_name': 'asn', 'status': 'completed', 'version': '1.0.0', 'started_at': None, 'completed_at': None, 'duration_ms': 297, 'evidence_json': '{"meta": {"collector": "asn", "version": "1.0.0", "status": "completed", "started_at": "2026-02-28T00:45:40.859445Z", "completed_at": "2026-02-28T00: ... (302 characters truncated) ... ", "is_cdn": false, "is_cloud": true, "is_hosting": true, "reverse_dns": "aec037177372cc6cd.awsglobalaccelerator.com", "related_domains_same_ip": []}', 'error': None, 'raw_artifact_hash': None}
2026-02-28 02:47:40,869 INFO sqlalchemy.engine.Engine INSERT INTO collector_results (id, investigation_id, collector_name, status, version, started_at, completed_at, duration_ms, evidence_json, error, raw_artifact_hash) VALUES (%(id)s::UUID, %(investigation_id)s::UUID, %(collector_name)s, %(status)s, %(version)s, %(started_at)s, %(completed_at)s, %(duration_ms)s, %(evidence_json)s::JSONB, %(error)s, %(raw_artifact_hash)s)
2026-02-28 02:47:40,870 INFO sqlalchemy.engine.Engine [cached since 55.58s ago] {'id': UUID('334270e2-ca12-455c-826a-ff9323c5819c'), 'investigation_id': UUID('958170a4-defc-4aee-aa49-284a467b369e'), 'collector_name': 'dns', 'status': 'completed', 'version': '1.0.0', 'started_at': None, 'completed_at': None, 'duration_ms': 483, 'evidence_json': '{"meta": {"collector": "dns", "version": "1.0.0", "status": "completed", "started_at": "2026-02-28T00:45:40.736651Z", "completed_at": "2026-02-28T00: ... (4388 characters truncated) ... =reject; rua=mailto:dmarc_agg@vali.email;", "spf": "v=spf1 include:spf.protection.outlook.com include:spf.eu.exclaimer.net -all", "has_dnssec": null}', 'error': None, 'raw_artifact_hash': None}
2026-02-28 02:47:40,874 INFO sqlalchemy.engine.Engine INSERT INTO collector_results (id, investigation_id, collector_name, status, version, started_at, completed_at, duration_ms, evidence_json, error, raw_artifact_hash) VALUES (%(id)s::UUID, %(investigation_id)s::UUID, %(collector_name)s, %(status)s, %(version)s, %(started_at)s, %(completed_at)s, %(duration_ms)s, %(evidence_json)s::JSONB, %(error)s, %(raw_artifact_hash)s)
2026-02-28 02:47:40,876 INFO sqlalchemy.engine.Engine [cached since 55.58s ago] {'id': UUID('3059ef5b-dd39-4735-bad0-19a19e0b54af'), 'investigation_id': UUID('958170a4-defc-4aee-aa49-284a467b369e'), 'collector_name': 'whois', 'status': 'completed', 'version': '1.0.0', 'started_at': None, 'completed_at': None, 'duration_ms': 782, 'evidence_json': '{"meta": {"collector": "whois", "version": "1.0.0", "status": "completed", "started_at": "2026-02-28T00:45:40.858347Z", "completed_at": "2026-02-28T0 ... (335 characters truncated) ... ry": null, "name_servers": ["ns74.domaincontrol.com\\n        ns73.domaincontrol.com\\n\\nplease visit www.eurid.eu for more info."], "statuses": []}', 'error': None, 'raw_artifact_hash': None}
2026-02-28 02:47:40,878 INFO sqlalchemy.engine.Engine INSERT INTO collector_results (id, investigation_id, collector_name, status, version, started_at, completed_at, duration_ms, evidence_json, error, raw_artifact_hash) VALUES (%(id)s::UUID, %(investigation_id)s::UUID, %(collector_name)s, %(status)s, %(version)s, %(started_at)s, %(completed_at)s, %(duration_ms)s, %(evidence_json)s::JSONB, %(error)s, %(raw_artifact_hash)s)
2026-02-28 02:47:40,879 INFO sqlalchemy.engine.Engine [cached since 55.59s ago] {'id': UUID('534372e4-a431-4db6-9a5a-7980046594d9'), 'investigation_id': UUID('958170a4-defc-4aee-aa49-284a467b369e'), 'collector_name': 'vt', 'status': 'completed', 'version': '1.0.0', 'started_at': None, 'completed_at': None, 'duration_ms': 1672, 'evidence_json': '{"meta": {"collector": "vt", "version": "1.0.0", "status": "completed", "started_at": "2026-02-28T00:45:40.863461Z", "completed_at": "2026-02-28T00:4 ... (11749 characters truncated) ... rt_issuer": "GoDaddy.com, Inc.", "vt_cert_subject": "revantage.eu", "vt_registrar": "", "tags": [], "notes": [], "file_name": null, "file_names": []}', 'error': None, 'raw_artifact_hash': None}
2026-02-28 02:47:40,883 INFO sqlalchemy.engine.Engine INSERT INTO collector_results (id, investigation_id, collector_name, status, version, started_at, completed_at, duration_ms, evidence_json, error, raw_artifact_hash) VALUES (%(id)s::UUID, %(investigation_id)s::UUID, %(collector_name)s, %(status)s, %(version)s, %(started_at)s, %(completed_at)s, %(duration_ms)s, %(evidence_json)s::JSONB, %(error)s, %(raw_artifact_hash)s)
2026-02-28 02:47:40,884 INFO sqlalchemy.engine.Engine [cached since 55.59s ago] {'id': UUID('ee792757-7592-4f18-8101-a0aaa00d38a8'), 'investigation_id': UUID('958170a4-defc-4aee-aa49-284a467b369e'), 'collector_name': 'threat_feeds', 'status': 'completed', 'version': '1.0.0', 'started_at': None, 'completed_at': None, 'duration_ms': 2328, 'evidence_json': '{"meta": {"collector": "threat_feeds", "version": "1.0.0", "status": "completed", "started_at": "2026-02-28T00:45:40.865973Z", "completed_at": "2026- ... (586 characters truncated) ... matches": [], "openphish_listed": false, "feeds_checked": ["abuseipdb", "phishtank", "openphish"], "feeds_skipped": ["threatfox (error: HTTPError)"]}', 'error': None, 'raw_artifact_hash': None}
2026-02-28 02:47:40,887 INFO sqlalchemy.engine.Engine INSERT INTO collector_results (id, investigation_id, collector_name, status, version, started_at, completed_at, duration_ms, evidence_json, error, raw_artifact_hash) VALUES (%(id)s::UUID, %(investigation_id)s::UUID, %(collector_name)s, %(status)s, %(version)s, %(started_at)s, %(completed_at)s, %(duration_ms)s, %(evidence_json)s::JSONB, %(error)s, %(raw_artifact_hash)s)
2026-02-28 02:47:40,888 INFO sqlalchemy.engine.Engine [cached since 55.6s ago] {'id': UUID('a1473773-9c43-4b42-92ca-6d296495525d'), 'investigation_id': UUID('958170a4-defc-4aee-aa49-284a467b369e'), 'collector_name': 'http', 'status': 'completed', 'version': '1.0.0', 'started_at': None, 'completed_at': None, 'duration_ms': 3313, 'evidence_json': '{"meta": {"collector": "http", "version": "1.0.0", "status": "completed", "started_at": "2026-02-28T00:45:40.739555Z", "completed_at": "2026-02-28T00 ... (1821 characters truncated) ... hing_indicators": [], "external_resources": ["cdnjs.cloudflare.com", "gmpg.org", "maps.google.com", "www.googletagmanager.com", "www.revantage.com"]}', 'error': None, 'raw_artifact_hash': None}
2026-02-28 02:47:40,891 INFO sqlalchemy.engine.Engine INSERT INTO collector_results (id, investigation_id, collector_name, status, version, started_at, completed_at, duration_ms, evidence_json, error, raw_artifact_hash) VALUES (%(id)s::UUID, %(investigation_id)s::UUID, %(collector_name)s, %(status)s, %(version)s, %(started_at)s, %(completed_at)s, %(duration_ms)s, %(evidence_json)s::JSONB, %(error)s, %(raw_artifact_hash)s)
2026-02-28 02:47:40,892 INFO sqlalchemy.engine.Engine [cached since 55.6s ago] {'id': UUID('75104de0-eaf5-448a-a34e-b213eae3d4b6'), 'investigation_id': UUID('958170a4-defc-4aee-aa49-284a467b369e'), 'collector_name': 'intel', 'status': 'completed', 'version': '1.0.0', 'started_at': None, 'completed_at': None, 'duration_ms': 4500, 'evidence_json': '{"meta": {"collector": "intel", "version": "1.0.0", "status": "completed", "started_at": "2026-02-28T00:45:40.861454Z", "completed_at": "2026-02-28T0 ... (69278 characters truncated) ... 9-09-26T00:00:00", "not_after": "2020-09-25T12:00:00", "entry_timestamp": "2019-09-26T10:36:32.693", "name_value": "*.revantage.eu\\nrevantage.eu"}]}', 'error': None, 'raw_artifact_hash': None}
2026-02-28 02:47:40,898 INFO sqlalchemy.engine.Engine INSERT INTO collector_results (id, investigation_id, collector_name, status, version, started_at, completed_at, duration_ms, evidence_json, error, raw_artifact_hash) VALUES (%(id)s::UUID, %(investigation_id)s::UUID, %(collector_name)s, %(status)s, %(version)s, %(started_at)s, %(completed_at)s, %(duration_ms)s, %(evidence_json)s::JSONB, %(error)s, %(raw_artifact_hash)s)
2026-02-28 02:47:40,900 INFO sqlalchemy.engine.Engine [cached since 55.61s ago] {'id': UUID('29d55621-4eb9-4d00-b51e-a8d6d53fb919'), 'investigation_id': UUID('958170a4-defc-4aee-aa49-284a467b369e'), 'collector_name': 'urlscan', 'status': 'completed', 'version': '1.0.0', 'started_at': None, 'completed_at': None, 'duration_ms': 37969, 'evidence_json': '{"meta": {"collector": "urlscan", "version": "1.0.0", "status": "completed", "started_at": "2026-02-28T00:45:40.868482Z", "completed_at": "2026-02-28 ... (1020 characters truncated) ... ries": [], "brands": [], "votesTotal": 0, "votesMalicious": 0, "votesBenign": 0, "malicious": false, "hasVerdicts": false}}, "tags": [], "notes": []}', 'error': None, 'raw_artifact_hash': None}
2026-02-28 02:47:40,903 INFO sqlalchemy.engine.Engine INSERT INTO iocs (id, investigation_id, type, value, context, confidence) VALUES (%(id)s::UUID, %(investigation_id)s::UUID, %(type)s, %(value)s, %(context)s, %(confidence)s) RETURNING iocs.created_at
2026-02-28 02:47:40,904 INFO sqlalchemy.engine.Engine [cached since 55.57s ago] {'id': UUID('d49c5185-3e30-474e-bc22-280c9aee741b'), 'investigation_id': UUID('958170a4-defc-4aee-aa49-284a467b369e'), 'type': 'ip', 'value': '3.33.251.168', 'context': 'AbuseIPDB lookup target', 'confidence': 'medium'}
2026-02-28 02:47:40,905 INFO sqlalchemy.engine.Engine SELECT whois_history.id, whois_history.domain, whois_history.whois_json, whois_history.captured_at, whois_history.investigation_id, whois_history.changes_from_previous 
FROM whois_history 
WHERE whois_history.domain = %(domain_1)s ORDER BY whois_history.captured_at DESC 
 LIMIT %(param_1)s
2026-02-28 02:47:40,906 INFO sqlalchemy.engine.Engine [cached since 55.57s ago] {'domain_1': 'revantage.eu', 'param_1': 1}
2026-02-28 02:47:40,909 INFO sqlalchemy.engine.Engine INSERT INTO whois_history (id, domain, whois_json, investigation_id, changes_from_previous) VALUES (%(id)s::UUID, %(domain)s, %(whois_json)s::JSONB, %(investigation_id)s::UUID, %(changes_from_previous)s::JSONB) RETURNING whois_history.captured_at
2026-02-28 02:47:40,910 INFO sqlalchemy.engine.Engine [cached since 55.57s ago] {'id': UUID('153ace08-80a1-4143-b68e-3fac83c7525b'), 'domain': 'revantage.eu', 'whois_json': '{"meta": {"collector": "whois", "version": "1.0.0", "status": "completed", "started_at": "2026-02-28T00:45:40.858347Z", "completed_at": "2026-02-28T0 ... (335 characters truncated) ... ry": null, "name_servers": ["ns74.domaincontrol.com\\n        ns73.domaincontrol.com\\n\\nplease visit www.eurid.eu for more info."], "statuses": []}', 'investigation_id': UUID('958170a4-defc-4aee-aa49-284a467b369e'), 'changes_from_previous': '{}'}
2026-02-28 02:47:40,912 INFO sqlalchemy.engine.Engine COMMIT
2026-02-28 02:47:40,914 INFO sqlalchemy.engine.Engine BEGIN (implicit)
2026-02-28 02:47:40,915 INFO sqlalchemy.engine.Engine SELECT investigations.id AS investigations_id, investigations.domain AS investigations_domain, investigations.observable_type AS investigations_observable_type, investigations.state AS investigations_state, investigations.context AS investigations_context, investigations.client_domain AS investigations_client_domain, investigations.batch_id AS investigations_batch_id, investigations.created_at AS investigations_created_at, investigations.updated_at AS investigations_updated_at, investigations.concluded_at AS investigations_concluded_at, investigations.classification AS investigations_classification, investigations.confidence AS investigations_confidence, investigations.risk_score AS investigations_risk_score, investigations.recommended_action AS investigations_recommended_action, investigations.analyst_iterations AS investigations_analyst_iterations, investigations.max_analyst_iterations AS investigations_max_analyst_iterations 
FROM investigations 
WHERE investigations.id = %(pk_1)s::UUID
2026-02-28 02:47:40,916 INFO sqlalchemy.engine.Engine [cached since 55.57s ago] {'pk_1': UUID('958170a4-defc-4aee-aa49-284a467b369e')}
2026-02-28 02:47:40,919 INFO sqlalchemy.engine.Engine ROLLBACK
