[config] Loaded .env from: C:\Users\tmoscaliuc\Downloads\script\threat-investigator\threat-intel\backend\.env
[config] Settings loaded — VT key: SET
 
 -------------- celery-local-8000-20260228-013621@EXP-JFW2P34 v5.6.2 (recovery)
--- ***** ----- 
-- ******* ---- Windows-11-10.0.26200-SP0 2026-02-28 01:36:27
- *** --- * --- 
- ** ---------- [config]
- ** ---------- .> app:         threat_intel:0x1bda2b45d00
- ** ---------- .> transport:   redis://127.0.0.1:6379/5
- ** ---------- .> results:     redis://127.0.0.1:6379/6
- *** --- * --- .> concurrency: 8 (thread)
-- ******* ---- .> task events: OFF (enable -E to monitor tasks in this worker)
--- ***** ----- 
 -------------- [queues]
                .> investigations   exchange=investigations(direct) key=investigations
                

[tasks]
  . tasks.process_batch
  . tasks.run_analysis
  . tasks.run_collector
  . tasks.run_investigation
  . tasks.watchlist_check

2026-02-28 01:36:28,996 INFO sqlalchemy.engine.Engine select pg_catalog.version()
2026-02-28 01:36:28,998 INFO sqlalchemy.engine.Engine [raw sql] {}
2026-02-28 01:36:28,999 INFO sqlalchemy.engine.Engine select current_schema()
2026-02-28 01:36:29,000 INFO sqlalchemy.engine.Engine [raw sql] {}
2026-02-28 01:36:29,001 INFO sqlalchemy.engine.Engine show standard_conforming_strings
2026-02-28 01:36:29,003 INFO sqlalchemy.engine.Engine [raw sql] {}
2026-02-28 01:36:29,004 INFO sqlalchemy.engine.Engine BEGIN (implicit)
2026-02-28 01:36:29,022 INFO sqlalchemy.engine.Engine SELECT investigations.id AS investigations_id, investigations.domain AS investigations_domain, investigations.observable_type AS investigations_observable_type, investigations.state AS investigations_state, investigations.context AS investigations_context, investigations.client_domain AS investigations_client_domain, investigations.batch_id AS investigations_batch_id, investigations.created_at AS investigations_created_at, investigations.updated_at AS investigations_updated_at, investigations.concluded_at AS investigations_concluded_at, investigations.classification AS investigations_classification, investigations.confidence AS investigations_confidence, investigations.risk_score AS investigations_risk_score, investigations.recommended_action AS investigations_recommended_action, investigations.analyst_iterations AS investigations_analyst_iterations, investigations.max_analyst_iterations AS investigations_max_analyst_iterations 
FROM investigations 
WHERE investigations.id = %(pk_1)s::UUID
2026-02-28 01:36:29,023 INFO sqlalchemy.engine.Engine [generated in 0.00072s] {'pk_1': UUID('2da593cd-d093-4703-a223-892a6f609ebd')}
2026-02-28 01:36:29,029 INFO sqlalchemy.engine.Engine ROLLBACK
2026-02-28 01:36:29,030 INFO sqlalchemy.engine.Engine BEGIN (implicit)
2026-02-28 01:36:29,031 INFO sqlalchemy.engine.Engine SELECT investigations.id AS investigations_id, investigations.domain AS investigations_domain, investigations.observable_type AS investigations_observable_type, investigations.state AS investigations_state, investigations.context AS investigations_context, investigations.client_domain AS investigations_client_domain, investigations.batch_id AS investigations_batch_id, investigations.created_at AS investigations_created_at, investigations.updated_at AS investigations_updated_at, investigations.concluded_at AS investigations_concluded_at, investigations.classification AS investigations_classification, investigations.confidence AS investigations_confidence, investigations.risk_score AS investigations_risk_score, investigations.recommended_action AS investigations_recommended_action, investigations.analyst_iterations AS investigations_analyst_iterations, investigations.max_analyst_iterations AS investigations_max_analyst_iterations 
FROM investigations 
WHERE investigations.id = %(pk_1)s::UUID
2026-02-28 01:36:29,032 INFO sqlalchemy.engine.Engine [cached since 0.009397s ago] {'pk_1': UUID('2da593cd-d093-4703-a223-892a6f609ebd')}
2026-02-28 01:36:29,034 INFO sqlalchemy.engine.Engine UPDATE investigations SET state=%(state)s, updated_at=%(updated_at)s WHERE investigations.id = %(investigations_id)s::UUID
2026-02-28 01:36:29,035 INFO sqlalchemy.engine.Engine [generated in 0.00112s] {'state': 'gathering', 'updated_at': datetime.datetime(2026, 2, 27, 23, 36, 29, 33503, tzinfo=datetime.timezone.utc), 'investigations_id': UUID('2da593cd-d093-4703-a223-892a6f609ebd')}
2026-02-28 01:36:29,038 INFO sqlalchemy.engine.Engine COMMIT
2026-02-28 01:36:51,789 INFO sqlalchemy.engine.Engine BEGIN (implicit)
2026-02-28 01:36:51,791 INFO sqlalchemy.engine.Engine SELECT investigations.id AS investigations_id, investigations.domain AS investigations_domain, investigations.observable_type AS investigations_observable_type, investigations.state AS investigations_state, investigations.context AS investigations_context, investigations.client_domain AS investigations_client_domain, investigations.batch_id AS investigations_batch_id, investigations.created_at AS investigations_created_at, investigations.updated_at AS investigations_updated_at, investigations.concluded_at AS investigations_concluded_at, investigations.classification AS investigations_classification, investigations.confidence AS investigations_confidence, investigations.risk_score AS investigations_risk_score, investigations.recommended_action AS investigations_recommended_action, investigations.analyst_iterations AS investigations_analyst_iterations, investigations.max_analyst_iterations AS investigations_max_analyst_iterations 
FROM investigations 
WHERE investigations.id = %(pk_1)s::UUID
2026-02-28 01:36:51,792 INFO sqlalchemy.engine.Engine [cached since 22.77s ago] {'pk_1': UUID('2da593cd-d093-4703-a223-892a6f609ebd')}
2026-02-28 01:36:51,798 INFO sqlalchemy.engine.Engine UPDATE investigations SET state=%(state)s, updated_at=%(updated_at)s WHERE investigations.id = %(investigations_id)s::UUID
2026-02-28 01:36:51,799 INFO sqlalchemy.engine.Engine [cached since 22.76s ago] {'state': 'evaluating', 'updated_at': datetime.datetime(2026, 2, 27, 23, 36, 51, 796846, tzinfo=datetime.timezone.utc), 'investigations_id': UUID('2da593cd-d093-4703-a223-892a6f609ebd')}
2026-02-28 01:36:51,802 INFO sqlalchemy.engine.Engine COMMIT
2026-02-28 01:37:08,484 INFO sqlalchemy.engine.Engine BEGIN (implicit)
2026-02-28 01:37:08,488 INFO sqlalchemy.engine.Engine INSERT INTO artifacts (id, investigation_id, collector_name, artifact_name, sha256_hash, content_type, size_bytes, storage_path) VALUES (%(id)s::UUID, %(investigation_id)s::UUID, %(collector_name)s, %(artifact_name)s, %(sha256_hash)s, %(content_type)s, %(size_bytes)s, %(storage_path)s) RETURNING artifacts.created_at
2026-02-28 01:37:08,489 INFO sqlalchemy.engine.Engine [generated in 0.00123s] {'id': UUID('7c77daea-b235-4a6f-a617-49b433d2dabd'), 'investigation_id': UUID('2da593cd-d093-4703-a223-892a6f609ebd'), 'collector_name': 'screenshot', 'artifact_name': 'screenshot_domain.png', 'sha256_hash': 'd792c0d270d962138ae25301ffbb7689c86bda6297ba9cc7a06b54c0fef453e8', 'content_type': 'image/png', 'size_bytes': 419347, 'storage_path': 'artifacts\\2da593cd-d093-4703-a223-892a6f609ebd\\screenshot_domain.png'}
2026-02-28 01:37:08,494 INFO sqlalchemy.engine.Engine COMMIT
2026-02-28 01:37:10,290 INFO sqlalchemy.engine.Engine BEGIN (implicit)
2026-02-28 01:37:10,292 INFO sqlalchemy.engine.Engine INSERT INTO artifacts (id, investigation_id, collector_name, artifact_name, sha256_hash, content_type, size_bytes, storage_path) VALUES (%(id)s::UUID, %(investigation_id)s::UUID, %(collector_name)s, %(artifact_name)s, %(sha256_hash)s, %(content_type)s, %(size_bytes)s, %(storage_path)s) RETURNING artifacts.created_at
2026-02-28 01:37:10,294 INFO sqlalchemy.engine.Engine [cached since 1.806s ago] {'id': UUID('43820409-95c8-47a3-aee3-b3a57fa9cf36'), 'investigation_id': UUID('2da593cd-d093-4703-a223-892a6f609ebd'), 'collector_name': 'js_analysis', 'artifact_name': 'network_capture.har', 'sha256_hash': 'cc5487ca167be675a2e3c0f56222dd06f3e6c80b45f6e485b238f2b1dae313d6', 'content_type': 'application/json', 'size_bytes': 10483, 'storage_path': 'artifacts\\2da593cd-d093-4703-a223-892a6f609ebd\\network_capture.har'}
2026-02-28 01:37:10,297 INFO sqlalchemy.engine.Engine COMMIT
2026-02-28 01:37:11,366 INFO sqlalchemy.engine.Engine BEGIN (implicit)
2026-02-28 01:37:11,371 INFO sqlalchemy.engine.Engine 
                        SELECT i.domain
                        FROM investigations i
                        JOIN evidence e ON e.investigation_id = i.id
                        WHERE i.id != %(exc_id)s
                          AND i.state = 'concluded'
                          AND e.evidence_json->'dns'->'ns' @> :ns_val::jsonb
                        LIMIT 20
                    
2026-02-28 01:37:11,372 INFO sqlalchemy.engine.Engine [generated in 0.00157s] {'exc_id': '2da593cd-d093-4703-a223-892a6f609ebd'}
2026-02-28 01:37:11,375 INFO sqlalchemy.engine.Engine 
                        SELECT i.domain
                        FROM investigations i
                        JOIN evidence e ON e.investigation_id = i.id
                        WHERE i.id != %(exc_id)s
                          AND i.state = 'concluded'
                          AND e.evidence_json->'dns'->'ns' @> :ns_val::jsonb
                        LIMIT 20
                    
2026-02-28 01:37:11,376 INFO sqlalchemy.engine.Engine [cached since 0.00491s ago] {'exc_id': '2da593cd-d093-4703-a223-892a6f609ebd'}
2026-02-28 01:37:11,377 INFO sqlalchemy.engine.Engine ROLLBACK
2026-02-28 01:37:11,378 INFO sqlalchemy.engine.Engine BEGIN (implicit)
2026-02-28 01:37:11,380 INFO sqlalchemy.engine.Engine 
                    SELECT DISTINCT i.domain
                    FROM investigations i
                    JOIN evidence e ON e.investigation_id = i.id
                    WHERE i.id != %(exc_id)s
                      AND i.state = 'concluded'
                      AND (e.evidence_json->'whois'->>'registrar' = %(registrar)s OR e.evidence_json->'whois'->>'registrant_org' = %(registrant_org)s)
                    LIMIT 20
                
2026-02-28 01:37:11,382 INFO sqlalchemy.engine.Engine [generated in 0.00161s] {'exc_id': '2da593cd-d093-4703-a223-892a6f609ebd', 'registrar': 'InterNetX GmbH', 'registrant_org': 'EICAR - European Institute for Computer Anti-Virus Research e.V.'}
2026-02-28 01:37:11,394 INFO sqlalchemy.engine.Engine ROLLBACK
2026-02-28 01:37:36,525 INFO sqlalchemy.engine.Engine BEGIN (implicit)
2026-02-28 01:37:36,526 INFO sqlalchemy.engine.Engine SELECT investigations.id AS investigations_id, investigations.domain AS investigations_domain, investigations.observable_type AS investigations_observable_type, investigations.state AS investigations_state, investigations.context AS investigations_context, investigations.client_domain AS investigations_client_domain, investigations.batch_id AS investigations_batch_id, investigations.created_at AS investigations_created_at, investigations.updated_at AS investigations_updated_at, investigations.concluded_at AS investigations_concluded_at, investigations.classification AS investigations_classification, investigations.confidence AS investigations_confidence, investigations.risk_score AS investigations_risk_score, investigations.recommended_action AS investigations_recommended_action, investigations.analyst_iterations AS investigations_analyst_iterations, investigations.max_analyst_iterations AS investigations_max_analyst_iterations 
FROM investigations 
WHERE investigations.id = %(pk_1)s::UUID
2026-02-28 01:37:36,528 INFO sqlalchemy.engine.Engine [cached since 67.51s ago] {'pk_1': UUID('0f71a07b-d958-4737-b633-1891913a5795')}
2026-02-28 01:37:36,529 INFO sqlalchemy.engine.Engine ROLLBACK
2026-02-28 01:37:36,531 INFO sqlalchemy.engine.Engine BEGIN (implicit)
2026-02-28 01:37:36,532 INFO sqlalchemy.engine.Engine SELECT investigations.id AS investigations_id, investigations.domain AS investigations_domain, investigations.observable_type AS investigations_observable_type, investigations.state AS investigations_state, investigations.context AS investigations_context, investigations.client_domain AS investigations_client_domain, investigations.batch_id AS investigations_batch_id, investigations.created_at AS investigations_created_at, investigations.updated_at AS investigations_updated_at, investigations.concluded_at AS investigations_concluded_at, investigations.classification AS investigations_classification, investigations.confidence AS investigations_confidence, investigations.risk_score AS investigations_risk_score, investigations.recommended_action AS investigations_recommended_action, investigations.analyst_iterations AS investigations_analyst_iterations, investigations.max_analyst_iterations AS investigations_max_analyst_iterations 
FROM investigations 
WHERE investigations.id = %(pk_1)s::UUID
2026-02-28 01:37:36,533 INFO sqlalchemy.engine.Engine [cached since 67.51s ago] {'pk_1': UUID('0f71a07b-d958-4737-b633-1891913a5795')}
2026-02-28 01:37:36,535 INFO sqlalchemy.engine.Engine UPDATE investigations SET state=%(state)s, updated_at=%(updated_at)s WHERE investigations.id = %(investigations_id)s::UUID
2026-02-28 01:37:36,537 INFO sqlalchemy.engine.Engine [cached since 67.5s ago] {'state': 'gathering', 'updated_at': datetime.datetime(2026, 2, 27, 23, 37, 36, 535968, tzinfo=datetime.timezone.utc), 'investigations_id': UUID('0f71a07b-d958-4737-b633-1891913a5795')}
2026-02-28 01:37:36,540 INFO sqlalchemy.engine.Engine COMMIT
2026-02-28 01:38:03,578 INFO sqlalchemy.engine.Engine BEGIN (implicit)
2026-02-28 01:38:03,579 INFO sqlalchemy.engine.Engine SELECT investigations.id AS investigations_id, investigations.domain AS investigations_domain, investigations.observable_type AS investigations_observable_type, investigations.state AS investigations_state, investigations.context AS investigations_context, investigations.client_domain AS investigations_client_domain, investigations.batch_id AS investigations_batch_id, investigations.created_at AS investigations_created_at, investigations.updated_at AS investigations_updated_at, investigations.concluded_at AS investigations_concluded_at, investigations.classification AS investigations_classification, investigations.confidence AS investigations_confidence, investigations.risk_score AS investigations_risk_score, investigations.recommended_action AS investigations_recommended_action, investigations.analyst_iterations AS investigations_analyst_iterations, investigations.max_analyst_iterations AS investigations_max_analyst_iterations 
FROM investigations 
WHERE investigations.id = %(pk_1)s::UUID
2026-02-28 01:38:03,580 INFO sqlalchemy.engine.Engine [cached since 94.56s ago] {'pk_1': UUID('0f71a07b-d958-4737-b633-1891913a5795')}
2026-02-28 01:38:03,582 INFO sqlalchemy.engine.Engine UPDATE investigations SET state=%(state)s, updated_at=%(updated_at)s WHERE investigations.id = %(investigations_id)s::UUID
2026-02-28 01:38:03,583 INFO sqlalchemy.engine.Engine [cached since 94.55s ago] {'state': 'evaluating', 'updated_at': datetime.datetime(2026, 2, 27, 23, 38, 3, 582722, tzinfo=datetime.timezone.utc), 'investigations_id': UUID('0f71a07b-d958-4737-b633-1891913a5795')}
2026-02-28 01:38:03,586 INFO sqlalchemy.engine.Engine COMMIT
2026-02-28 01:38:08,955 INFO sqlalchemy.engine.Engine BEGIN (implicit)
2026-02-28 01:38:08,956 INFO sqlalchemy.engine.Engine SELECT investigations.id AS investigations_id, investigations.domain AS investigations_domain, investigations.observable_type AS investigations_observable_type, investigations.state AS investigations_state, investigations.context AS investigations_context, investigations.client_domain AS investigations_client_domain, investigations.batch_id AS investigations_batch_id, investigations.created_at AS investigations_created_at, investigations.updated_at AS investigations_updated_at, investigations.concluded_at AS investigations_concluded_at, investigations.classification AS investigations_classification, investigations.confidence AS investigations_confidence, investigations.risk_score AS investigations_risk_score, investigations.recommended_action AS investigations_recommended_action, investigations.analyst_iterations AS investigations_analyst_iterations, investigations.max_analyst_iterations AS investigations_max_analyst_iterations 
FROM investigations 
WHERE investigations.id = %(pk_1)s::UUID
2026-02-28 01:38:08,958 INFO sqlalchemy.engine.Engine [cached since 99.94s ago] {'pk_1': UUID('2da593cd-d093-4703-a223-892a6f609ebd')}
2026-02-28 01:38:08,961 INFO sqlalchemy.engine.Engine UPDATE investigations SET state=%(state)s, updated_at=now(), concluded_at=%(concluded_at)s, classification=%(classification)s, confidence=%(confidence)s, risk_score=%(risk_score)s, recommended_action=%(recommended_action)s WHERE investigations.id = %(investigations_id)s::UUID
2026-02-28 01:38:08,962 INFO sqlalchemy.engine.Engine [generated in 0.00125s] {'state': 'concluded', 'concluded_at': datetime.datetime(2026, 2, 27, 23, 38, 8, 959720, tzinfo=datetime.timezone.utc), 'classification': 'benign', 'confidence': 'high', 'risk_score': 10, 'recommended_action': 'monitor', 'investigations_id': UUID('2da593cd-d093-4703-a223-892a6f609ebd')}
2026-02-28 01:38:08,966 INFO sqlalchemy.engine.Engine INSERT INTO evidence (id, investigation_id, evidence_json, signals, data_gaps, external_context) VALUES (%(id)s::UUID, %(investigation_id)s::UUID, %(evidence_json)s::JSONB, %(signals)s::JSONB, %(data_gaps)s::JSONB, %(external_context)s::JSONB) RETURNING evidence.created_at
2026-02-28 01:38:08,966 INFO sqlalchemy.engine.Engine [generated in 0.00164s] {'id': UUID('54dcbbe0-df76-4fc2-92f8-54751d989b08'), 'investigation_id': UUID('2da593cd-d093-4703-a223-892a6f609ebd'), 'evidence_json': '{"domain": "eicar.com", "observable_type": "domain", "investigation_id": "2da593cd-d093-4703-a223-892a6f609ebd", "target_domain": "eicar.com", "times ... (60516 characters truncated) ... 58, "browser_postprocessing": 13093, "infrastructure_correlation": 2420, "signals_and_gaps": 0, "report_generation": 56219, "analysis_total": 77140}}', 'signals': '[{"id": "sig_whois_privacy", "category": "registration", "description": "WHOIS registration uses privacy protection", "severity": "info", "evidence_r ... (2305 characters truncated) ... ertificate issuers across 37 certs \\u2014 infrastructure changes over time", "severity": "info", "evidence_refs": ["cert_timeline.unique_issuers"]}]', 'data_gaps': '[]', 'external_context': 'null'}
2026-02-28 01:38:08,978 INFO sqlalchemy.engine.Engine INSERT INTO reports (id, investigation_id, iteration, report_json, executive_summary, technical_narrative, recommendations) VALUES (%(id)s::UUID, %(investigation_id)s::UUID, %(iteration)s, %(report_json)s::JSONB, %(executive_summary)s, %(technical_narrative)s, %(recommendations)s) RETURNING reports.created_at
2026-02-28 01:38:09,033 INFO sqlalchemy.engine.Engine INSERT INTO collector_results (id, investigation_id, collector_name, status, version, started_at, completed_at, duration_ms, evidence_json, error, raw_artifact_hash) VALUES (%(id)s::UUID, %(investigation_id)s::UUID, %(collector_name)s, %(status)s, %(version)s, %(started_at)s, %(completed_at)s, %(duration_ms)s, %(evidence_json)s::JSONB, %(error)s, %(raw_artifact_hash)s)
2026-02-28 01:38:09,034 INFO sqlalchemy.engine.Engine [generated in 0.00102s] {'id': UUID('5d174eff-ee9b-4c72-a957-c1a493209271'), 'investigation_id': UUID('2da593cd-d093-4703-a223-892a6f609ebd'), 'collector_name': 'tls', 'status': 'completed', 'version': '1.0.0', 'started_at': None, 'completed_at': None, 'duration_ms': 186, 'evidence_json': '{"meta": {"collector": "tls", "version": "1.0.0", "status": "completed", "started_at": "2026-02-27T23:36:29.051399Z", "completed_at": "2026-02-27T23: ... (517 characters truncated) ... , "is_self_signed": false, "chain_length": 1, "chain_issuers": [], "cert_sha256": "c5c0e93b4ecc80dd543524d5681ec0668056f8bb63d01e5ec81422eb53ea5dcb"}', 'error': None, 'raw_artifact_hash': None}
2026-02-28 01:38:09,037 INFO sqlalchemy.engine.Engine INSERT INTO collector_results (id, investigation_id, collector_name, status, version, started_at, completed_at, duration_ms, evidence_json, error, raw_artifact_hash) VALUES (%(id)s::UUID, %(investigation_id)s::UUID, %(collector_name)s, %(status)s, %(version)s, %(started_at)s, %(completed_at)s, %(duration_ms)s, %(evidence_json)s::JSONB, %(error)s, %(raw_artifact_hash)s)
2026-02-28 01:38:09,039 INFO sqlalchemy.engine.Engine [cached since 0.005615s ago] {'id': UUID('acc1f00a-37df-4cf2-85a4-b0e824c78c96'), 'investigation_id': UUID('2da593cd-d093-4703-a223-892a6f609ebd'), 'collector_name': 'dns', 'status': 'completed', 'version': '1.0.0', 'started_at': None, 'completed_at': None, 'duration_ms': 327, 'evidence_json': '{"meta": {"collector": "dns", "version": "1.0.0", "status": "completed", "started_at": "2026-02-27T23:36:29.049238Z", "completed_at": "2026-02-27T23: ... (841 characters truncated) ... tu.net."], "txt": ["v=spf1 mx a include:_spf.manitu.net -all"], "dmarc": null, "spf": "v=spf1 mx a include:_spf.manitu.net -all", "has_dnssec": null}', 'error': None, 'raw_artifact_hash': None}
2026-02-28 01:38:09,041 INFO sqlalchemy.engine.Engine INSERT INTO collector_results (id, investigation_id, collector_name, status, version, started_at, completed_at, duration_ms, evidence_json, error, raw_artifact_hash) VALUES (%(id)s::UUID, %(investigation_id)s::UUID, %(collector_name)s, %(status)s, %(version)s, %(started_at)s, %(completed_at)s, %(duration_ms)s, %(evidence_json)s::JSONB, %(error)s, %(raw_artifact_hash)s)
2026-02-28 01:38:09,043 INFO sqlalchemy.engine.Engine [cached since 0.00954s ago] {'id': UUID('89d49978-0c59-48e0-8010-6c24e8d53d53'), 'investigation_id': UUID('2da593cd-d093-4703-a223-892a6f609ebd'), 'collector_name': 'asn', 'status': 'completed', 'version': '1.0.0', 'started_at': None, 'completed_at': None, 'duration_ms': 420, 'evidence_json': '{"meta": {"collector": "asn", "version": "1.0.0", "status": "completed", "started_at": "2026-02-27T23:36:29.052533Z", "completed_at": "2026-02-27T23: ... (261 characters truncated) ... ity": "Sankt Wendel", "is_cdn": false, "is_cloud": false, "is_hosting": true, "reverse_dns": "ngcobalt397.manitu.net", "related_domains_same_ip": []}', 'error': None, 'raw_artifact_hash': None}
2026-02-28 01:38:09,045 INFO sqlalchemy.engine.Engine INSERT INTO collector_results (id, investigation_id, collector_name, status, version, started_at, completed_at, duration_ms, evidence_json, error, raw_artifact_hash) VALUES (%(id)s::UUID, %(investigation_id)s::UUID, %(collector_name)s, %(status)s, %(version)s, %(started_at)s, %(completed_at)s, %(duration_ms)s, %(evidence_json)s::JSONB, %(error)s, %(raw_artifact_hash)s)
2026-02-28 01:38:09,046 INFO sqlalchemy.engine.Engine [cached since 0.01239s ago] {'id': UUID('d7d2b986-85e9-4072-94f1-b5aba861abe6'), 'investigation_id': UUID('2da593cd-d093-4703-a223-892a6f609ebd'), 'collector_name': 'whois', 'status': 'completed', 'version': '1.0.0', 'started_at': None, 'completed_at': None, 'duration_ms': 858, 'evidence_json': '{"meta": {"collector": "whois", "version": "1.0.0", "status": "completed", "started_at": "2026-02-27T23:36:29.051399Z", "completed_at": "2026-02-27T2 ... (536 characters truncated) ... ntTransferProhibited https://icann.org/epp#clientTransferProhibited", "clientTransferProhibited https://www.icann.org/epp#clientTransferProhibited"]}', 'error': None, 'raw_artifact_hash': None}
2026-02-28 01:38:09,048 INFO sqlalchemy.engine.Engine INSERT INTO collector_results (id, investigation_id, collector_name, status, version, started_at, completed_at, duration_ms, evidence_json, error, raw_artifact_hash) VALUES (%(id)s::UUID, %(investigation_id)s::UUID, %(collector_name)s, %(status)s, %(version)s, %(started_at)s, %(completed_at)s, %(duration_ms)s, %(evidence_json)s::JSONB, %(error)s, %(raw_artifact_hash)s)
2026-02-28 01:38:09,049 INFO sqlalchemy.engine.Engine [cached since 0.01537s ago] {'id': UUID('cf775e01-e2e4-48bf-86ca-fcf9d1836fa5'), 'investigation_id': UUID('2da593cd-d093-4703-a223-892a6f609ebd'), 'collector_name': 'vt', 'status': 'completed', 'version': '1.0.0', 'started_at': None, 'completed_at': None, 'duration_ms': 2204, 'evidence_json': '{"meta": {"collector": "vt", "version": "1.0.0", "status": "completed", "started_at": "2026-02-27T23:36:29.096497Z", "completed_at": "2026-02-27T23:3 ... (10058 characters truncated) ... r": "Let\'s Encrypt", "vt_cert_subject": "eicar.com", "vt_registrar": "InterNetX GmbH", "tags": [], "notes": [], "file_name": null, "file_names": []}', 'error': None, 'raw_artifact_hash': None}
2026-02-28 01:38:09,054 INFO sqlalchemy.engine.Engine INSERT INTO collector_results (id, investigation_id, collector_name, status, version, started_at, completed_at, duration_ms, evidence_json, error, raw_artifact_hash) VALUES (%(id)s::UUID, %(investigation_id)s::UUID, %(collector_name)s, %(status)s, %(version)s, %(started_at)s, %(completed_at)s, %(duration_ms)s, %(evidence_json)s::JSONB, %(error)s, %(raw_artifact_hash)s)
2026-02-28 01:38:09,054 INFO sqlalchemy.engine.Engine [cached since 0.02165s ago] {'id': UUID('13276904-254b-4229-a073-7c1cef96752b'), 'investigation_id': UUID('2da593cd-d093-4703-a223-892a6f609ebd'), 'collector_name': 'threat_feeds', 'status': 'completed', 'version': '1.0.0', 'started_at': None, 'completed_at': None, 'duration_ms': 3094, 'evidence_json': '{"meta": {"collector": "threat_feeds", "version": "1.0.0", "status": "completed", "started_at": "2026-02-27T23:36:29.099023Z", "completed_at": "2026- ... (494 characters truncated) ... matches": [], "openphish_listed": false, "feeds_checked": ["abuseipdb", "phishtank", "openphish"], "feeds_skipped": ["threatfox (error: HTTPError)"]}', 'error': None, 'raw_artifact_hash': None}
2026-02-28 01:38:09,057 INFO sqlalchemy.engine.Engine INSERT INTO collector_results (id, investigation_id, collector_name, status, version, started_at, completed_at, duration_ms, evidence_json, error, raw_artifact_hash) VALUES (%(id)s::UUID, %(investigation_id)s::UUID, %(collector_name)s, %(status)s, %(version)s, %(started_at)s, %(completed_at)s, %(duration_ms)s, %(evidence_json)s::JSONB, %(error)s, %(raw_artifact_hash)s)
2026-02-28 01:38:09,058 INFO sqlalchemy.engine.Engine [cached since 0.02471s ago] {'id': UUID('8e411926-6b6d-4cf7-8230-1da8bc8bf219'), 'investigation_id': UUID('2da593cd-d093-4703-a223-892a6f609ebd'), 'collector_name': 'intel', 'status': 'completed', 'version': '1.0.0', 'started_at': None, 'completed_at': None, 'duration_ms': 3702, 'evidence_json': '{"meta": {"collector": "intel", "version": "1.0.0", "status": "completed", "started_at": "2026-02-27T23:36:29.089775Z", "completed_at": "2026-02-27T2 ... (12205 characters truncated) ... ot_before": "2020-07-03T16:03:51", "not_after": "2020-10-01T16:03:51", "entry_timestamp": "2020-07-03T17:03:51.986", "name_value": "www.eicar.com"}]}', 'error': None, 'raw_artifact_hash': None}
2026-02-28 01:38:09,060 INFO sqlalchemy.engine.Engine INSERT INTO collector_results (id, investigation_id, collector_name, status, version, started_at, completed_at, duration_ms, evidence_json, error, raw_artifact_hash) VALUES (%(id)s::UUID, %(investigation_id)s::UUID, %(collector_name)s, %(status)s, %(version)s, %(started_at)s, %(completed_at)s, %(duration_ms)s, %(evidence_json)s::JSONB, %(error)s, %(raw_artifact_hash)s)
2026-02-28 01:38:09,061 INFO sqlalchemy.engine.Engine [cached since 0.02822s ago] {'id': UUID('642810e1-3659-4bfd-8e01-9674205320ff'), 'investigation_id': UUID('2da593cd-d093-4703-a223-892a6f609ebd'), 'collector_name': 'http', 'status': 'completed', 'version': '1.0.0', 'started_at': None, 'completed_at': None, 'duration_ms': 4952, 'evidence_json': '{"meta": {"collector": "http", "version": "1.0.0", "status": "completed", "started_at": "2026-02-27T23:36:29.050281Z", "completed_at": "2026-02-27T23 ... (1610 characters truncated) ... rnal_resources": ["cloud.ccm19.de", "gmpg.org", "kit.fontawesome.com", "platform.linkedin.com", "www.eicar.com", "www.eicar.org", "www.youtube.com"]}', 'error': None, 'raw_artifact_hash': None}
2026-02-28 01:38:09,069 INFO sqlalchemy.engine.Engine INSERT INTO collector_results (id, investigation_id, collector_name, status, version, started_at, completed_at, duration_ms, evidence_json, error, raw_artifact_hash) VALUES (%(id)s::UUID, %(investigation_id)s::UUID, %(collector_name)s, %(status)s, %(version)s, %(started_at)s, %(completed_at)s, %(duration_ms)s, %(evidence_json)s::JSONB, %(error)s, %(raw_artifact_hash)s)
2026-02-28 01:38:09,070 INFO sqlalchemy.engine.Engine [cached since 0.0369s ago] {'id': UUID('057329bd-e6f2-44b1-8350-90689c1a4a56'), 'investigation_id': UUID('2da593cd-d093-4703-a223-892a6f609ebd'), 'collector_name': 'urlscan', 'status': 'completed', 'version': '1.0.0', 'started_at': None, 'completed_at': None, 'duration_ms': 22672, 'evidence_json': '{"meta": {"collector": "urlscan", "version": "1.0.0", "status": "completed", "started_at": "2026-02-27T23:36:29.100024Z", "completed_at": "2026-02-27 ... (1042 characters truncated) ... ries": [], "brands": [], "votesTotal": 0, "votesMalicious": 0, "votesBenign": 0, "malicious": false, "hasVerdicts": false}}, "tags": [], "notes": []}', 'error': None, 'raw_artifact_hash': None}
2026-02-28 01:38:09,073 INFO sqlalchemy.engine.Engine SELECT whois_history.id, whois_history.domain, whois_history.whois_json, whois_history.captured_at, whois_history.investigation_id, whois_history.changes_from_previous 
FROM whois_history 
WHERE whois_history.domain = %(domain_1)s ORDER BY whois_history.captured_at DESC 
 LIMIT %(param_1)s
2026-02-28 01:38:09,074 INFO sqlalchemy.engine.Engine [generated in 0.00095s] {'domain_1': 'eicar.com', 'param_1': 1}
2026-02-28 01:38:09,080 INFO sqlalchemy.engine.Engine INSERT INTO whois_history (id, domain, whois_json, investigation_id, changes_from_previous) VALUES (%(id)s::UUID, %(domain)s, %(whois_json)s::JSONB, %(investigation_id)s::UUID, %(changes_from_previous)s::JSONB) RETURNING whois_history.captured_at
2026-02-28 01:38:09,081 INFO sqlalchemy.engine.Engine [generated in 0.00105s] {'id': UUID('2635d2dc-2df0-4a95-8cef-eeb545bbf615'), 'domain': 'eicar.com', 'whois_json': '{"meta": {"collector": "whois", "version": "1.0.0", "status": "completed", "started_at": "2026-02-27T23:36:29.051399Z", "completed_at": "2026-02-27T2 ... (536 characters truncated) ... ntTransferProhibited https://icann.org/epp#clientTransferProhibited", "clientTransferProhibited https://www.icann.org/epp#clientTransferProhibited"]}', 'investigation_id': UUID('2da593cd-d093-4703-a223-892a6f609ebd'), 'changes_from_previous': '{}'}
2026-02-28 01:38:09,085 INFO sqlalchemy.engine.Engine COMMIT
2026-02-28 01:38:09,087 INFO sqlalchemy.engine.Engine BEGIN (implicit)
2026-02-28 01:38:09,091 INFO sqlalchemy.engine.Engine SELECT investigations.id AS investigations_id, investigations.domain AS investigations_domain, investigations.observable_type AS investigations_observable_type, investigations.state AS investigations_state, investigations.context AS investigations_context, investigations.client_domain AS investigations_client_domain, investigations.batch_id AS investigations_batch_id, investigations.created_at AS investigations_created_at, investigations.updated_at AS investigations_updated_at, investigations.concluded_at AS investigations_concluded_at, investigations.classification AS investigations_classification, investigations.confidence AS investigations_confidence, investigations.risk_score AS investigations_risk_score, investigations.recommended_action AS investigations_recommended_action, investigations.analyst_iterations AS investigations_analyst_iterations, investigations.max_analyst_iterations AS investigations_max_analyst_iterations 
FROM investigations 
WHERE investigations.id = %(pk_1)s::UUID
2026-02-28 01:38:09,093 INFO sqlalchemy.engine.Engine [generated in 0.00152s] {'pk_1': UUID('2da593cd-d093-4703-a223-892a6f609ebd')}
2026-02-28 01:38:09,096 INFO sqlalchemy.engine.Engine ROLLBACK
2026-02-28 01:38:15,972 INFO sqlalchemy.engine.Engine BEGIN (implicit)
2026-02-28 01:38:15,973 INFO sqlalchemy.engine.Engine INSERT INTO artifacts (id, investigation_id, collector_name, artifact_name, sha256_hash, content_type, size_bytes, storage_path) VALUES (%(id)s::UUID, %(investigation_id)s::UUID, %(collector_name)s, %(artifact_name)s, %(sha256_hash)s, %(content_type)s, %(size_bytes)s, %(storage_path)s) RETURNING artifacts.created_at
2026-02-28 01:38:15,973 INFO sqlalchemy.engine.Engine [cached since 67.49s ago] {'id': UUID('b0948cc7-95de-4177-943d-eb2382fd56aa'), 'investigation_id': UUID('0f71a07b-d958-4737-b633-1891913a5795'), 'collector_name': 'screenshot', 'artifact_name': 'screenshot_domain.png', 'sha256_hash': '4db5fbb248a17fd130dc7e06bf203f57bbdefe1ea86c48d25563bd746da9abea', 'content_type': 'image/png', 'size_bytes': 378039, 'storage_path': 'artifacts\\0f71a07b-d958-4737-b633-1891913a5795\\screenshot_domain.png'}
2026-02-28 01:38:15,976 INFO sqlalchemy.engine.Engine COMMIT
2026-02-28 01:38:17,202 INFO sqlalchemy.engine.Engine BEGIN (implicit)
2026-02-28 01:38:17,207 INFO sqlalchemy.engine.Engine INSERT INTO artifacts (id, investigation_id, collector_name, artifact_name, sha256_hash, content_type, size_bytes, storage_path) VALUES (%(id)s::UUID, %(investigation_id)s::UUID, %(collector_name)s, %(artifact_name)s, %(sha256_hash)s, %(content_type)s, %(size_bytes)s, %(storage_path)s) RETURNING artifacts.created_at
2026-02-28 01:38:17,208 INFO sqlalchemy.engine.Engine [cached since 68.72s ago] {'id': UUID('992f40a4-33ab-49da-b253-9502a1a721e6'), 'investigation_id': UUID('0f71a07b-d958-4737-b633-1891913a5795'), 'collector_name': 'js_analysis', 'artifact_name': 'network_capture.har', 'sha256_hash': '9da89a9eebaa532df2f6559f9f24e3b7636daee2b4f714d670788e77d9811369', 'content_type': 'application/json', 'size_bytes': 28661, 'storage_path': 'artifacts\\0f71a07b-d958-4737-b633-1891913a5795\\network_capture.har'}
2026-02-28 01:38:17,210 INFO sqlalchemy.engine.Engine COMMIT
2026-02-28 01:38:18,082 INFO sqlalchemy.engine.Engine BEGIN (implicit)
2026-02-28 01:38:18,084 INFO sqlalchemy.engine.Engine 
                        SELECT i.domain
                        FROM investigations i
                        JOIN evidence e ON e.investigation_id = i.id
                        WHERE i.id != %(exc_id)s
                          AND i.state = 'concluded'
                          AND e.evidence_json->'dns'->'ns' @> :ns_val::jsonb
                        LIMIT 20
                    
2026-02-28 01:38:18,085 INFO sqlalchemy.engine.Engine [cached since 66.71s ago] {'exc_id': '0f71a07b-d958-4737-b633-1891913a5795'}
2026-02-28 01:38:18,086 INFO sqlalchemy.engine.Engine 
                        SELECT i.domain
                        FROM investigations i
                        JOIN evidence e ON e.investigation_id = i.id
                        WHERE i.id != %(exc_id)s
                          AND i.state = 'concluded'
                          AND e.evidence_json->'dns'->'ns' @> :ns_val::jsonb
                        LIMIT 20
                    
2026-02-28 01:38:18,087 INFO sqlalchemy.engine.Engine [cached since 66.72s ago] {'exc_id': '0f71a07b-d958-4737-b633-1891913a5795'}
2026-02-28 01:38:18,089 INFO sqlalchemy.engine.Engine 
                        SELECT i.domain
                        FROM investigations i
                        JOIN evidence e ON e.investigation_id = i.id
                        WHERE i.id != %(exc_id)s
                          AND i.state = 'concluded'
                          AND e.evidence_json->'dns'->'ns' @> :ns_val::jsonb
                        LIMIT 20
                    
2026-02-28 01:38:18,090 INFO sqlalchemy.engine.Engine [cached since 66.72s ago] {'exc_id': '0f71a07b-d958-4737-b633-1891913a5795'}
2026-02-28 01:38:18,091 INFO sqlalchemy.engine.Engine ROLLBACK
2026-02-28 01:38:18,093 INFO sqlalchemy.engine.Engine BEGIN (implicit)
2026-02-28 01:38:18,094 INFO sqlalchemy.engine.Engine 
                    SELECT DISTINCT i.domain
                    FROM investigations i
                    JOIN evidence e ON e.investigation_id = i.id
                    WHERE i.id != %(exc_id)s
                      AND i.state = 'concluded'
                      AND (e.evidence_json->'whois'->>'registrar' = %(registrar)s OR e.evidence_json->'whois'->>'registrant_org' = %(registrant_org)s)
                    LIMIT 20
                
2026-02-28 01:38:18,096 INFO sqlalchemy.engine.Engine [cached since 66.71s ago] {'exc_id': '0f71a07b-d958-4737-b633-1891913a5795', 'registrar': 'Ascio Technologies, Inc', 'registrant_org': 'Not Disclosed'}
2026-02-28 01:38:18,106 INFO sqlalchemy.engine.Engine ROLLBACK
2026-02-28 01:38:48,179 INFO sqlalchemy.engine.Engine BEGIN (implicit)
2026-02-28 01:38:48,180 INFO sqlalchemy.engine.Engine SELECT investigations.id AS investigations_id, investigations.domain AS investigations_domain, investigations.observable_type AS investigations_observable_type, investigations.state AS investigations_state, investigations.context AS investigations_context, investigations.client_domain AS investigations_client_domain, investigations.batch_id AS investigations_batch_id, investigations.created_at AS investigations_created_at, investigations.updated_at AS investigations_updated_at, investigations.concluded_at AS investigations_concluded_at, investigations.classification AS investigations_classification, investigations.confidence AS investigations_confidence, investigations.risk_score AS investigations_risk_score, investigations.recommended_action AS investigations_recommended_action, investigations.analyst_iterations AS investigations_analyst_iterations, investigations.max_analyst_iterations AS investigations_max_analyst_iterations 
FROM investigations 
WHERE investigations.id = %(pk_1)s::UUID
2026-02-28 01:38:48,181 INFO sqlalchemy.engine.Engine [cached since 139.2s ago] {'pk_1': UUID('df84d348-3d8c-4d54-a2fc-bd9d81188b30')}
2026-02-28 01:38:48,183 INFO sqlalchemy.engine.Engine ROLLBACK
2026-02-28 01:38:48,185 INFO sqlalchemy.engine.Engine BEGIN (implicit)
2026-02-28 01:38:48,185 INFO sqlalchemy.engine.Engine SELECT investigations.id AS investigations_id, investigations.domain AS investigations_domain, investigations.observable_type AS investigations_observable_type, investigations.state AS investigations_state, investigations.context AS investigations_context, investigations.client_domain AS investigations_client_domain, investigations.batch_id AS investigations_batch_id, investigations.created_at AS investigations_created_at, investigations.updated_at AS investigations_updated_at, investigations.concluded_at AS investigations_concluded_at, investigations.classification AS investigations_classification, investigations.confidence AS investigations_confidence, investigations.risk_score AS investigations_risk_score, investigations.recommended_action AS investigations_recommended_action, investigations.analyst_iterations AS investigations_analyst_iterations, investigations.max_analyst_iterations AS investigations_max_analyst_iterations 
FROM investigations 
WHERE investigations.id = %(pk_1)s::UUID
2026-02-28 01:38:48,186 INFO sqlalchemy.engine.Engine [cached since 139.2s ago] {'pk_1': UUID('df84d348-3d8c-4d54-a2fc-bd9d81188b30')}
2026-02-28 01:38:48,188 INFO sqlalchemy.engine.Engine UPDATE investigations SET state=%(state)s, updated_at=%(updated_at)s WHERE investigations.id = %(investigations_id)s::UUID
2026-02-28 01:38:48,188 INFO sqlalchemy.engine.Engine [cached since 139.2s ago] {'state': 'gathering', 'updated_at': datetime.datetime(2026, 2, 27, 23, 38, 48, 187499, tzinfo=datetime.timezone.utc), 'investigations_id': UUID('df84d348-3d8c-4d54-a2fc-bd9d81188b30')}
2026-02-28 01:38:48,189 INFO sqlalchemy.engine.Engine COMMIT
2026-02-28 01:38:50,267 INFO sqlalchemy.engine.Engine BEGIN (implicit)
2026-02-28 01:38:50,268 INFO sqlalchemy.engine.Engine SELECT investigations.id AS investigations_id, investigations.domain AS investigations_domain, investigations.observable_type AS investigations_observable_type, investigations.state AS investigations_state, investigations.context AS investigations_context, investigations.client_domain AS investigations_client_domain, investigations.batch_id AS investigations_batch_id, investigations.created_at AS investigations_created_at, investigations.updated_at AS investigations_updated_at, investigations.concluded_at AS investigations_concluded_at, investigations.classification AS investigations_classification, investigations.confidence AS investigations_confidence, investigations.risk_score AS investigations_risk_score, investigations.recommended_action AS investigations_recommended_action, investigations.analyst_iterations AS investigations_analyst_iterations, investigations.max_analyst_iterations AS investigations_max_analyst_iterations 
FROM investigations 
WHERE investigations.id = %(pk_1)s::UUID
2026-02-28 01:38:50,269 INFO sqlalchemy.engine.Engine [cached since 141.2s ago] {'pk_1': UUID('df84d348-3d8c-4d54-a2fc-bd9d81188b30')}
2026-02-28 01:38:50,271 INFO sqlalchemy.engine.Engine UPDATE investigations SET state=%(state)s, updated_at=%(updated_at)s WHERE investigations.id = %(investigations_id)s::UUID
2026-02-28 01:38:50,272 INFO sqlalchemy.engine.Engine [cached since 141.2s ago] {'state': 'evaluating', 'updated_at': datetime.datetime(2026, 2, 27, 23, 38, 50, 271955, tzinfo=datetime.timezone.utc), 'investigations_id': UUID('df84d348-3d8c-4d54-a2fc-bd9d81188b30')}
2026-02-28 01:38:50,274 INFO sqlalchemy.engine.Engine COMMIT
2026-02-28 01:38:56,499 INFO sqlalchemy.engine.Engine BEGIN (implicit)
2026-02-28 01:38:56,507 INFO sqlalchemy.engine.Engine INSERT INTO artifacts (id, investigation_id, collector_name, artifact_name, sha256_hash, content_type, size_bytes, storage_path) VALUES (%(id)s::UUID, %(investigation_id)s::UUID, %(collector_name)s, %(artifact_name)s, %(sha256_hash)s, %(content_type)s, %(size_bytes)s, %(storage_path)s) RETURNING artifacts.created_at
2026-02-28 01:38:56,507 INFO sqlalchemy.engine.Engine [cached since 108s ago] {'id': UUID('b2049cd8-0f72-4f7c-972c-014b5380a1a4'), 'investigation_id': UUID('df84d348-3d8c-4d54-a2fc-bd9d81188b30'), 'collector_name': 'screenshot', 'artifact_name': 'screenshot_domain.png', 'sha256_hash': '6bf0023e25412daf84a1c3a397ce2c588eec25f56e5ecab14a8ad3111d73939c', 'content_type': 'image/png', 'size_bytes': 10403, 'storage_path': 'artifacts\\df84d348-3d8c-4d54-a2fc-bd9d81188b30\\screenshot_domain.png'}
2026-02-28 01:38:56,509 INFO sqlalchemy.engine.Engine COMMIT
2026-02-28 01:38:58,454 INFO sqlalchemy.engine.Engine BEGIN (implicit)
2026-02-28 01:38:58,458 INFO sqlalchemy.engine.Engine INSERT INTO artifacts (id, investigation_id, collector_name, artifact_name, sha256_hash, content_type, size_bytes, storage_path) VALUES (%(id)s::UUID, %(investigation_id)s::UUID, %(collector_name)s, %(artifact_name)s, %(sha256_hash)s, %(content_type)s, %(size_bytes)s, %(storage_path)s) RETURNING artifacts.created_at
2026-02-28 01:38:58,459 INFO sqlalchemy.engine.Engine [cached since 110s ago] {'id': UUID('267853b8-7b22-40f1-a1d4-6df2be276d29'), 'investigation_id': UUID('df84d348-3d8c-4d54-a2fc-bd9d81188b30'), 'collector_name': 'js_analysis', 'artifact_name': 'network_capture.har', 'sha256_hash': '670851e8c6fde87b2efafe343d894377c21a14d5ff2092c11f85e2d7dac96259', 'content_type': 'application/json', 'size_bytes': 234, 'storage_path': 'artifacts\\df84d348-3d8c-4d54-a2fc-bd9d81188b30\\network_capture.har'}
2026-02-28 01:38:58,460 INFO sqlalchemy.engine.Engine COMMIT
2026-02-28 01:38:59,440 INFO sqlalchemy.engine.Engine BEGIN (implicit)
2026-02-28 01:38:59,445 INFO sqlalchemy.engine.Engine 
                        SELECT i.domain
                        FROM investigations i
                        JOIN evidence e ON e.investigation_id = i.id
                        WHERE i.id != %(exc_id)s
                          AND i.state = 'concluded'
                          AND e.evidence_json->'dns'->'ns' @> :ns_val::jsonb
                        LIMIT 20
                    
2026-02-28 01:38:59,446 INFO sqlalchemy.engine.Engine [cached since 108.1s ago] {'exc_id': 'df84d348-3d8c-4d54-a2fc-bd9d81188b30'}
2026-02-28 01:38:59,448 INFO sqlalchemy.engine.Engine 
                        SELECT i.domain
                        FROM investigations i
                        JOIN evidence e ON e.investigation_id = i.id
                        WHERE i.id != %(exc_id)s
                          AND i.state = 'concluded'
                          AND e.evidence_json->'dns'->'ns' @> :ns_val::jsonb
                        LIMIT 20
                    
2026-02-28 01:38:59,449 INFO sqlalchemy.engine.Engine [cached since 108.1s ago] {'exc_id': 'df84d348-3d8c-4d54-a2fc-bd9d81188b30'}
2026-02-28 01:38:59,451 INFO sqlalchemy.engine.Engine ROLLBACK
2026-02-28 01:38:59,453 INFO sqlalchemy.engine.Engine BEGIN (implicit)
2026-02-28 01:38:59,455 INFO sqlalchemy.engine.Engine 
                    SELECT DISTINCT i.domain
                    FROM investigations i
                    JOIN evidence e ON e.investigation_id = i.id
                    WHERE i.id != %(exc_id)s
                      AND i.state = 'concluded'
                      AND (e.evidence_json->'whois'->>'registrar' = %(registrar)s)
                    LIMIT 20
                
2026-02-28 01:38:59,456 INFO sqlalchemy.engine.Engine [generated in 0.00131s] {'exc_id': 'df84d348-3d8c-4d54-a2fc-bd9d81188b30', 'registrar': 'RESERVED-Internet Assigned Numbers Authority'}
2026-02-28 01:38:59,462 INFO sqlalchemy.engine.Engine ROLLBACK
2026-02-28 01:39:17,364 INFO sqlalchemy.engine.Engine BEGIN (implicit)
2026-02-28 01:39:17,366 INFO sqlalchemy.engine.Engine SELECT investigations.id AS investigations_id, investigations.domain AS investigations_domain, investigations.observable_type AS investigations_observable_type, investigations.state AS investigations_state, investigations.context AS investigations_context, investigations.client_domain AS investigations_client_domain, investigations.batch_id AS investigations_batch_id, investigations.created_at AS investigations_created_at, investigations.updated_at AS investigations_updated_at, investigations.concluded_at AS investigations_concluded_at, investigations.classification AS investigations_classification, investigations.confidence AS investigations_confidence, investigations.risk_score AS investigations_risk_score, investigations.recommended_action AS investigations_recommended_action, investigations.analyst_iterations AS investigations_analyst_iterations, investigations.max_analyst_iterations AS investigations_max_analyst_iterations 
FROM investigations 
WHERE investigations.id = %(pk_1)s::UUID
2026-02-28 01:39:17,368 INFO sqlalchemy.engine.Engine [cached since 168.3s ago] {'pk_1': UUID('0f71a07b-d958-4737-b633-1891913a5795')}
2026-02-28 01:39:17,372 INFO sqlalchemy.engine.Engine UPDATE investigations SET state=%(state)s, updated_at=now(), concluded_at=%(concluded_at)s, classification=%(classification)s, confidence=%(confidence)s, risk_score=%(risk_score)s, recommended_action=%(recommended_action)s WHERE investigations.id = %(investigations_id)s::UUID
2026-02-28 01:39:17,373 INFO sqlalchemy.engine.Engine [cached since 68.41s ago] {'state': 'concluded', 'concluded_at': datetime.datetime(2026, 2, 27, 23, 39, 17, 371333, tzinfo=datetime.timezone.utc), 'classification': 'benign', 'confidence': 'high', 'risk_score': 5, 'recommended_action': 'monitor', 'investigations_id': UUID('0f71a07b-d958-4737-b633-1891913a5795')}
2026-02-28 01:39:17,379 INFO sqlalchemy.engine.Engine INSERT INTO evidence (id, investigation_id, evidence_json, signals, data_gaps, external_context) VALUES (%(id)s::UUID, %(investigation_id)s::UUID, %(evidence_json)s::JSONB, %(signals)s::JSONB, %(data_gaps)s::JSONB, %(external_context)s::JSONB) RETURNING evidence.created_at
2026-02-28 01:39:17,380 INFO sqlalchemy.engine.Engine [cached since 68.41s ago] {'id': UUID('b92d2d99-c84c-42da-ab2e-3e9fdda4512d'), 'investigation_id': UUID('0f71a07b-d958-4737-b633-1891913a5795'), 'evidence_json': '{"domain": "expertware.net", "observable_type": "domain", "investigation_id": "0f71a07b-d958-4737-b633-1891913a5795", "target_domain": "expertware.ne ... (100640 characters truncated) ... 141, "browser_postprocessing": 9828, "infrastructure_correlation": 1561, "signals_and_gaps": 0, "report_generation": 58593, "analysis_total": 73766}}', 'signals': '[{"id": "sig_whois_privacy", "category": "registration", "description": "WHOIS registration uses privacy protection", "severity": "info", "evidence_r ... (1417 characters truncated) ... ertificate issuers across 47 certs \\u2014 infrastructure changes over time", "severity": "info", "evidence_refs": ["cert_timeline.unique_issuers"]}]', 'data_gaps': '[]', 'external_context': 'null'}
2026-02-28 01:39:17,394 INFO sqlalchemy.engine.Engine INSERT INTO reports (id, investigation_id, iteration, report_json, executive_summary, technical_narrative, recommendations) VALUES (%(id)s::UUID, %(investigation_id)s::UUID, %(iteration)s, %(report_json)s::JSONB, %(executive_summary)s, %(technical_narrative)s, %(recommendations)s) RETURNING reports.created_at
2026-02-28 01:39:17,397 INFO sqlalchemy.engine.Engine [cached since 68.42s ago] {'id': UUID('eb18f152-abb3-4e04-b445-6372b903e2c8'), 'investigation_id': UUID('0f71a07b-d958-4737-b633-1891913a5795'), 'iteration': 0, 'report_json': '{"classification": "benign", "confidence": "high", "investigation_state": "concluded", "primary_reasoning": "expertware.net is a legitimate Pan-Europ ... (8635 characters truncated) ... nitoring - no elevated scrutiny needed\\n4. **Whitelist Consideration**: Suitable for security tool whitelisting as established legitimate business"}', 'executive_summary': '• **Investigation Target**: expertware.net - Pan European IT services company domain\n• **Classification**: BENIGN with HIGH confidence\n• **Key Find ... (186 characters truncated) ... sk (5/100) - established business with proper security controls\n• **Action**: No action required - domain can be trusted for business communications', 'technical_narrative': '**Domain Registration & History**:\nDomain registered March 24, 2012, making it 5,088 days old (13+ years). Consistent certificate management with 47 ... (2087 characters truncated) ... sting detected (0 external POST requests to authentication endpoints). Standard tracking implementation consistent with legitimate business websites.', 'recommendations': '1. **No Action Required**: Domain shows all characteristics of legitimate business operations\n2. **Trust Classification**: Can be safely trusted for ... (87 characters truncated) ...  monitoring - no elevated scrutiny needed\n4. **Whitelist Consideration**: Suitable for security tool whitelisting as established legitimate business'}
2026-02-28 01:39:17,402 INFO sqlalchemy.engine.Engine INSERT INTO collector_results (id, investigation_id, collector_name, status, version, started_at, completed_at, duration_ms, evidence_json, error, raw_artifact_hash) VALUES (%(id)s::UUID, %(investigation_id)s::UUID, %(collector_name)s, %(status)s, %(version)s, %(started_at)s, %(completed_at)s, %(duration_ms)s, %(evidence_json)s::JSONB, %(error)s, %(raw_artifact_hash)s)
2026-02-28 01:39:17,405 INFO sqlalchemy.engine.Engine [cached since 68.37s ago] {'id': UUID('18f9d8cf-10d3-4392-b7a3-8a97a730876f'), 'investigation_id': UUID('0f71a07b-d958-4737-b633-1891913a5795'), 'collector_name': 'tls', 'status': 'completed', 'version': '1.0.0', 'started_at': None, 'completed_at': None, 'duration_ms': 342, 'evidence_json': '{"meta": {"collector": "tls", "version": "1.0.0", "status": "completed", "started_at": "2026-02-27T23:37:36.558009Z", "completed_at": "2026-02-27T23: ... (590 characters truncated) ... , "is_self_signed": false, "chain_length": 1, "chain_issuers": [], "cert_sha256": "14d9d13c384e312ad0598e8173129ed7c360881bdaf0805445cda5dbaa1d01c6"}', 'error': None, 'raw_artifact_hash': None}
2026-02-28 01:39:17,408 INFO sqlalchemy.engine.Engine INSERT INTO collector_results (id, investigation_id, collector_name, status, version, started_at, completed_at, duration_ms, evidence_json, error, raw_artifact_hash) VALUES (%(id)s::UUID, %(investigation_id)s::UUID, %(collector_name)s, %(status)s, %(version)s, %(started_at)s, %(completed_at)s, %(duration_ms)s, %(evidence_json)s::JSONB, %(error)s, %(raw_artifact_hash)s)
2026-02-28 01:39:17,410 INFO sqlalchemy.engine.Engine [cached since 68.38s ago] {'id': UUID('a1a7c38d-d099-44f7-a35f-a7ef680f745e'), 'investigation_id': UUID('0f71a07b-d958-4737-b633-1891913a5795'), 'collector_name': 'dns', 'status': 'completed', 'version': '1.0.0', 'started_at': None, 'completed_at': None, 'duration_ms': 406, 'evidence_json': '{"meta": {"collector": "dns", "version": "1.0.0", "status": "completed", "started_at": "2026-02-27T23:37:36.551662Z", "completed_at": "2026-02-27T23: ... (1575 characters truncated) ... , "abuseipdb-verification=OeRN9VK0"], "dmarc": "v=DMARC1; p=quarantine", "spf": "v=spf1 include:spf.protection.outlook.com -all", "has_dnssec": null}', 'error': None, 'raw_artifact_hash': None}
2026-02-28 01:39:17,414 INFO sqlalchemy.engine.Engine INSERT INTO collector_results (id, investigation_id, collector_name, status, version, started_at, completed_at, duration_ms, evidence_json, error, raw_artifact_hash) VALUES (%(id)s::UUID, %(investigation_id)s::UUID, %(collector_name)s, %(status)s, %(version)s, %(started_at)s, %(completed_at)s, %(duration_ms)s, %(evidence_json)s::JSONB, %(error)s, %(raw_artifact_hash)s)
2026-02-28 01:39:17,415 INFO sqlalchemy.engine.Engine [cached since 68.38s ago] {'id': UUID('05f7cd39-eed5-483e-b88f-e4230a364378'), 'investigation_id': UUID('0f71a07b-d958-4737-b633-1891913a5795'), 'collector_name': 'asn', 'status': 'completed', 'version': '1.0.0', 'started_at': None, 'completed_at': None, 'duration_ms': 327, 'evidence_json': '{"meta": {"collector": "asn", "version": "1.0.0", "status": "completed", "started_at": "2026-02-27T23:37:36.665272Z", "completed_at": "2026-02-27T23: ... (278 characters truncated) ... ountry": "Netherlands", "city": "Amsterdam", "is_cdn": false, "is_cloud": true, "is_hosting": true, "reverse_dns": "", "related_domains_same_ip": []}', 'error': None, 'raw_artifact_hash': None}
2026-02-28 01:39:17,418 INFO sqlalchemy.engine.Engine INSERT INTO collector_results (id, investigation_id, collector_name, status, version, started_at, completed_at, duration_ms, evidence_json, error, raw_artifact_hash) VALUES (%(id)s::UUID, %(investigation_id)s::UUID, %(collector_name)s, %(status)s, %(version)s, %(started_at)s, %(completed_at)s, %(duration_ms)s, %(evidence_json)s::JSONB, %(error)s, %(raw_artifact_hash)s)
2026-02-28 01:39:17,419 INFO sqlalchemy.engine.Engine [cached since 68.39s ago] {'id': UUID('0d9ccfb7-124c-4d9d-be6b-df779358ff06'), 'investigation_id': UUID('0f71a07b-d958-4737-b633-1891913a5795'), 'collector_name': 'whois', 'status': 'completed', 'version': '1.0.0', 'started_at': None, 'completed_at': None, 'duration_ms': 936, 'evidence_json': '{"meta": {"collector": "whois", "version": "1.0.0", "status": "completed", "started_at": "2026-02-27T23:37:36.664290Z", "completed_at": "2026-02-27T2 ... (446 characters truncated) ... asket.com", "ns.fr.hostbasket.com", "ns.nl.hostbasket.com"], "statuses": ["clientTransferProhibited https://icann.org/epp#clientTransferProhibited"]}', 'error': None, 'raw_artifact_hash': None}
2026-02-28 01:39:17,424 INFO sqlalchemy.engine.Engine INSERT INTO collector_results (id, investigation_id, collector_name, status, version, started_at, completed_at, duration_ms, evidence_json, error, raw_artifact_hash) VALUES (%(id)s::UUID, %(investigation_id)s::UUID, %(collector_name)s, %(status)s, %(version)s, %(started_at)s, %(completed_at)s, %(duration_ms)s, %(evidence_json)s::JSONB, %(error)s, %(raw_artifact_hash)s)
2026-02-28 01:39:17,425 INFO sqlalchemy.engine.Engine [cached since 68.39s ago] {'id': UUID('cb6f4b0f-4dfc-409e-bddc-f35403c562a2'), 'investigation_id': UUID('0f71a07b-d958-4737-b633-1891913a5795'), 'collector_name': 'vt', 'status': 'completed', 'version': '1.0.0', 'started_at': None, 'completed_at': None, 'duration_ms': 1811, 'evidence_json': '{"meta": {"collector": "vt", "version": "1.0.0", "status": "completed", "started_at": "2026-02-27T23:37:36.668318Z", "completed_at": "2026-02-27T23:3 ... (10321 characters truncated) ... ted", "vt_cert_subject": "*.expertware.net", "vt_registrar": "Ascio Technologies, Inc", "tags": [], "notes": [], "file_name": null, "file_names": []}', 'error': None, 'raw_artifact_hash': None}
2026-02-28 01:39:17,430 INFO sqlalchemy.engine.Engine INSERT INTO collector_results (id, investigation_id, collector_name, status, version, started_at, completed_at, duration_ms, evidence_json, error, raw_artifact_hash) VALUES (%(id)s::UUID, %(investigation_id)s::UUID, %(collector_name)s, %(status)s, %(version)s, %(started_at)s, %(completed_at)s, %(duration_ms)s, %(evidence_json)s::JSONB, %(error)s, %(raw_artifact_hash)s)
2026-02-28 01:39:17,431 INFO sqlalchemy.engine.Engine [cached since 68.4s ago] {'id': UUID('be4e08a7-e6fd-4614-bc68-4afe6d84e070'), 'investigation_id': UUID('0f71a07b-d958-4737-b633-1891913a5795'), 'collector_name': 'http', 'status': 'completed', 'version': '1.0.0', 'started_at': None, 'completed_at': None, 'duration_ms': 2092, 'evidence_json': '{"meta": {"collector": "http", "version": "1.0.0", "status": "completed", "started_at": "2026-02-27T23:37:36.554548Z", "completed_at": "2026-02-27T23 ... (1710 characters truncated) ... _resources": ["platform.twitter.com", "px.ads.linkedin.com", "unpkg.com", "www.gdprprivacynotice.com", "www.google.com", "www.googletagmanager.com"]}', 'error': None, 'raw_artifact_hash': None}
2026-02-28 01:39:17,434 INFO sqlalchemy.engine.Engine INSERT INTO collector_results (id, investigation_id, collector_name, status, version, started_at, completed_at, duration_ms, evidence_json, error, raw_artifact_hash) VALUES (%(id)s::UUID, %(investigation_id)s::UUID, %(collector_name)s, %(status)s, %(version)s, %(started_at)s, %(completed_at)s, %(duration_ms)s, %(evidence_json)s::JSONB, %(error)s, %(raw_artifact_hash)s)
2026-02-28 01:39:17,437 INFO sqlalchemy.engine.Engine [cached since 68.4s ago] {'id': UUID('23ef89ce-4dd9-499f-862c-235ec24d0ebb'), 'investigation_id': UUID('0f71a07b-d958-4737-b633-1891913a5795'), 'collector_name': 'threat_feeds', 'status': 'completed', 'version': '1.0.0', 'started_at': None, 'completed_at': None, 'duration_ms': 2250, 'evidence_json': '{"meta": {"collector": "threat_feeds", "version": "1.0.0", "status": "completed", "started_at": "2026-02-27T23:37:36.670923Z", "completed_at": "2026- ... (512 characters truncated) ... matches": [], "openphish_listed": false, "feeds_checked": ["abuseipdb", "phishtank", "openphish"], "feeds_skipped": ["threatfox (error: HTTPError)"]}', 'error': None, 'raw_artifact_hash': None}
2026-02-28 01:39:17,441 INFO sqlalchemy.engine.Engine INSERT INTO collector_results (id, investigation_id, collector_name, status, version, started_at, completed_at, duration_ms, evidence_json, error, raw_artifact_hash) VALUES (%(id)s::UUID, %(investigation_id)s::UUID, %(collector_name)s, %(status)s, %(version)s, %(started_at)s, %(completed_at)s, %(duration_ms)s, %(evidence_json)s::JSONB, %(error)s, %(raw_artifact_hash)s)
2026-02-28 01:39:17,442 INFO sqlalchemy.engine.Engine [cached since 68.41s ago] {'id': UUID('d189f8f1-5933-480c-8b9c-097c560d1b7d'), 'investigation_id': UUID('0f71a07b-d958-4737-b633-1891913a5795'), 'collector_name': 'intel', 'status': 'completed', 'version': '1.0.0', 'started_at': None, 'completed_at': None, 'duration_ms': 2906, 'evidence_json': '{"meta": {"collector": "intel", "version": "1.0.0", "status": "completed", "started_at": "2026-02-27T23:37:36.666778Z", "completed_at": "2026-02-27T2 ... (19887 characters truncated) ... t_before": "2017-08-31T00:00:00", "not_after": "2017-11-29T23:59:59", "entry_timestamp": "2017-09-03T23:22:50", "name_value": "www.expertware.net"}]}', 'error': None, 'raw_artifact_hash': None}
2026-02-28 01:39:17,447 INFO sqlalchemy.engine.Engine INSERT INTO collector_results (id, investigation_id, collector_name, status, version, started_at, completed_at, duration_ms, evidence_json, error, raw_artifact_hash) VALUES (%(id)s::UUID, %(investigation_id)s::UUID, %(collector_name)s, %(status)s, %(version)s, %(started_at)s, %(completed_at)s, %(duration_ms)s, %(evidence_json)s::JSONB, %(error)s, %(raw_artifact_hash)s)
2026-02-28 01:39:17,448 INFO sqlalchemy.engine.Engine [cached since 68.42s ago] {'id': UUID('b2badeb9-1732-4c29-955f-2c971b248a1f'), 'investigation_id': UUID('0f71a07b-d958-4737-b633-1891913a5795'), 'collector_name': 'urlscan', 'status': 'completed', 'version': '1.0.0', 'started_at': None, 'completed_at': None, 'duration_ms': 26891, 'evidence_json': '{"meta": {"collector": "urlscan", "version": "1.0.0", "status": "completed", "started_at": "2026-02-27T23:37:36.672923Z", "completed_at": "2026-02-27 ... (1030 characters truncated) ... ries": [], "brands": [], "votesTotal": 0, "votesMalicious": 0, "votesBenign": 0, "malicious": false, "hasVerdicts": false}}, "tags": [], "notes": []}', 'error': None, 'raw_artifact_hash': None}
2026-02-28 01:39:17,451 INFO sqlalchemy.engine.Engine SELECT whois_history.id, whois_history.domain, whois_history.whois_json, whois_history.captured_at, whois_history.investigation_id, whois_history.changes_from_previous 
FROM whois_history 
WHERE whois_history.domain = %(domain_1)s ORDER BY whois_history.captured_at DESC 
 LIMIT %(param_1)s
2026-02-28 01:39:17,452 INFO sqlalchemy.engine.Engine [cached since 68.38s ago] {'domain_1': 'expertware.net', 'param_1': 1}
2026-02-28 01:39:17,455 INFO sqlalchemy.engine.Engine INSERT INTO whois_history (id, domain, whois_json, investigation_id, changes_from_previous) VALUES (%(id)s::UUID, %(domain)s, %(whois_json)s::JSONB, %(investigation_id)s::UUID, %(changes_from_previous)s::JSONB) RETURNING whois_history.captured_at
2026-02-28 01:39:17,456 INFO sqlalchemy.engine.Engine [cached since 68.38s ago] {'id': UUID('b7d53f9d-be7e-43bc-8370-c3455720fa7a'), 'domain': 'expertware.net', 'whois_json': '{"meta": {"collector": "whois", "version": "1.0.0", "status": "completed", "started_at": "2026-02-27T23:37:36.664290Z", "completed_at": "2026-02-27T2 ... (446 characters truncated) ... asket.com", "ns.fr.hostbasket.com", "ns.nl.hostbasket.com"], "statuses": ["clientTransferProhibited https://icann.org/epp#clientTransferProhibited"]}', 'investigation_id': UUID('0f71a07b-d958-4737-b633-1891913a5795'), 'changes_from_previous': '{}'}
2026-02-28 01:39:17,458 INFO sqlalchemy.engine.Engine COMMIT
2026-02-28 01:39:17,461 INFO sqlalchemy.engine.Engine BEGIN (implicit)
2026-02-28 01:39:17,463 INFO sqlalchemy.engine.Engine SELECT investigations.id AS investigations_id, investigations.domain AS investigations_domain, investigations.observable_type AS investigations_observable_type, investigations.state AS investigations_state, investigations.context AS investigations_context, investigations.client_domain AS investigations_client_domain, investigations.batch_id AS investigations_batch_id, investigations.created_at AS investigations_created_at, investigations.updated_at AS investigations_updated_at, investigations.concluded_at AS investigations_concluded_at, investigations.classification AS investigations_classification, investigations.confidence AS investigations_confidence, investigations.risk_score AS investigations_risk_score, investigations.recommended_action AS investigations_recommended_action, investigations.analyst_iterations AS investigations_analyst_iterations, investigations.max_analyst_iterations AS investigations_max_analyst_iterations 
FROM investigations 
WHERE investigations.id = %(pk_1)s::UUID
2026-02-28 01:39:17,464 INFO sqlalchemy.engine.Engine [cached since 68.37s ago] {'pk_1': UUID('0f71a07b-d958-4737-b633-1891913a5795')}
2026-02-28 01:39:17,467 INFO sqlalchemy.engine.Engine ROLLBACK
2026-02-28 01:40:35,375 INFO sqlalchemy.engine.Engine BEGIN (implicit)
2026-02-28 01:40:35,377 INFO sqlalchemy.engine.Engine SELECT investigations.id AS investigations_id, investigations.domain AS investigations_domain, investigations.observable_type AS investigations_observable_type, investigations.state AS investigations_state, investigations.context AS investigations_context, investigations.client_domain AS investigations_client_domain, investigations.batch_id AS investigations_batch_id, investigations.created_at AS investigations_created_at, investigations.updated_at AS investigations_updated_at, investigations.concluded_at AS investigations_concluded_at, investigations.classification AS investigations_classification, investigations.confidence AS investigations_confidence, investigations.risk_score AS investigations_risk_score, investigations.recommended_action AS investigations_recommended_action, investigations.analyst_iterations AS investigations_analyst_iterations, investigations.max_analyst_iterations AS investigations_max_analyst_iterations 
FROM investigations 
WHERE investigations.id = %(pk_1)s::UUID
2026-02-28 01:40:35,378 INFO sqlalchemy.engine.Engine [cached since 246.4s ago] {'pk_1': UUID('df84d348-3d8c-4d54-a2fc-bd9d81188b30')}
2026-02-28 01:40:35,382 INFO sqlalchemy.engine.Engine UPDATE investigations SET state=%(state)s, updated_at=now(), concluded_at=%(concluded_at)s, classification=%(classification)s, confidence=%(confidence)s, risk_score=%(risk_score)s, recommended_action=%(recommended_action)s WHERE investigations.id = %(investigations_id)s::UUID
2026-02-28 01:40:35,383 INFO sqlalchemy.engine.Engine [cached since 146.4s ago] {'state': 'concluded', 'concluded_at': datetime.datetime(2026, 2, 27, 23, 40, 35, 381496, tzinfo=datetime.timezone.utc), 'classification': 'benign', 'confidence': 'high', 'risk_score': 15, 'recommended_action': 'monitor', 'investigations_id': UUID('df84d348-3d8c-4d54-a2fc-bd9d81188b30')}
2026-02-28 01:40:35,388 INFO sqlalchemy.engine.Engine INSERT INTO evidence (id, investigation_id, evidence_json, signals, data_gaps, external_context) VALUES (%(id)s::UUID, %(investigation_id)s::UUID, %(evidence_json)s::JSONB, %(signals)s::JSONB, %(data_gaps)s::JSONB, %(external_context)s::JSONB) RETURNING evidence.created_at
2026-02-28 01:40:35,391 INFO sqlalchemy.engine.Engine [cached since 146.4s ago] {'id': UUID('bd22b1b3-0310-40a9-9b9e-b8f0b2ea48cf'), 'investigation_id': UUID('df84d348-3d8c-4d54-a2fc-bd9d81188b30'), 'evidence_json': '{"domain": "example.com", "observable_type": "domain", "investigation_id": "df84d348-3d8c-4d54-a2fc-bd9d81188b30", "target_domain": "example.com", "t ... (53139 characters truncated) ... 22, "browser_postprocessing": 7531, "infrastructure_correlation": 1000, "signals_and_gaps": 0, "report_generation": 95905, "analysis_total": 105077}}', 'signals': '[{"id": "sig_no_hsts", "category": "security_posture", "description": "No HSTS header present", "severity": "low", "evidence_refs": ["http.security_h ... (1519 characters truncated) ... n": "PhishTank: URL found in phishing database (pending verification)", "severity": "high", "evidence_refs": ["threat_feeds.phishtank.in_database"]}]', 'data_gaps': '[]', 'external_context': 'null'}
2026-02-28 01:40:35,402 INFO sqlalchemy.engine.Engine INSERT INTO reports (id, investigation_id, iteration, report_json, executive_summary, technical_narrative, recommendations) VALUES (%(id)s::UUID, %(investigation_id)s::UUID, %(iteration)s, %(report_json)s::JSONB, %(executive_summary)s, %(technical_narrative)s, %(recommendations)s) RETURNING reports.created_at
2026-02-28 01:40:35,404 INFO sqlalchemy.engine.Engine [cached since 146.4s ago] {'id': UUID('47d9723c-9f9d-4c59-98b2-0b91085f7ed8'), 'investigation_id': UUID('df84d348-3d8c-4d54-a2fc-bd9d81188b30'), 'iteration': 0, 'report_json': '{"classification": "benign", "confidence": "high", "investigation_state": "concluded", "primary_reasoning": "example.com is a well-established IANA-r ... (6570 characters truncated) ... ctual phishing attempts using similar domain names\\n4. **Certificate awareness** - Note legitimate certificate management patterns for this domain"}', 'executive_summary': '- **Investigated**: example.com, an IANA-reserved documentation domain\n- **Key Findings**: 30+ year operational history, perfect email security, no  ... (7 characters truncated) ... us indicators\n- **Classification**: Benign with high confidence\n- **Action**: Monitor only - confirmed legitimate documentation domain per RFC 2606', 'technical_narrative': '**Domain Registration**: Registered 1995-08-14 (11,155 days old) by "RESERVED-Internet Assigned Numbers Authority" - this is the official IANA reserv ... (1176 characters truncated) ...  and clean status across major security feeds. PhishTank listing exists but is unverified since 2015, likely representing testing or false reporting.', 'recommendations': '1. **Document as benign** - Add to organizational allowlist as confirmed legitimate IANA-reserved domain\n2. **Update threat intelligence** - Flag Ph ... (101 characters truncated) ... r actual phishing attempts using similar domain names\n4. **Certificate awareness** - Note legitimate certificate management patterns for this domain'}
2026-02-28 01:40:35,408 INFO sqlalchemy.engine.Engine INSERT INTO collector_results (id, investigation_id, collector_name, status, version, started_at, completed_at, duration_ms, evidence_json, error, raw_artifact_hash) VALUES (%(id)s::UUID, %(investigation_id)s::UUID, %(collector_name)s, %(status)s, %(version)s, %(started_at)s, %(completed_at)s, %(duration_ms)s, %(evidence_json)s::JSONB, %(error)s, %(raw_artifact_hash)s)
2026-02-28 01:40:35,410 INFO sqlalchemy.engine.Engine [cached since 146.4s ago] {'id': UUID('e4e83647-64c9-457a-84eb-6223e0670808'), 'investigation_id': UUID('df84d348-3d8c-4d54-a2fc-bd9d81188b30'), 'collector_name': 'tls', 'status': 'completed', 'version': '1.0.0', 'started_at': None, 'completed_at': None, 'duration_ms': 125, 'evidence_json': '{"meta": {"collector": "tls", "version": "1.0.0", "status": "completed", "started_at": "2026-02-27T23:38:48.230128Z", "completed_at": "2026-02-27T23: ... (558 characters truncated) ... , "is_self_signed": false, "chain_length": 1, "chain_issuers": [], "cert_sha256": "7a70788fe1f5a90e81f7acbdc16422cb6e5d764be8d0f4da9721ba9674aa8ba9"}', 'error': None, 'raw_artifact_hash': None}
2026-02-28 01:40:35,414 INFO sqlalchemy.engine.Engine INSERT INTO collector_results (id, investigation_id, collector_name, status, version, started_at, completed_at, duration_ms, evidence_json, error, raw_artifact_hash) VALUES (%(id)s::UUID, %(investigation_id)s::UUID, %(collector_name)s, %(status)s, %(version)s, %(started_at)s, %(completed_at)s, %(duration_ms)s, %(evidence_json)s::JSONB, %(error)s, %(raw_artifact_hash)s)
2026-02-28 01:40:35,414 INFO sqlalchemy.engine.Engine [cached since 146.4s ago] {'id': UUID('30cb4417-d735-4b9c-8c38-9ef25e44d984'), 'investigation_id': UUID('df84d348-3d8c-4d54-a2fc-bd9d81188b30'), 'collector_name': 'dns', 'status': 'completed', 'version': '1.0.0', 'started_at': None, 'completed_at': None, 'duration_ms': 219, 'evidence_json': '{"meta": {"collector": "dns", "version": "1.0.0", "status": "completed", "started_at": "2026-02-27T23:38:48.223893Z", "completed_at": "2026-02-27T23: ... (1208 characters truncated) ... ["_k2n1y4vw3qtb4skdx9e7dxt97qrmmq9", "v=spf1 -all"], "dmarc": "v=DMARC1;p=reject;sp=reject;adkim=s;aspf=s", "spf": "v=spf1 -all", "has_dnssec": null}', 'error': None, 'raw_artifact_hash': None}
2026-02-28 01:40:35,419 INFO sqlalchemy.engine.Engine INSERT INTO collector_results (id, investigation_id, collector_name, status, version, started_at, completed_at, duration_ms, evidence_json, error, raw_artifact_hash) VALUES (%(id)s::UUID, %(investigation_id)s::UUID, %(collector_name)s, %(status)s, %(version)s, %(started_at)s, %(completed_at)s, %(duration_ms)s, %(evidence_json)s::JSONB, %(error)s, %(raw_artifact_hash)s)
2026-02-28 01:40:35,420 INFO sqlalchemy.engine.Engine [cached since 146.4s ago] {'id': UUID('2592359c-d37b-4f21-9101-895ed4c1c856'), 'investigation_id': UUID('df84d348-3d8c-4d54-a2fc-bd9d81188b30'), 'collector_name': 'asn', 'status': 'completed', 'version': '1.0.0', 'started_at': None, 'completed_at': None, 'duration_ms': 186, 'evidence_json': '{"meta": {"collector": "asn", "version": "1.0.0", "status": "completed", "started_at": "2026-02-27T23:38:48.294748Z", "completed_at": "2026-02-27T23: ... (243 characters truncated) ... c.", "country": "Canada", "city": "Toronto", "is_cdn": true, "is_cloud": false, "is_hosting": true, "reverse_dns": "", "related_domains_same_ip": []}', 'error': None, 'raw_artifact_hash': None}
2026-02-28 01:40:35,423 INFO sqlalchemy.engine.Engine INSERT INTO collector_results (id, investigation_id, collector_name, status, version, started_at, completed_at, duration_ms, evidence_json, error, raw_artifact_hash) VALUES (%(id)s::UUID, %(investigation_id)s::UUID, %(collector_name)s, %(status)s, %(version)s, %(started_at)s, %(completed_at)s, %(duration_ms)s, %(evidence_json)s::JSONB, %(error)s, %(raw_artifact_hash)s)
2026-02-28 01:40:35,424 INFO sqlalchemy.engine.Engine [cached since 146.4s ago] {'id': UUID('c3f34637-27db-47aa-a50d-72af1a08897b'), 'investigation_id': UUID('df84d348-3d8c-4d54-a2fc-bd9d81188b30'), 'collector_name': 'http', 'status': 'completed', 'version': '1.0.0', 'started_at': None, 'completed_at': None, 'duration_ms': 766, 'evidence_json': '{"meta": {"collector": "http", "version": "1.0.0", "status": "completed", "started_at": "2026-02-27T23:38:48.226266Z", "completed_at": "2026-02-27T23 ... (792 characters truncated) ...  false, "technologies_detected": ["Cloudflare"], "security_headers": {}, "brand_indicators": [], "phishing_indicators": [], "external_resources": []}', 'error': None, 'raw_artifact_hash': None}
2026-02-28 01:40:35,427 INFO sqlalchemy.engine.Engine INSERT INTO collector_results (id, investigation_id, collector_name, status, version, started_at, completed_at, duration_ms, evidence_json, error, raw_artifact_hash) VALUES (%(id)s::UUID, %(investigation_id)s::UUID, %(collector_name)s, %(status)s, %(version)s, %(started_at)s, %(completed_at)s, %(duration_ms)s, %(evidence_json)s::JSONB, %(error)s, %(raw_artifact_hash)s)
2026-02-28 01:40:35,427 INFO sqlalchemy.engine.Engine [cached since 146.4s ago] {'id': UUID('46ae6ffe-3af9-470d-8402-9709df00c346'), 'investigation_id': UUID('df84d348-3d8c-4d54-a2fc-bd9d81188b30'), 'collector_name': 'whois', 'status': 'completed', 'version': '1.0.0', 'started_at': None, 'completed_at': None, 'duration_ms': 967, 'evidence_json': '{"meta": {"collector": "whois", "version": "1.0.0", "status": "completed", "started_at": "2026-02-27T23:38:48.252315Z", "completed_at": "2026-02-27T2 ... (583 characters truncated) ... ", "clientTransferProhibited https://icann.org/epp#clientTransferProhibited", "clientUpdateProhibited https://icann.org/epp#clientUpdateProhibited"]}', 'error': None, 'raw_artifact_hash': None}
2026-02-28 01:40:35,429 INFO sqlalchemy.engine.Engine INSERT INTO collector_results (id, investigation_id, collector_name, status, version, started_at, completed_at, duration_ms, evidence_json, error, raw_artifact_hash) VALUES (%(id)s::UUID, %(investigation_id)s::UUID, %(collector_name)s, %(status)s, %(version)s, %(started_at)s, %(completed_at)s, %(duration_ms)s, %(evidence_json)s::JSONB, %(error)s, %(raw_artifact_hash)s)
2026-02-28 01:40:35,430 INFO sqlalchemy.engine.Engine [cached since 146.4s ago] {'id': UUID('67578ddc-b5d7-42cd-9063-0c324150d20b'), 'investigation_id': UUID('df84d348-3d8c-4d54-a2fc-bd9d81188b30'), 'collector_name': 'vt', 'status': 'completed', 'version': '1.0.0', 'started_at': None, 'completed_at': None, 'duration_ms': 1045, 'evidence_json': '{"meta": {"collector": "vt", "version": "1.0.0", "status": "completed", "started_at": "2026-02-27T23:38:48.313605Z", "completed_at": "2026-02-27T23:3 ... (10208 characters truncated) ... ubject": "example.com", "vt_registrar": "RESERVED-Internet Assigned Numbers Authority", "tags": [], "notes": [], "file_name": null, "file_names": []}', 'error': None, 'raw_artifact_hash': None}
2026-02-28 01:40:35,433 INFO sqlalchemy.engine.Engine INSERT INTO collector_results (id, investigation_id, collector_name, status, version, started_at, completed_at, duration_ms, evidence_json, error, raw_artifact_hash) VALUES (%(id)s::UUID, %(investigation_id)s::UUID, %(collector_name)s, %(status)s, %(version)s, %(started_at)s, %(completed_at)s, %(duration_ms)s, %(evidence_json)s::JSONB, %(error)s, %(raw_artifact_hash)s)
2026-02-28 01:40:35,434 INFO sqlalchemy.engine.Engine [cached since 146.4s ago] {'id': UUID('313b978a-388c-490a-8943-d962fb48fc73'), 'investigation_id': UUID('df84d348-3d8c-4d54-a2fc-bd9d81188b30'), 'collector_name': 'threat_feeds', 'status': 'completed', 'version': '1.0.0', 'started_at': None, 'completed_at': None, 'duration_ms': 1609, 'evidence_json': '{"meta": {"collector": "threat_feeds", "version": "1.0.0", "status": "completed", "started_at": "2026-02-27T23:38:48.314605Z", "completed_at": "2026- ... (579 characters truncated) ... matches": [], "openphish_listed": false, "feeds_checked": ["abuseipdb", "phishtank", "openphish"], "feeds_skipped": ["threatfox (error: HTTPError)"]}', 'error': None, 'raw_artifact_hash': None}
2026-02-28 01:40:35,437 INFO sqlalchemy.engine.Engine INSERT INTO collector_results (id, investigation_id, collector_name, status, version, started_at, completed_at, duration_ms, evidence_json, error, raw_artifact_hash) VALUES (%(id)s::UUID, %(investigation_id)s::UUID, %(collector_name)s, %(status)s, %(version)s, %(started_at)s, %(completed_at)s, %(duration_ms)s, %(evidence_json)s::JSONB, %(error)s, %(raw_artifact_hash)s)
2026-02-28 01:40:35,438 INFO sqlalchemy.engine.Engine [cached since 146.4s ago] {'id': UUID('9d3ceae1-14ee-4c1c-b474-e19db32acbfe'), 'investigation_id': UUID('df84d348-3d8c-4d54-a2fc-bd9d81188b30'), 'collector_name': 'intel', 'status': 'completed', 'version': '1.0.0', 'started_at': None, 'completed_at': None, 'duration_ms': 1936, 'evidence_json': '{"meta": {"collector": "intel", "version": "1.0.0", "status": "completed", "started_at": "2026-02-27T23:38:48.311591Z", "completed_at": "2026-02-27T2 ... (12399 characters truncated) ... , "not_before": "2023-01-27T01:21:18", "not_after": "2033-01-24T01:21:18", "entry_timestamp": null, "name_value": "example.com\\nuser@example.com"}]}', 'error': None, 'raw_artifact_hash': None}
2026-02-28 01:40:35,440 INFO sqlalchemy.engine.Engine SELECT whois_history.id, whois_history.domain, whois_history.whois_json, whois_history.captured_at, whois_history.investigation_id, whois_history.changes_from_previous 
FROM whois_history 
WHERE whois_history.domain = %(domain_1)s ORDER BY whois_history.captured_at DESC 
 LIMIT %(param_1)s
2026-02-28 01:40:35,441 INFO sqlalchemy.engine.Engine [cached since 146.4s ago] {'domain_1': 'example.com', 'param_1': 1}
2026-02-28 01:40:35,442 INFO sqlalchemy.engine.Engine INSERT INTO whois_history (id, domain, whois_json, investigation_id, changes_from_previous) VALUES (%(id)s::UUID, %(domain)s, %(whois_json)s::JSONB, %(investigation_id)s::UUID, %(changes_from_previous)s::JSONB) RETURNING whois_history.captured_at
2026-02-28 01:40:35,443 INFO sqlalchemy.engine.Engine [cached since 146.4s ago] {'id': UUID('52a9c9a5-82e3-43c1-92c0-9dc9650da938'), 'domain': 'example.com', 'whois_json': '{"meta": {"collector": "whois", "version": "1.0.0", "status": "completed", "started_at": "2026-02-27T23:38:48.252315Z", "completed_at": "2026-02-27T2 ... (583 characters truncated) ... ", "clientTransferProhibited https://icann.org/epp#clientTransferProhibited", "clientUpdateProhibited https://icann.org/epp#clientUpdateProhibited"]}', 'investigation_id': UUID('df84d348-3d8c-4d54-a2fc-bd9d81188b30'), 'changes_from_previous': '{}'}
2026-02-28 01:40:35,445 INFO sqlalchemy.engine.Engine COMMIT
2026-02-28 01:40:35,446 INFO sqlalchemy.engine.Engine BEGIN (implicit)
2026-02-28 01:40:35,448 INFO sqlalchemy.engine.Engine SELECT investigations.id AS investigations_id, investigations.domain AS investigations_domain, investigations.observable_type AS investigations_observable_type, investigations.state AS investigations_state, investigations.context AS investigations_context, investigations.client_domain AS investigations_client_domain, investigations.batch_id AS investigations_batch_id, investigations.created_at AS investigations_created_at, investigations.updated_at AS investigations_updated_at, investigations.concluded_at AS investigations_concluded_at, investigations.classification AS investigations_classification, investigations.confidence AS investigations_confidence, investigations.risk_score AS investigations_risk_score, investigations.recommended_action AS investigations_recommended_action, investigations.analyst_iterations AS investigations_analyst_iterations, investigations.max_analyst_iterations AS investigations_max_analyst_iterations 
FROM investigations 
WHERE investigations.id = %(pk_1)s::UUID
2026-02-28 01:40:35,449 INFO sqlalchemy.engine.Engine [cached since 146.4s ago] {'pk_1': UUID('df84d348-3d8c-4d54-a2fc-bd9d81188b30')}
2026-02-28 01:40:35,450 INFO sqlalchemy.engine.Engine ROLLBACK
2026-02-28 01:41:28,716 INFO sqlalchemy.engine.Engine BEGIN (implicit)
2026-02-28 01:41:28,719 INFO sqlalchemy.engine.Engine SELECT investigations.id AS investigations_id, investigations.domain AS investigations_domain, investigations.observable_type AS investigations_observable_type, investigations.state AS investigations_state, investigations.context AS investigations_context, investigations.client_domain AS investigations_client_domain, investigations.batch_id AS investigations_batch_id, investigations.created_at AS investigations_created_at, investigations.updated_at AS investigations_updated_at, investigations.concluded_at AS investigations_concluded_at, investigations.classification AS investigations_classification, investigations.confidence AS investigations_confidence, investigations.risk_score AS investigations_risk_score, investigations.recommended_action AS investigations_recommended_action, investigations.analyst_iterations AS investigations_analyst_iterations, investigations.max_analyst_iterations AS investigations_max_analyst_iterations 
FROM investigations 
WHERE investigations.id = %(pk_1)s::UUID
2026-02-28 01:41:28,721 INFO sqlalchemy.engine.Engine [cached since 299.7s ago] {'pk_1': UUID('f92b5c0a-1f1f-4c80-9498-c41a7a9e3af9')}
2026-02-28 01:41:28,725 INFO sqlalchemy.engine.Engine ROLLBACK
2026-02-28 01:41:28,727 INFO sqlalchemy.engine.Engine BEGIN (implicit)
2026-02-28 01:41:28,729 INFO sqlalchemy.engine.Engine SELECT investigations.id AS investigations_id, investigations.domain AS investigations_domain, investigations.observable_type AS investigations_observable_type, investigations.state AS investigations_state, investigations.context AS investigations_context, investigations.client_domain AS investigations_client_domain, investigations.batch_id AS investigations_batch_id, investigations.created_at AS investigations_created_at, investigations.updated_at AS investigations_updated_at, investigations.concluded_at AS investigations_concluded_at, investigations.classification AS investigations_classification, investigations.confidence AS investigations_confidence, investigations.risk_score AS investigations_risk_score, investigations.recommended_action AS investigations_recommended_action, investigations.analyst_iterations AS investigations_analyst_iterations, investigations.max_analyst_iterations AS investigations_max_analyst_iterations 
FROM investigations 
WHERE investigations.id = %(pk_1)s::UUID
2026-02-28 01:41:28,731 INFO sqlalchemy.engine.Engine [cached since 299.7s ago] {'pk_1': UUID('f92b5c0a-1f1f-4c80-9498-c41a7a9e3af9')}
2026-02-28 01:41:28,735 INFO sqlalchemy.engine.Engine UPDATE investigations SET state=%(state)s, updated_at=%(updated_at)s WHERE investigations.id = %(investigations_id)s::UUID
2026-02-28 01:41:28,737 INFO sqlalchemy.engine.Engine [cached since 299.7s ago] {'state': 'gathering', 'updated_at': datetime.datetime(2026, 2, 27, 23, 41, 28, 735053, tzinfo=datetime.timezone.utc), 'investigations_id': UUID('f92b5c0a-1f1f-4c80-9498-c41a7a9e3af9')}
2026-02-28 01:41:28,741 INFO sqlalchemy.engine.Engine COMMIT
2026-02-28 01:41:50,909 INFO sqlalchemy.engine.Engine BEGIN (implicit)
2026-02-28 01:41:50,911 INFO sqlalchemy.engine.Engine SELECT investigations.id AS investigations_id, investigations.domain AS investigations_domain, investigations.observable_type AS investigations_observable_type, investigations.state AS investigations_state, investigations.context AS investigations_context, investigations.client_domain AS investigations_client_domain, investigations.batch_id AS investigations_batch_id, investigations.created_at AS investigations_created_at, investigations.updated_at AS investigations_updated_at, investigations.concluded_at AS investigations_concluded_at, investigations.classification AS investigations_classification, investigations.confidence AS investigations_confidence, investigations.risk_score AS investigations_risk_score, investigations.recommended_action AS investigations_recommended_action, investigations.analyst_iterations AS investigations_analyst_iterations, investigations.max_analyst_iterations AS investigations_max_analyst_iterations 
FROM investigations 
WHERE investigations.id = %(pk_1)s::UUID
2026-02-28 01:41:50,911 INFO sqlalchemy.engine.Engine [cached since 321.9s ago] {'pk_1': UUID('f92b5c0a-1f1f-4c80-9498-c41a7a9e3af9')}
2026-02-28 01:41:50,914 INFO sqlalchemy.engine.Engine UPDATE investigations SET state=%(state)s, updated_at=%(updated_at)s WHERE investigations.id = %(investigations_id)s::UUID
2026-02-28 01:41:50,914 INFO sqlalchemy.engine.Engine [cached since 321.9s ago] {'state': 'evaluating', 'updated_at': datetime.datetime(2026, 2, 27, 23, 41, 50, 913551, tzinfo=datetime.timezone.utc), 'investigations_id': UUID('f92b5c0a-1f1f-4c80-9498-c41a7a9e3af9')}
2026-02-28 01:41:50,916 INFO sqlalchemy.engine.Engine COMMIT
2026-02-28 01:41:58,504 INFO sqlalchemy.engine.Engine BEGIN (implicit)
2026-02-28 01:41:58,508 INFO sqlalchemy.engine.Engine INSERT INTO artifacts (id, investigation_id, collector_name, artifact_name, sha256_hash, content_type, size_bytes, storage_path) VALUES (%(id)s::UUID, %(investigation_id)s::UUID, %(collector_name)s, %(artifact_name)s, %(sha256_hash)s, %(content_type)s, %(size_bytes)s, %(storage_path)s) RETURNING artifacts.created_at
2026-02-28 01:41:58,508 INFO sqlalchemy.engine.Engine [cached since 290s ago] {'id': UUID('906c545e-d8e3-4ac9-8f97-a519bb52ec71'), 'investigation_id': UUID('f92b5c0a-1f1f-4c80-9498-c41a7a9e3af9'), 'collector_name': 'screenshot', 'artifact_name': 'screenshot_domain.png', 'sha256_hash': '17925575629b07d74ee92f82211c18950af33eae49d5368250569503a8c3fb23', 'content_type': 'image/png', 'size_bytes': 357858, 'storage_path': 'artifacts\\f92b5c0a-1f1f-4c80-9498-c41a7a9e3af9\\screenshot_domain.png'}
2026-02-28 01:41:58,510 INFO sqlalchemy.engine.Engine COMMIT
2026-02-28 01:42:00,382 INFO sqlalchemy.engine.Engine BEGIN (implicit)
2026-02-28 01:42:00,384 INFO sqlalchemy.engine.Engine INSERT INTO artifacts (id, investigation_id, collector_name, artifact_name, sha256_hash, content_type, size_bytes, storage_path) VALUES (%(id)s::UUID, %(investigation_id)s::UUID, %(collector_name)s, %(artifact_name)s, %(sha256_hash)s, %(content_type)s, %(size_bytes)s, %(storage_path)s) RETURNING artifacts.created_at
2026-02-28 01:42:00,385 INFO sqlalchemy.engine.Engine [cached since 291.9s ago] {'id': UUID('d774b206-1c63-4d61-9967-6e4d8de03861'), 'investigation_id': UUID('f92b5c0a-1f1f-4c80-9498-c41a7a9e3af9'), 'collector_name': 'js_analysis', 'artifact_name': 'network_capture.har', 'sha256_hash': '0497b1404e648109dc1a0c1e21b5a607c36450b5500ac739ce9689190eec566e', 'content_type': 'application/json', 'size_bytes': 8205, 'storage_path': 'artifacts\\f92b5c0a-1f1f-4c80-9498-c41a7a9e3af9\\network_capture.har'}
2026-02-28 01:42:00,387 INFO sqlalchemy.engine.Engine COMMIT
2026-02-28 01:42:01,269 INFO sqlalchemy.engine.Engine BEGIN (implicit)
2026-02-28 01:42:01,271 INFO sqlalchemy.engine.Engine 
                    SELECT DISTINCT i.domain
                    FROM investigations i
                    JOIN evidence e ON e.investigation_id = i.id
                    WHERE i.id != %(exc_id)s
                      AND i.state = 'concluded'
                      AND (e.evidence_json->'whois'->>'registrar' = %(registrar)s)
                    LIMIT 20
                
2026-02-28 01:42:01,272 INFO sqlalchemy.engine.Engine [cached since 181.8s ago] {'exc_id': 'f92b5c0a-1f1f-4c80-9498-c41a7a9e3af9', 'registrar': 'ICI - Registrar'}
2026-02-28 01:42:01,277 INFO sqlalchemy.engine.Engine ROLLBACK
