[config] Loaded .env from: C:\Users\tmoscaliuc\Downloads\script\threat-investigator\threat-intel\backend\.env
[config] Settings loaded — VT key: SET
 
 -------------- celery-local-8000-20260228-023727@EXP-JFW2P34 v5.6.2 (recovery)
--- ***** ----- 
-- ******* ---- Windows-11-10.0.26200-SP0 2026-02-28 02:37:32
- *** --- * --- 
- ** ---------- [config]
- ** ---------- .> app:         threat_intel:0x1fe9f488170
- ** ---------- .> transport:   redis://127.0.0.1:6379/5
- ** ---------- .> results:     redis://127.0.0.1:6379/6
- *** --- * --- .> concurrency: 8 (thread)
-- ******* ---- .> task events: OFF (enable -E to monitor tasks in this worker)
--- ***** ----- 
 -------------- [queues]
                .> investigations   exchange=investigations(direct) key=investigations
                

[tasks]
  . tasks.process_batch
  . tasks.run_analysis
  . tasks.run_collector
  . tasks.run_investigation
  . tasks.watchlist_check

2026-02-28 02:37:44,295 INFO sqlalchemy.engine.Engine select pg_catalog.version()
2026-02-28 02:37:44,297 INFO sqlalchemy.engine.Engine [raw sql] {}
2026-02-28 02:37:44,299 INFO sqlalchemy.engine.Engine select current_schema()
2026-02-28 02:37:44,300 INFO sqlalchemy.engine.Engine [raw sql] {}
2026-02-28 02:37:44,302 INFO sqlalchemy.engine.Engine show standard_conforming_strings
2026-02-28 02:37:44,303 INFO sqlalchemy.engine.Engine [raw sql] {}
2026-02-28 02:37:44,306 INFO sqlalchemy.engine.Engine BEGIN (implicit)
2026-02-28 02:37:44,357 INFO sqlalchemy.engine.Engine SELECT investigations.id AS investigations_id, investigations.domain AS investigations_domain, investigations.observable_type AS investigations_observable_type, investigations.state AS investigations_state, investigations.context AS investigations_context, investigations.client_domain AS investigations_client_domain, investigations.batch_id AS investigations_batch_id, investigations.created_at AS investigations_created_at, investigations.updated_at AS investigations_updated_at, investigations.concluded_at AS investigations_concluded_at, investigations.classification AS investigations_classification, investigations.confidence AS investigations_confidence, investigations.risk_score AS investigations_risk_score, investigations.recommended_action AS investigations_recommended_action, investigations.analyst_iterations AS investigations_analyst_iterations, investigations.max_analyst_iterations AS investigations_max_analyst_iterations 
FROM investigations 
WHERE investigations.id = %(pk_1)s::UUID
2026-02-28 02:37:44,359 INFO sqlalchemy.engine.Engine [generated in 0.00168s] {'pk_1': UUID('2988b64b-4787-404d-b2be-9a7dd0021508')}
2026-02-28 02:37:44,364 INFO sqlalchemy.engine.Engine ROLLBACK
2026-02-28 02:37:44,367 INFO sqlalchemy.engine.Engine BEGIN (implicit)
2026-02-28 02:37:44,368 INFO sqlalchemy.engine.Engine SELECT investigations.id AS investigations_id, investigations.domain AS investigations_domain, investigations.observable_type AS investigations_observable_type, investigations.state AS investigations_state, investigations.context AS investigations_context, investigations.client_domain AS investigations_client_domain, investigations.batch_id AS investigations_batch_id, investigations.created_at AS investigations_created_at, investigations.updated_at AS investigations_updated_at, investigations.concluded_at AS investigations_concluded_at, investigations.classification AS investigations_classification, investigations.confidence AS investigations_confidence, investigations.risk_score AS investigations_risk_score, investigations.recommended_action AS investigations_recommended_action, investigations.analyst_iterations AS investigations_analyst_iterations, investigations.max_analyst_iterations AS investigations_max_analyst_iterations 
FROM investigations 
WHERE investigations.id = %(pk_1)s::UUID
2026-02-28 02:37:44,369 INFO sqlalchemy.engine.Engine [cached since 0.01201s ago] {'pk_1': UUID('2988b64b-4787-404d-b2be-9a7dd0021508')}
2026-02-28 02:37:44,373 INFO sqlalchemy.engine.Engine UPDATE investigations SET state=%(state)s, updated_at=%(updated_at)s WHERE investigations.id = %(investigations_id)s::UUID
2026-02-28 02:37:44,375 INFO sqlalchemy.engine.Engine [generated in 0.00140s] {'state': 'gathering', 'updated_at': datetime.datetime(2026, 2, 28, 0, 37, 44, 371972, tzinfo=datetime.timezone.utc), 'investigations_id': UUID('2988b64b-4787-404d-b2be-9a7dd0021508')}
2026-02-28 02:37:44,378 INFO sqlalchemy.engine.Engine COMMIT
2026-02-28 02:38:16,813 INFO sqlalchemy.engine.Engine BEGIN (implicit)
2026-02-28 02:38:16,814 INFO sqlalchemy.engine.Engine SELECT investigations.id AS investigations_id, investigations.domain AS investigations_domain, investigations.observable_type AS investigations_observable_type, investigations.state AS investigations_state, investigations.context AS investigations_context, investigations.client_domain AS investigations_client_domain, investigations.batch_id AS investigations_batch_id, investigations.created_at AS investigations_created_at, investigations.updated_at AS investigations_updated_at, investigations.concluded_at AS investigations_concluded_at, investigations.classification AS investigations_classification, investigations.confidence AS investigations_confidence, investigations.risk_score AS investigations_risk_score, investigations.recommended_action AS investigations_recommended_action, investigations.analyst_iterations AS investigations_analyst_iterations, investigations.max_analyst_iterations AS investigations_max_analyst_iterations 
FROM investigations 
WHERE investigations.id = %(pk_1)s::UUID
2026-02-28 02:38:16,815 INFO sqlalchemy.engine.Engine [cached since 32.46s ago] {'pk_1': UUID('2988b64b-4787-404d-b2be-9a7dd0021508')}
2026-02-28 02:38:16,817 INFO sqlalchemy.engine.Engine UPDATE investigations SET state=%(state)s, updated_at=%(updated_at)s WHERE investigations.id = %(investigations_id)s::UUID
2026-02-28 02:38:16,818 INFO sqlalchemy.engine.Engine [cached since 32.44s ago] {'state': 'evaluating', 'updated_at': datetime.datetime(2026, 2, 28, 0, 38, 16, 816779, tzinfo=datetime.timezone.utc), 'investigations_id': UUID('2988b64b-4787-404d-b2be-9a7dd0021508')}
2026-02-28 02:38:16,819 INFO sqlalchemy.engine.Engine COMMIT
2026-02-28 02:38:30,947 INFO sqlalchemy.engine.Engine BEGIN (implicit)
2026-02-28 02:38:30,952 INFO sqlalchemy.engine.Engine INSERT INTO artifacts (id, investigation_id, collector_name, artifact_name, sha256_hash, content_type, size_bytes, storage_path) VALUES (%(id)s::UUID, %(investigation_id)s::UUID, %(collector_name)s, %(artifact_name)s, %(sha256_hash)s, %(content_type)s, %(size_bytes)s, %(storage_path)s) RETURNING artifacts.created_at
2026-02-28 02:38:30,954 INFO sqlalchemy.engine.Engine [generated in 0.00204s] {'id': UUID('6f651f75-d57d-4004-bdc6-2c186564ee4b'), 'investigation_id': UUID('2988b64b-4787-404d-b2be-9a7dd0021508'), 'collector_name': 'screenshot', 'artifact_name': 'screenshot_domain.png', 'sha256_hash': '4f2cde1856fae8728eaf8ce8112caa3f12df5f4edf2ecd6ab0352c2d989526f0', 'content_type': 'image/png', 'size_bytes': 394240, 'storage_path': 'artifacts\\2988b64b-4787-404d-b2be-9a7dd0021508\\screenshot_domain.png'}
2026-02-28 02:38:30,961 INFO sqlalchemy.engine.Engine COMMIT
2026-02-28 02:38:52,180 INFO sqlalchemy.engine.Engine BEGIN (implicit)
2026-02-28 02:38:52,185 INFO sqlalchemy.engine.Engine INSERT INTO artifacts (id, investigation_id, collector_name, artifact_name, sha256_hash, content_type, size_bytes, storage_path) VALUES (%(id)s::UUID, %(investigation_id)s::UUID, %(collector_name)s, %(artifact_name)s, %(sha256_hash)s, %(content_type)s, %(size_bytes)s, %(storage_path)s) RETURNING artifacts.created_at
2026-02-28 02:38:52,186 INFO sqlalchemy.engine.Engine [cached since 21.23s ago] {'id': UUID('6c923585-6542-44ff-9ad7-ea9e39626c0a'), 'investigation_id': UUID('2988b64b-4787-404d-b2be-9a7dd0021508'), 'collector_name': 'js_analysis', 'artifact_name': 'network_capture.har', 'sha256_hash': '53994f116efb86fe79a54f9f1c0e81e0c0be33b544663caa4a6d1b6abf66513e', 'content_type': 'application/json', 'size_bytes': 16110, 'storage_path': 'artifacts\\2988b64b-4787-404d-b2be-9a7dd0021508\\network_capture.har'}
2026-02-28 02:38:52,188 INFO sqlalchemy.engine.Engine COMMIT
2026-02-28 02:38:53,015 INFO sqlalchemy.engine.Engine BEGIN (implicit)
2026-02-28 02:38:53,018 INFO sqlalchemy.engine.Engine 
                        SELECT i.domain
                        FROM investigations i
                        JOIN evidence e ON e.investigation_id = i.id
                        WHERE i.id != %(exc_id)s
                          AND i.state = 'concluded'
                          AND e.evidence_json->'dns'->'ns' @> :ns_val::jsonb
                        LIMIT 20
                    
2026-02-28 02:38:53,019 INFO sqlalchemy.engine.Engine [generated in 0.00125s] {'exc_id': '2988b64b-4787-404d-b2be-9a7dd0021508'}
2026-02-28 02:38:53,023 INFO sqlalchemy.engine.Engine 
                        SELECT i.domain
                        FROM investigations i
                        JOIN evidence e ON e.investigation_id = i.id
                        WHERE i.id != %(exc_id)s
                          AND i.state = 'concluded'
                          AND e.evidence_json->'dns'->'ns' @> :ns_val::jsonb
                        LIMIT 20
                    
2026-02-28 02:38:53,024 INFO sqlalchemy.engine.Engine [cached since 0.006118s ago] {'exc_id': '2988b64b-4787-404d-b2be-9a7dd0021508'}
2026-02-28 02:38:53,026 INFO sqlalchemy.engine.Engine ROLLBACK
2026-02-28 02:38:53,027 INFO sqlalchemy.engine.Engine BEGIN (implicit)
2026-02-28 02:38:53,028 INFO sqlalchemy.engine.Engine 
                    SELECT DISTINCT i.domain
                    FROM investigations i
                    JOIN evidence e ON e.investigation_id = i.id
                    WHERE i.id != %(exc_id)s
                      AND i.state = 'concluded'
                      AND (e.evidence_json->'whois'->>'registrar' = %(registrar)s)
                    LIMIT 20
                
2026-02-28 02:38:53,028 INFO sqlalchemy.engine.Engine [generated in 0.00090s] {'exc_id': '2988b64b-4787-404d-b2be-9a7dd0021508', 'registrar': 'GoDaddy.com, LLC'}
2026-02-28 02:38:53,041 INFO sqlalchemy.engine.Engine ROLLBACK
2026-02-28 02:39:40,232 INFO sqlalchemy.engine.Engine BEGIN (implicit)
2026-02-28 02:39:40,233 INFO sqlalchemy.engine.Engine SELECT investigations.id AS investigations_id, investigations.domain AS investigations_domain, investigations.observable_type AS investigations_observable_type, investigations.state AS investigations_state, investigations.context AS investigations_context, investigations.client_domain AS investigations_client_domain, investigations.batch_id AS investigations_batch_id, investigations.created_at AS investigations_created_at, investigations.updated_at AS investigations_updated_at, investigations.concluded_at AS investigations_concluded_at, investigations.classification AS investigations_classification, investigations.confidence AS investigations_confidence, investigations.risk_score AS investigations_risk_score, investigations.recommended_action AS investigations_recommended_action, investigations.analyst_iterations AS investigations_analyst_iterations, investigations.max_analyst_iterations AS investigations_max_analyst_iterations 
FROM investigations 
WHERE investigations.id = %(pk_1)s::UUID
2026-02-28 02:39:40,234 INFO sqlalchemy.engine.Engine [cached since 115.9s ago] {'pk_1': UUID('2988b64b-4787-404d-b2be-9a7dd0021508')}
2026-02-28 02:39:40,236 INFO sqlalchemy.engine.Engine UPDATE investigations SET state=%(state)s, updated_at=now(), concluded_at=%(concluded_at)s, classification=%(classification)s, confidence=%(confidence)s, risk_score=%(risk_score)s, recommended_action=%(recommended_action)s WHERE investigations.id = %(investigations_id)s::UUID
2026-02-28 02:39:40,238 INFO sqlalchemy.engine.Engine [generated in 0.00106s] {'state': 'concluded', 'concluded_at': datetime.datetime(2026, 2, 28, 0, 39, 40, 235960, tzinfo=datetime.timezone.utc), 'classification': 'benign', 'confidence': 'medium', 'risk_score': 15, 'recommended_action': 'monitor', 'investigations_id': UUID('2988b64b-4787-404d-b2be-9a7dd0021508')}
2026-02-28 02:39:40,243 INFO sqlalchemy.engine.Engine INSERT INTO evidence (id, investigation_id, evidence_json, signals, data_gaps, external_context) VALUES (%(id)s::UUID, %(investigation_id)s::UUID, %(evidence_json)s::JSONB, %(signals)s::JSONB, %(data_gaps)s::JSONB, %(external_context)s::JSONB) RETURNING evidence.created_at
2026-02-28 02:39:40,245 INFO sqlalchemy.engine.Engine [generated in 0.00265s] {'id': UUID('f6aea775-54c1-4034-af53-ef48a80e1d85'), 'investigation_id': UUID('2988b64b-4787-404d-b2be-9a7dd0021508'), 'evidence_json': '{"domain": "revantage.eu", "observable_type": "domain", "investigation_id": "2988b64b-4787-404d-b2be-9a7dd0021508", "target_domain": "revantage.eu",  ... (165606 characters truncated) ... 812, "browser_postprocessing": 31172, "infrastructure_correlation": 859, "signals_and_gaps": 0, "report_generation": 47170, "analysis_total": 83405}}', 'signals': '[{"id": "sig_cross_domain_redirect", "category": "behavior", "description": "Redirects from revantage.eu to www.revantage.com", "severity": "medium", ... (2267 characters truncated) ... buseIPDB: IP has 29% abuse confidence score (29 reports)", "severity": "medium", "evidence_refs": ["threat_feeds.abuseipdb.abuse_confidence_score"]}]', 'data_gaps': '[{"id": "gap_whois_age", "description": "Domain creation date unavailable despite successful WHOIS query", "collector": "whois", "reason": "WHOIS data redacted or registrar does not expose dates", "impact": "Cannot assess infrastructure age \\u2014 a key plausibility indicator"}]', 'external_context': 'null'}
2026-02-28 02:39:40,257 INFO sqlalchemy.engine.Engine INSERT INTO reports (id, investigation_id, iteration, report_json, executive_summary, technical_narrative, recommendations) VALUES (%(id)s::UUID, %(investigation_id)s::UUID, %(iteration)s, %(report_json)s::JSONB, %(executive_summary)s, %(technical_narrative)s, %(recommendations)s) RETURNING reports.created_at
2026-02-28 02:39:40,258 INFO sqlalchemy.engine.Engine [generated in 0.00100s] {'id': UUID('0b6961e4-37ab-4157-9327-56a0a2cac3d5'), 'investigation_id': UUID('2988b64b-4787-404d-b2be-9a7dd0021508'), 'iteration': 0, 'report_json': '{"classification": "benign", "confidence": "medium", "investigation_state": "concluded", "primary_reasoning": "Analyst timeout after 45s. Fallback au ... (1782 characters truncated) ... ring for 7-14 days. 2. Track certificate and DNS changes for sudden infrastructure shifts. 3. Alert only if verified malicious feed matches appear."}', 'executive_summary': 'Observable: revantage.eu (domain) Classification: BENIGN (medium confidence), risk 15/100. Registrar: GoDaddy.com, LLC. Final URL observed: https://www.revantage.com. Key evidence: VirusTotal: 0 malicious, 0 suspicious of 93', 'technical_narrative': 'Network and web telemetry show reachable=True, redirects=1, and JS activity 68 requests (67 external). Email posture is spoofability=none. Threat fee ... (2 characters truncated) ... : PhishTank=False (verified=False), OpenPhish=False, ThreatFox matches=0. Pipeline timings (ms): report_generation=None, browser_postprocessing=None.', 'recommendations': '1. Keep the observable in passive monitoring for 7-14 days. 2. Track certificate and DNS changes for sudden infrastructure shifts. 3. Alert only if verified malicious feed matches appear.'}
2026-02-28 02:39:40,264 INFO sqlalchemy.engine.Engine INSERT INTO collector_results (id, investigation_id, collector_name, status, version, started_at, completed_at, duration_ms, evidence_json, error, raw_artifact_hash) VALUES (%(id)s::UUID, %(investigation_id)s::UUID, %(collector_name)s, %(status)s, %(version)s, %(started_at)s, %(completed_at)s, %(duration_ms)s, %(evidence_json)s::JSONB, %(error)s, %(raw_artifact_hash)s)
2026-02-28 02:39:40,265 INFO sqlalchemy.engine.Engine [generated in 0.00121s] {'id': UUID('b22f64fd-01f6-4075-a0f2-81bb8ddc16f5'), 'investigation_id': UUID('2988b64b-4787-404d-b2be-9a7dd0021508'), 'collector_name': 'tls', 'status': 'completed', 'version': '1.0.0', 'started_at': None, 'completed_at': None, 'duration_ms': 500, 'evidence_json': '{"meta": {"collector": "tls", "version": "1.0.0", "status": "completed", "started_at": "2026-02-28T00:37:44.407084Z", "completed_at": "2026-02-28T00: ... (614 characters truncated) ... , "is_self_signed": false, "chain_length": 1, "chain_issuers": [], "cert_sha256": "d07da6a44a032f55a3bbef56ca3dc4eb1f57b18f6042933e89f01146046fbefd"}', 'error': None, 'raw_artifact_hash': None}
2026-02-28 02:39:40,269 INFO sqlalchemy.engine.Engine INSERT INTO collector_results (id, investigation_id, collector_name, status, version, started_at, completed_at, duration_ms, evidence_json, error, raw_artifact_hash) VALUES (%(id)s::UUID, %(investigation_id)s::UUID, %(collector_name)s, %(status)s, %(version)s, %(started_at)s, %(completed_at)s, %(duration_ms)s, %(evidence_json)s::JSONB, %(error)s, %(raw_artifact_hash)s)
2026-02-28 02:39:40,270 INFO sqlalchemy.engine.Engine [cached since 0.00531s ago] {'id': UUID('42acb5f2-ba4a-4c53-99f2-3cd98976cdfb'), 'investigation_id': UUID('2988b64b-4787-404d-b2be-9a7dd0021508'), 'collector_name': 'asn', 'status': 'completed', 'version': '1.0.0', 'started_at': None, 'completed_at': None, 'duration_ms': 500, 'evidence_json': '{"meta": {"collector": "asn", "version": "1.0.0", "status": "completed", "started_at": "2026-02-28T00:37:44.439093Z", "completed_at": "2026-02-28T00: ... (300 characters truncated) ... ", "is_cdn": false, "is_cloud": true, "is_hosting": true, "reverse_dns": "aec037177372cc6cd.awsglobalaccelerator.com", "related_domains_same_ip": []}', 'error': None, 'raw_artifact_hash': None}
2026-02-28 02:39:40,271 INFO sqlalchemy.engine.Engine INSERT INTO collector_results (id, investigation_id, collector_name, status, version, started_at, completed_at, duration_ms, evidence_json, error, raw_artifact_hash) VALUES (%(id)s::UUID, %(investigation_id)s::UUID, %(collector_name)s, %(status)s, %(version)s, %(started_at)s, %(completed_at)s, %(duration_ms)s, %(evidence_json)s::JSONB, %(error)s, %(raw_artifact_hash)s)
2026-02-28 02:39:40,272 INFO sqlalchemy.engine.Engine [cached since 0.008161s ago] {'id': UUID('bc53dcea-e8b4-41f1-bffd-8828c926780e'), 'investigation_id': UUID('2988b64b-4787-404d-b2be-9a7dd0021508'), 'collector_name': 'dns', 'status': 'completed', 'version': '1.0.0', 'started_at': None, 'completed_at': None, 'duration_ms': 547, 'evidence_json': '{"meta": {"collector": "dns", "version": "1.0.0", "status": "completed", "started_at": "2026-02-28T00:37:44.398236Z", "completed_at": "2026-02-28T00: ... (4391 characters truncated) ... =reject; rua=mailto:dmarc_agg@vali.email;", "spf": "v=spf1 include:spf.protection.outlook.com include:spf.eu.exclaimer.net -all", "has_dnssec": null}', 'error': None, 'raw_artifact_hash': None}
2026-02-28 02:39:40,276 INFO sqlalchemy.engine.Engine INSERT INTO collector_results (id, investigation_id, collector_name, status, version, started_at, completed_at, duration_ms, evidence_json, error, raw_artifact_hash) VALUES (%(id)s::UUID, %(investigation_id)s::UUID, %(collector_name)s, %(status)s, %(version)s, %(started_at)s, %(completed_at)s, %(duration_ms)s, %(evidence_json)s::JSONB, %(error)s, %(raw_artifact_hash)s)
2026-02-28 02:39:40,276 INFO sqlalchemy.engine.Engine [cached since 0.01198s ago] {'id': UUID('22225b2c-3f13-48e5-b440-804c78df6a02'), 'investigation_id': UUID('2988b64b-4787-404d-b2be-9a7dd0021508'), 'collector_name': 'whois', 'status': 'completed', 'version': '1.0.0', 'started_at': None, 'completed_at': None, 'duration_ms': 1000, 'evidence_json': '{"meta": {"collector": "whois", "version": "1.0.0", "status": "completed", "started_at": "2026-02-28T00:37:44.409596Z", "completed_at": "2026-02-28T0 ... (336 characters truncated) ... ry": null, "name_servers": ["ns74.domaincontrol.com\\n        ns73.domaincontrol.com\\n\\nplease visit www.eurid.eu for more info."], "statuses": []}', 'error': None, 'raw_artifact_hash': None}
2026-02-28 02:39:40,278 INFO sqlalchemy.engine.Engine INSERT INTO collector_results (id, investigation_id, collector_name, status, version, started_at, completed_at, duration_ms, evidence_json, error, raw_artifact_hash) VALUES (%(id)s::UUID, %(investigation_id)s::UUID, %(collector_name)s, %(status)s, %(version)s, %(started_at)s, %(completed_at)s, %(duration_ms)s, %(evidence_json)s::JSONB, %(error)s, %(raw_artifact_hash)s)
2026-02-28 02:39:40,278 INFO sqlalchemy.engine.Engine [cached since 0.01457s ago] {'id': UUID('497db007-914b-447a-99a3-2440142f436a'), 'investigation_id': UUID('2988b64b-4787-404d-b2be-9a7dd0021508'), 'collector_name': 'vt', 'status': 'completed', 'version': '1.0.0', 'started_at': None, 'completed_at': None, 'duration_ms': 1967, 'evidence_json': '{"meta": {"collector": "vt", "version": "1.0.0", "status": "completed", "started_at": "2026-02-28T00:37:44.515085Z", "completed_at": "2026-02-28T00:3 ... (11749 characters truncated) ... rt_issuer": "GoDaddy.com, Inc.", "vt_cert_subject": "revantage.eu", "vt_registrar": "", "tags": [], "notes": [], "file_name": null, "file_names": []}', 'error': None, 'raw_artifact_hash': None}
2026-02-28 02:39:40,281 INFO sqlalchemy.engine.Engine INSERT INTO collector_results (id, investigation_id, collector_name, status, version, started_at, completed_at, duration_ms, evidence_json, error, raw_artifact_hash) VALUES (%(id)s::UUID, %(investigation_id)s::UUID, %(collector_name)s, %(status)s, %(version)s, %(started_at)s, %(completed_at)s, %(duration_ms)s, %(evidence_json)s::JSONB, %(error)s, %(raw_artifact_hash)s)
2026-02-28 02:39:40,281 INFO sqlalchemy.engine.Engine [cached since 0.01758s ago] {'id': UUID('7448882b-dbd2-4525-b0b4-c1d525bf43f3'), 'investigation_id': UUID('2988b64b-4787-404d-b2be-9a7dd0021508'), 'collector_name': 'threat_feeds', 'status': 'completed', 'version': '1.0.0', 'started_at': None, 'completed_at': None, 'duration_ms': 2593, 'evidence_json': '{"meta": {"collector": "threat_feeds", "version": "1.0.0", "status": "completed", "started_at": "2026-02-28T00:37:44.524402Z", "completed_at": "2026- ... (586 characters truncated) ... matches": [], "openphish_listed": false, "feeds_checked": ["abuseipdb", "phishtank", "openphish"], "feeds_skipped": ["threatfox (error: HTTPError)"]}', 'error': None, 'raw_artifact_hash': None}
2026-02-28 02:39:40,283 INFO sqlalchemy.engine.Engine INSERT INTO collector_results (id, investigation_id, collector_name, status, version, started_at, completed_at, duration_ms, evidence_json, error, raw_artifact_hash) VALUES (%(id)s::UUID, %(investigation_id)s::UUID, %(collector_name)s, %(status)s, %(version)s, %(started_at)s, %(completed_at)s, %(duration_ms)s, %(evidence_json)s::JSONB, %(error)s, %(raw_artifact_hash)s)
2026-02-28 02:39:40,284 INFO sqlalchemy.engine.Engine [cached since 0.02036s ago] {'id': UUID('8f045c5c-6fd0-4d81-9c80-48aa275460ac'), 'investigation_id': UUID('2988b64b-4787-404d-b2be-9a7dd0021508'), 'collector_name': 'http', 'status': 'completed', 'version': '1.0.0', 'started_at': None, 'completed_at': None, 'duration_ms': 3063, 'evidence_json': '{"meta": {"collector": "http", "version": "1.0.0", "status": "completed", "started_at": "2026-02-28T00:37:44.404232Z", "completed_at": "2026-02-28T00 ... (1821 characters truncated) ... hing_indicators": [], "external_resources": ["cdnjs.cloudflare.com", "gmpg.org", "maps.google.com", "www.googletagmanager.com", "www.revantage.com"]}', 'error': None, 'raw_artifact_hash': None}
2026-02-28 02:39:40,287 INFO sqlalchemy.engine.Engine INSERT INTO collector_results (id, investigation_id, collector_name, status, version, started_at, completed_at, duration_ms, evidence_json, error, raw_artifact_hash) VALUES (%(id)s::UUID, %(investigation_id)s::UUID, %(collector_name)s, %(status)s, %(version)s, %(started_at)s, %(completed_at)s, %(duration_ms)s, %(evidence_json)s::JSONB, %(error)s, %(raw_artifact_hash)s)
2026-02-28 02:39:40,287 INFO sqlalchemy.engine.Engine [cached since 0.02365s ago] {'id': UUID('3cf81794-ad97-48c2-a740-d9e0a865c9e8'), 'investigation_id': UUID('2988b64b-4787-404d-b2be-9a7dd0021508'), 'collector_name': 'intel', 'status': 'completed', 'version': '1.0.0', 'started_at': None, 'completed_at': None, 'duration_ms': 4844, 'evidence_json': '{"meta": {"collector": "intel", "version": "1.0.0", "status": "completed", "started_at": "2026-02-28T00:37:44.496770Z", "completed_at": "2026-02-28T0 ... (69278 characters truncated) ... 9-09-26T00:00:00", "not_after": "2020-09-25T12:00:00", "entry_timestamp": "2019-09-26T10:36:32.693", "name_value": "*.revantage.eu\\nrevantage.eu"}]}', 'error': None, 'raw_artifact_hash': None}
2026-02-28 02:39:40,298 INFO sqlalchemy.engine.Engine INSERT INTO collector_results (id, investigation_id, collector_name, status, version, started_at, completed_at, duration_ms, evidence_json, error, raw_artifact_hash) VALUES (%(id)s::UUID, %(investigation_id)s::UUID, %(collector_name)s, %(status)s, %(version)s, %(started_at)s, %(completed_at)s, %(duration_ms)s, %(evidence_json)s::JSONB, %(error)s, %(raw_artifact_hash)s)
2026-02-28 02:39:40,299 INFO sqlalchemy.engine.Engine [cached since 0.03481s ago] {'id': UUID('5c40c47d-1009-4b01-ad6b-2682d17138f8'), 'investigation_id': UUID('2988b64b-4787-404d-b2be-9a7dd0021508'), 'collector_name': 'urlscan', 'status': 'completed', 'version': '1.0.0', 'started_at': None, 'completed_at': None, 'duration_ms': 32266, 'evidence_json': '{"meta": {"collector": "urlscan", "version": "1.0.0", "status": "completed", "started_at": "2026-02-28T00:37:44.532132Z", "completed_at": "2026-02-28 ... (1020 characters truncated) ... ries": [], "brands": [], "votesTotal": 0, "votesMalicious": 0, "votesBenign": 0, "malicious": false, "hasVerdicts": false}}, "tags": [], "notes": []}', 'error': None, 'raw_artifact_hash': None}
2026-02-28 02:39:40,302 INFO sqlalchemy.engine.Engine INSERT INTO iocs (id, investigation_id, type, value, context, confidence) VALUES (%(id)s::UUID, %(investigation_id)s::UUID, %(type)s, %(value)s, %(context)s, %(confidence)s) RETURNING iocs.created_at
2026-02-28 02:39:40,303 INFO sqlalchemy.engine.Engine [generated in 0.00088s] {'id': UUID('eb2e8419-7ab3-4aa9-ba40-9aad3072330e'), 'investigation_id': UUID('2988b64b-4787-404d-b2be-9a7dd0021508'), 'type': 'ip', 'value': '3.33.251.168', 'context': 'AbuseIPDB lookup target', 'confidence': 'medium'}
2026-02-28 02:39:40,307 INFO sqlalchemy.engine.Engine SELECT whois_history.id, whois_history.domain, whois_history.whois_json, whois_history.captured_at, whois_history.investigation_id, whois_history.changes_from_previous 
FROM whois_history 
WHERE whois_history.domain = %(domain_1)s ORDER BY whois_history.captured_at DESC 
 LIMIT %(param_1)s
2026-02-28 02:39:40,308 INFO sqlalchemy.engine.Engine [generated in 0.00104s] {'domain_1': 'revantage.eu', 'param_1': 1}
2026-02-28 02:39:40,311 INFO sqlalchemy.engine.Engine INSERT INTO whois_history (id, domain, whois_json, investigation_id, changes_from_previous) VALUES (%(id)s::UUID, %(domain)s, %(whois_json)s::JSONB, %(investigation_id)s::UUID, %(changes_from_previous)s::JSONB) RETURNING whois_history.captured_at
2026-02-28 02:39:40,312 INFO sqlalchemy.engine.Engine [generated in 0.00105s] {'id': UUID('73310918-933d-4a06-bd48-3849f5fe87c1'), 'domain': 'revantage.eu', 'whois_json': '{"meta": {"collector": "whois", "version": "1.0.0", "status": "completed", "started_at": "2026-02-28T00:37:44.409596Z", "completed_at": "2026-02-28T0 ... (336 characters truncated) ... ry": null, "name_servers": ["ns74.domaincontrol.com\\n        ns73.domaincontrol.com\\n\\nplease visit www.eurid.eu for more info."], "statuses": []}', 'investigation_id': UUID('2988b64b-4787-404d-b2be-9a7dd0021508'), 'changes_from_previous': '{}'}
2026-02-28 02:39:40,315 INFO sqlalchemy.engine.Engine COMMIT
2026-02-28 02:39:40,318 INFO sqlalchemy.engine.Engine BEGIN (implicit)
2026-02-28 02:39:40,320 INFO sqlalchemy.engine.Engine SELECT investigations.id AS investigations_id, investigations.domain AS investigations_domain, investigations.observable_type AS investigations_observable_type, investigations.state AS investigations_state, investigations.context AS investigations_context, investigations.client_domain AS investigations_client_domain, investigations.batch_id AS investigations_batch_id, investigations.created_at AS investigations_created_at, investigations.updated_at AS investigations_updated_at, investigations.concluded_at AS investigations_concluded_at, investigations.classification AS investigations_classification, investigations.confidence AS investigations_confidence, investigations.risk_score AS investigations_risk_score, investigations.recommended_action AS investigations_recommended_action, investigations.analyst_iterations AS investigations_analyst_iterations, investigations.max_analyst_iterations AS investigations_max_analyst_iterations 
FROM investigations 
WHERE investigations.id = %(pk_1)s::UUID
2026-02-28 02:39:40,321 INFO sqlalchemy.engine.Engine [generated in 0.00106s] {'pk_1': UUID('2988b64b-4787-404d-b2be-9a7dd0021508')}
2026-02-28 02:39:40,323 INFO sqlalchemy.engine.Engine ROLLBACK
